I0215 12:24:37.284666 4626871744 main.py:527] Saved model parameters:
I0215 12:24:37.284811 4626871744 main.py:529] 0: model_type=lr
I0215 12:24:37.284872 4626871744 main.py:529] 1: input_size=256
I0215 12:24:37.284923 4626871744 main.py:529] 2: rnn_hidden_size=256
I0215 12:24:37.284973 4626871744 main.py:529] 3: use_attention=False
I0215 12:24:37.285020 4626871744 main.py:529] 4: rnn_type=lstm
I0215 12:24:37.285068 4626871744 main.py:529] 5: rnn_layers=1
I0215 12:24:37.285114 4626871744 main.py:529] 6: rnn_dropout=0.0
I0215 12:24:37.285159 4626871744 main.py:529] 7: rnn_bidirectional=False
I0215 12:24:37.285206 4626871744 main.py:529] 8: standardize=True
I0215 12:24:37.285251 4626871744 main.py:529] 9: block_size=6
I0215 12:24:37.285296 4626871744 main.py:529] 10: history_window=28
I0215 12:24:37.285341 4626871744 main.py:529] 11: prediction_window=2
I0215 12:24:37.285387 4626871744 main.py:529] 12: target_label=death
I0215 12:24:37.285432 4626871744 main.py:529] 13: data_dir=./data
I0215 12:24:37.285476 4626871744 main.py:529] 14: lr_pooling=mean
I0215 12:24:37.285520 4626871744 main.py:529] 15: save_per_epochs=10
I0215 12:24:37.285573 4626871744 main.py:545] Mode: Train/Eval pipeline
I0215 12:24:37.285701 4626871744 main.py:313] 0: code/main.py
I0215 12:24:37.285755 4626871744 main.py:313] 1: --phase=pipeline
I0215 12:24:37.285804 4626871744 main.py:313] 2: --model_type=lr
I0215 12:24:37.285850 4626871744 main.py:313] 3: --rnn_type=lstm
I0215 12:24:37.285895 4626871744 main.py:313] 4: --nornn_bidirectional
I0215 12:24:37.285942 4626871744 main.py:313] 5: --nouse_attention
I0215 12:24:37.285988 4626871744 main.py:313] 6: --batch_size=128
I0215 12:24:37.286032 4626871744 main.py:313] 7: --input_size=256
I0215 12:24:37.286078 4626871744 main.py:313] 8: --rnn_hidden_size=256
I0215 12:24:37.286124 4626871744 main.py:313] 9: --num_epochs=10
I0215 12:24:37.286170 4626871744 main.py:313] 10: --learning_rate=1e-2
I0215 12:24:37.286214 4626871744 main.py:313] 11: --train_data_split=train
I0215 12:24:37.286259 4626871744 main.py:313] 12: --eval_data_split=val
I0215 12:24:37.286303 4626871744 main.py:313] 13: --data_dir=./data
I0215 12:24:37.286349 4626871744 main.py:313] 14: --target_label=death
I0215 12:24:37.286394 4626871744 main.py:313] 15: --block_size=6
I0215 12:24:37.286438 4626871744 main.py:313] 16: --history_window=28
I0215 12:24:37.286484 4626871744 main.py:313] 17: --prediction_window=2
I0215 12:24:37.286535 4626871744 main.py:313] 18: --train_dataset_size=0
I0215 12:24:37.286581 4626871744 main.py:313] 19: --eval_dataset_size=0
I0215 12:24:37.286627 4626871744 main.py:313] 20: --rnn_layers=1
I0215 12:24:37.286671 4626871744 main.py:313] 21: --rnn_dropout=0
I0215 12:24:37.286719 4626871744 main.py:313] 22: --standardize
I0215 12:24:37.286765 4626871744 main.py:313] 23: --checkpoint_dir=./experiments
I0215 12:24:37.286810 4626871744 main.py:313] 24: --experiment_name=debug
I0215 12:24:41.296132 4626871744 dataset.py:116] Number of admissions: 13344
I0215 12:24:41.296297 4626871744 dataset.py:117] Preprocess dataset with block size of 6
I0215 12:25:36.561717 4626871744 dataset.py:123] Preprocess completed.
I0215 12:25:36.561923 4626871744 dataset.py:128] Resample dataset...
I0215 12:25:36.561995 4626871744 dataset.py:175] Number of instances in labels: 13344
I0215 12:25:36.765789 4626871744 dataset.py:208] Dataset use default size: 2322
I0215 12:25:36.765946 4626871744 dataset.py:209]   Use all 1161 positive samples
I0215 12:25:36.766047 4626871744 dataset.py:211]   Randomly choose 1161 negative samples from 239381 candidates
I0215 12:25:36.774771 4626871744 dataset.py:130] Resample dataset completed!
I0215 12:25:50.355117 4626871744 dataset.py:139] Feature shape for PCA: (13344, 4010)
I0215 12:25:56.206471 4626871744 dataset.py:116] Number of admissions: 4329
I0215 12:25:56.206604 4626871744 dataset.py:117] Preprocess dataset with block size of 6
I0215 12:26:15.275878 4626871744 dataset.py:123] Preprocess completed.
I0215 12:26:15.276026 4626871744 dataset.py:128] Resample dataset...
I0215 12:26:15.276101 4626871744 dataset.py:175] Number of instances in labels: 4329
I0215 12:26:15.338134 4626871744 dataset.py:208] Dataset use default size: 800
I0215 12:26:15.338286 4626871744 dataset.py:209]   Use all 400 positive samples
I0215 12:26:15.338374 4626871744 dataset.py:211]   Randomly choose 400 negative samples from 76705 candidates
I0215 12:26:15.341852 4626871744 dataset.py:130] Resample dataset completed!
I0215 12:26:17.372932 4626871744 dataset.py:139] Feature shape for PCA: (4329, 4010)
I0215 12:26:17.471247 4626871744 dataset.py:128] Resample dataset...
I0215 12:26:17.471391 4626871744 dataset.py:175] Number of instances in labels: 4329
I0215 12:26:17.526981 4626871744 dataset.py:130] Resample dataset completed!
I0215 12:26:17.540286 4626871744 main.py:374] Training dataset size: 2322
I0215 12:26:17.540420 4626871744 main.py:375] Batches in each epoch: 19
I0215 12:26:17.540506 4626871744 main.py:376] Evaluation on `val`
I0215 12:26:17.540604 4626871744 main.py:377] Evaluation dataset size: 800
I0215 12:26:17.540663 4626871744 main.py:378] Batches in each epoch: 7
I0215 12:26:17.540808 4626871744 main.py:384] Model parameters:
I0215 12:26:17.540866 4626871744 main.py:386] lr_linear.weight: torch.Size([1, 256])
I0215 12:26:17.540927 4626871744 main.py:386] lr_linear.bias: torch.Size([1])
I0215 12:26:17.794958 4626871744 _import_c_extension.py:20] Failed to import cuda module: No module named 'caffe2.python.caffe2_pybind11_state_gpu'
I0215 12:26:17.795169 4626871744 _import_c_extension.py:29] Failed to import AMD hip module: No module named 'caffe2.python.caffe2_pybind11_state_hip'
W0215 12:26:17.795257 4626871744 _import_c_extension.py:32] This caffe2 python run does not have GPU support. Will run in CPU only mode.
I0215 12:26:17.832304 4626871744 main.py:398] Start training.
I0215 12:26:17.832554 4626871744 dataset.py:128] Resample dataset...
I0215 12:26:17.832653 4626871744 dataset.py:175] Number of instances in labels: 13344
I0215 12:26:18.075832 4626871744 dataset.py:130] Resample dataset completed!
I0215 12:26:21.615287 4626871744 main.py:429] Epoch [1/10], Step [10/19], Loss: 0.709847, Speed: 2.7650 ms
I0215 12:26:24.604262 4626871744 utilities.py:21] ==================================================
I0215 12:26:24.619342 4626871744 utilities.py:50] Total: 2322
I0215 12:26:24.619460 4626871744 utilities.py:51] Correct: 1175
I0215 12:26:24.619606 4626871744 utilities.py:52] Accuracy: 0.5060
I0215 12:26:24.619696 4626871744 utilities.py:53] F1 Score: 0.1408
I0215 12:26:24.619755 4626871744 utilities.py:54] ROC AUC Score: 0.5252
I0215 12:26:24.619812 4626871744 utilities.py:55] Average Precision: 0.5198
I0215 12:26:24.622819 4626871744 utilities.py:63] Classification Report:
              precision    recall  f1-score   support

    negative     0.5033    0.9311    0.6534      1161
    positive     0.5402    0.0810    0.1408      1161

   micro avg     0.5060    0.5060    0.5060      2322
   macro avg     0.5217    0.5060    0.3971      2322
weighted avg     0.5217    0.5060    0.3971      2322

I0215 12:26:24.622900 4626871744 utilities.py:64] ==================================================
I0215 12:26:24.623001 4626871744 main.py:444] Start inference.
I0215 12:26:25.377758 4626871744 utilities.py:21] ==================================================
I0215 12:26:25.388572 4626871744 utilities.py:50] Total: 800
I0215 12:26:25.388681 4626871744 utilities.py:51] Correct: 393
I0215 12:26:25.388752 4626871744 utilities.py:52] Accuracy: 0.4913
I0215 12:26:25.388815 4626871744 utilities.py:53] F1 Score: 0.6068
I0215 12:26:25.388871 4626871744 utilities.py:54] ROC AUC Score: 0.5906
I0215 12:26:25.388927 4626871744 utilities.py:55] Average Precision: 0.6534
I0215 12:26:25.391793 4626871744 utilities.py:63] Classification Report:
              precision    recall  f1-score   support

    negative     0.4788    0.1975    0.2796       400
    positive     0.4945    0.7850    0.6068       400

   micro avg     0.4913    0.4913    0.4913       800
   macro avg     0.4866    0.4913    0.4432       800
weighted avg     0.4866    0.4913    0.4432       800

I0215 12:26:25.391888 4626871744 utilities.py:64] ==================================================
I0215 12:26:25.391962 4626871744 main.py:398] Start training.
I0215 12:26:25.392044 4626871744 dataset.py:128] Resample dataset...
I0215 12:26:25.392101 4626871744 dataset.py:175] Number of instances in labels: 13344
I0215 12:26:25.593415 4626871744 dataset.py:130] Resample dataset completed!
I0215 12:26:28.738558 4626871744 main.py:429] Epoch [2/10], Step [10/19], Loss: 0.701549, Speed: 2.4570 ms
I0215 12:26:31.500771 4626871744 utilities.py:21] ==================================================
I0215 12:26:31.515403 4626871744 utilities.py:50] Total: 2322
I0215 12:26:31.515507 4626871744 utilities.py:51] Correct: 1189
I0215 12:26:31.515573 4626871744 utilities.py:52] Accuracy: 0.5121
I0215 12:26:31.515630 4626871744 utilities.py:53] F1 Score: 0.1197
I0215 12:26:31.515687 4626871744 utilities.py:54] ROC AUC Score: 0.5893
I0215 12:26:31.515738 4626871744 utilities.py:55] Average Precision: 0.5923
I0215 12:26:31.518594 4626871744 utilities.py:63] Classification Report:
              precision    recall  f1-score   support

    negative     0.5064    0.9578    0.6625      1161
    positive     0.6111    0.0663    0.1197      1161

   micro avg     0.5121    0.5121    0.5121      2322
   macro avg     0.5587    0.5121    0.3911      2322
weighted avg     0.5587    0.5121    0.3911      2322

I0215 12:26:31.518670 4626871744 utilities.py:64] ==================================================
I0215 12:26:31.518754 4626871744 main.py:444] Start inference.
I0215 12:26:32.258844 4626871744 utilities.py:21] ==================================================
I0215 12:26:32.267334 4626871744 utilities.py:50] Total: 800
I0215 12:26:32.267438 4626871744 utilities.py:51] Correct: 400
I0215 12:26:32.267503 4626871744 utilities.py:52] Accuracy: 0.5000
I0215 12:26:32.267560 4626871744 utilities.py:53] F1 Score: 0.0050
I0215 12:26:32.267613 4626871744 utilities.py:54] ROC AUC Score: 0.6243
I0215 12:26:32.267665 4626871744 utilities.py:55] Average Precision: 0.6826
I0215 12:26:32.269667 4626871744 utilities.py:63] Classification Report:
              precision    recall  f1-score   support

    negative     0.5000    0.9975    0.6661       400
    positive     0.5000    0.0025    0.0050       400

   micro avg     0.5000    0.5000    0.5000       800
   macro avg     0.5000    0.5000    0.3355       800
weighted avg     0.5000    0.5000    0.3355       800

I0215 12:26:32.269741 4626871744 utilities.py:64] ==================================================
I0215 12:26:32.269809 4626871744 main.py:398] Start training.
I0215 12:26:32.269887 4626871744 dataset.py:128] Resample dataset...
I0215 12:26:32.269946 4626871744 dataset.py:175] Number of instances in labels: 13344
I0215 12:26:32.453123 4626871744 dataset.py:130] Resample dataset completed!
I0215 12:26:35.647635 4626871744 main.py:429] Epoch [3/10], Step [10/19], Loss: 0.688469, Speed: 2.4955 ms
I0215 12:26:38.065146 4626871744 utilities.py:21] ==================================================
I0215 12:26:38.071408 4626871744 utilities.py:50] Total: 2322
I0215 12:26:38.071508 4626871744 utilities.py:51] Correct: 1162
I0215 12:26:38.071570 4626871744 utilities.py:52] Accuracy: 0.5004
I0215 12:26:38.071631 4626871744 utilities.py:53] F1 Score: 0.0034
I0215 12:26:38.071685 4626871744 utilities.py:54] ROC AUC Score: 0.6587
I0215 12:26:38.071738 4626871744 utilities.py:55] Average Precision: 0.6940
I0215 12:26:38.074534 4626871744 utilities.py:63] Classification Report:
              precision    recall  f1-score   support

    negative     0.5002    0.9991    0.6667      1161
    positive     0.6667    0.0017    0.0034      1161

   micro avg     0.5004    0.5004    0.5004      2322
   macro avg     0.5834    0.5004    0.3351      2322
weighted avg     0.5834    0.5004    0.3351      2322

I0215 12:26:38.074610 4626871744 utilities.py:64] ==================================================
I0215 12:26:38.074695 4626871744 main.py:444] Start inference.
I0215 12:26:38.824935 4626871744 utilities.py:21] ==================================================
I0215 12:26:38.829615 4626871744 utilities.py:50] Total: 800
I0215 12:26:38.829751 4626871744 utilities.py:51] Correct: 414
I0215 12:26:38.829942 4626871744 utilities.py:52] Accuracy: 0.5175
I0215 12:26:38.830017 4626871744 utilities.py:53] F1 Score: 0.0766
I0215 12:26:38.830135 4626871744 utilities.py:54] ROC AUC Score: 0.6285
I0215 12:26:38.830227 4626871744 utilities.py:55] Average Precision: 0.6887
I0215 12:26:38.832329 4626871744 utilities.py:63] Classification Report:
              precision    recall  f1-score   support

    negative     0.5090    0.9950    0.6734       400
    positive     0.8889    0.0400    0.0766       400

   micro avg     0.5175    0.5175    0.5175       800
   macro avg     0.6989    0.5175    0.3750       800
weighted avg     0.6989    0.5175    0.3750       800

I0215 12:26:38.832406 4626871744 utilities.py:64] ==================================================
I0215 12:26:38.832473 4626871744 main.py:398] Start training.
I0215 12:26:38.832552 4626871744 dataset.py:128] Resample dataset...
I0215 12:26:38.832607 4626871744 dataset.py:175] Number of instances in labels: 13344
I0215 12:26:39.033015 4626871744 dataset.py:130] Resample dataset completed!
I0215 12:26:42.228414 4626871744 main.py:429] Epoch [4/10], Step [10/19], Loss: 0.667425, Speed: 2.4962 ms
I0215 12:26:44.875349 4626871744 utilities.py:21] ==================================================
I0215 12:26:44.879068 4626871744 utilities.py:50] Total: 2322
I0215 12:26:44.879167 4626871744 utilities.py:51] Correct: 1173
I0215 12:26:44.879233 4626871744 utilities.py:52] Accuracy: 0.5052
I0215 12:26:44.879290 4626871744 utilities.py:53] F1 Score: 0.0205
I0215 12:26:44.879344 4626871744 utilities.py:54] ROC AUC Score: 0.6989
I0215 12:26:44.879398 4626871744 utilities.py:55] Average Precision: 0.7313
I0215 12:26:44.882169 4626871744 utilities.py:63] Classification Report:
              precision    recall  f1-score   support

    negative     0.5026    1.0000    0.6690      1161
    positive     1.0000    0.0103    0.0205      1161

   micro avg     0.5052    0.5052    0.5052      2322
   macro avg     0.7513    0.5052    0.3447      2322
weighted avg     0.7513    0.5052    0.3447      2322

I0215 12:26:44.882245 4626871744 utilities.py:64] ==================================================
I0215 12:26:44.882331 4626871744 main.py:444] Start inference.
I0215 12:26:45.631274 4626871744 utilities.py:21] ==================================================
I0215 12:26:45.634321 4626871744 utilities.py:50] Total: 800
I0215 12:26:45.634415 4626871744 utilities.py:51] Correct: 403
I0215 12:26:45.634477 4626871744 utilities.py:52] Accuracy: 0.5038
I0215 12:26:45.634534 4626871744 utilities.py:53] F1 Score: 0.0198
I0215 12:26:45.634588 4626871744 utilities.py:54] ROC AUC Score: 0.6340
I0215 12:26:45.634639 4626871744 utilities.py:55] Average Precision: 0.6932
I0215 12:26:45.636689 4626871744 utilities.py:63] Classification Report:
              precision    recall  f1-score   support

    negative     0.5019    0.9975    0.6678       400
    positive     0.8000    0.0100    0.0198       400

   micro avg     0.5038    0.5038    0.5038       800
   macro avg     0.6509    0.5038    0.3438       800
weighted avg     0.6509    0.5038    0.3438       800

I0215 12:26:45.636765 4626871744 utilities.py:64] ==================================================
I0215 12:26:45.636834 4626871744 main.py:398] Start training.
I0215 12:26:45.636911 4626871744 dataset.py:128] Resample dataset...
I0215 12:26:45.636965 4626871744 dataset.py:175] Number of instances in labels: 13344
I0215 12:26:45.833477 4626871744 dataset.py:130] Resample dataset completed!
I0215 12:26:48.997538 4626871744 main.py:429] Epoch [5/10], Step [10/19], Loss: 0.669516, Speed: 2.4718 ms
I0215 12:26:52.247967 4626871744 utilities.py:21] ==================================================
I0215 12:26:52.251696 4626871744 utilities.py:50] Total: 2322
I0215 12:26:52.251792 4626871744 utilities.py:51] Correct: 1172
I0215 12:26:52.251868 4626871744 utilities.py:52] Accuracy: 0.5047
I0215 12:26:52.251924 4626871744 utilities.py:53] F1 Score: 0.0204
I0215 12:26:52.251976 4626871744 utilities.py:54] ROC AUC Score: 0.7427
I0215 12:26:52.252025 4626871744 utilities.py:55] Average Precision: 0.7651
I0215 12:26:52.254770 4626871744 utilities.py:63] Classification Report:
              precision    recall  f1-score   support

    negative     0.5024    0.9991    0.6686      1161
    positive     0.9231    0.0103    0.0204      1161

   micro avg     0.5047    0.5047    0.5047      2322
   macro avg     0.7127    0.5047    0.3445      2322
weighted avg     0.7127    0.5047    0.3445      2322

I0215 12:26:52.254842 4626871744 utilities.py:64] ==================================================
I0215 12:26:52.254925 4626871744 main.py:444] Start inference.
I0215 12:26:52.952481 4626871744 utilities.py:21] ==================================================
I0215 12:26:52.955435 4626871744 utilities.py:50] Total: 800
I0215 12:26:52.955525 4626871744 utilities.py:51] Correct: 403
I0215 12:26:52.955584 4626871744 utilities.py:52] Accuracy: 0.5038
I0215 12:26:52.955639 4626871744 utilities.py:53] F1 Score: 0.0198
I0215 12:26:52.955688 4626871744 utilities.py:54] ROC AUC Score: 0.6352
I0215 12:26:52.955737 4626871744 utilities.py:55] Average Precision: 0.6942
I0215 12:26:52.957710 4626871744 utilities.py:63] Classification Report:
              precision    recall  f1-score   support

    negative     0.5019    0.9975    0.6678       400
    positive     0.8000    0.0100    0.0198       400

   micro avg     0.5038    0.5038    0.5038       800
   macro avg     0.6509    0.5038    0.3438       800
weighted avg     0.6509    0.5038    0.3438       800

I0215 12:26:52.957781 4626871744 utilities.py:64] ==================================================
I0215 12:26:52.957845 4626871744 main.py:398] Start training.
I0215 12:26:52.957918 4626871744 dataset.py:128] Resample dataset...
I0215 12:26:52.957972 4626871744 dataset.py:175] Number of instances in labels: 13344
I0215 12:26:53.154055 4626871744 dataset.py:130] Resample dataset completed!
I0215 12:26:55.959938 4626871744 main.py:429] Epoch [6/10], Step [10/19], Loss: 0.663149, Speed: 2.1919 ms
I0215 12:26:58.273878 4626871744 utilities.py:21] ==================================================
I0215 12:26:58.280270 4626871744 utilities.py:50] Total: 2322
I0215 12:26:58.280366 4626871744 utilities.py:51] Correct: 1168
I0215 12:26:58.280430 4626871744 utilities.py:52] Accuracy: 0.5030
I0215 12:26:58.280486 4626871744 utilities.py:53] F1 Score: 0.0137
I0215 12:26:58.280539 4626871744 utilities.py:54] ROC AUC Score: 0.7241
I0215 12:26:58.280591 4626871744 utilities.py:55] Average Precision: 0.7516
I0215 12:26:58.283386 4626871744 utilities.py:63] Classification Report:
              precision    recall  f1-score   support

    negative     0.5015    0.9991    0.6678      1161
    positive     0.8889    0.0069    0.0137      1161

   micro avg     0.5030    0.5030    0.5030      2322
   macro avg     0.6952    0.5030    0.3407      2322
weighted avg     0.6952    0.5030    0.3407      2322

I0215 12:26:58.283461 4626871744 utilities.py:64] ==================================================
I0215 12:26:58.283545 4626871744 main.py:444] Start inference.
I0215 12:26:58.982755 4626871744 utilities.py:21] ==================================================
I0215 12:26:58.985760 4626871744 utilities.py:50] Total: 800
I0215 12:26:58.985853 4626871744 utilities.py:51] Correct: 403
I0215 12:26:58.985916 4626871744 utilities.py:52] Accuracy: 0.5038
I0215 12:26:58.985975 4626871744 utilities.py:53] F1 Score: 0.0198
I0215 12:26:58.986030 4626871744 utilities.py:54] ROC AUC Score: 0.6360
I0215 12:26:58.986082 4626871744 utilities.py:55] Average Precision: 0.6951
I0215 12:26:58.988071 4626871744 utilities.py:63] Classification Report:
              precision    recall  f1-score   support

    negative     0.5019    0.9975    0.6678       400
    positive     0.8000    0.0100    0.0198       400

   micro avg     0.5038    0.5038    0.5038       800
   macro avg     0.6509    0.5038    0.3438       800
weighted avg     0.6509    0.5038    0.3438       800

I0215 12:26:58.988159 4626871744 utilities.py:64] ==================================================
I0215 12:26:58.988227 4626871744 main.py:398] Start training.
I0215 12:26:58.988301 4626871744 dataset.py:128] Resample dataset...
I0215 12:26:58.988353 4626871744 dataset.py:175] Number of instances in labels: 13344
I0215 12:26:59.162945 4626871744 dataset.py:130] Resample dataset completed!
I0215 12:27:02.018649 4626871744 main.py:429] Epoch [7/10], Step [10/19], Loss: 0.666268, Speed: 2.2309 ms
I0215 12:27:04.501425 4626871744 utilities.py:21] ==================================================
I0215 12:27:04.506085 4626871744 utilities.py:50] Total: 2322
I0215 12:27:04.506176 4626871744 utilities.py:51] Correct: 1171
I0215 12:27:04.506238 4626871744 utilities.py:52] Accuracy: 0.5043
I0215 12:27:04.506297 4626871744 utilities.py:53] F1 Score: 0.0171
I0215 12:27:04.506350 4626871744 utilities.py:54] ROC AUC Score: 0.7583
I0215 12:27:04.506401 4626871744 utilities.py:55] Average Precision: 0.7919
I0215 12:27:04.509207 4626871744 utilities.py:63] Classification Report:
              precision    recall  f1-score   support

    negative     0.5022    1.0000    0.6686      1161
    positive     1.0000    0.0086    0.0171      1161

   micro avg     0.5043    0.5043    0.5043      2322
   macro avg     0.7511    0.5043    0.3428      2322
weighted avg     0.7511    0.5043    0.3428      2322

I0215 12:27:04.509282 4626871744 utilities.py:64] ==================================================
I0215 12:27:04.509366 4626871744 main.py:444] Start inference.
I0215 12:27:05.214892 4626871744 utilities.py:21] ==================================================
I0215 12:27:05.217958 4626871744 utilities.py:50] Total: 800
I0215 12:27:05.218052 4626871744 utilities.py:51] Correct: 403
I0215 12:27:05.218116 4626871744 utilities.py:52] Accuracy: 0.5038
I0215 12:27:05.218174 4626871744 utilities.py:53] F1 Score: 0.0198
I0215 12:27:05.218227 4626871744 utilities.py:54] ROC AUC Score: 0.6363
I0215 12:27:05.218279 4626871744 utilities.py:55] Average Precision: 0.6956
I0215 12:27:05.220267 4626871744 utilities.py:63] Classification Report:
              precision    recall  f1-score   support

    negative     0.5019    0.9975    0.6678       400
    positive     0.8000    0.0100    0.0198       400

   micro avg     0.5038    0.5038    0.5038       800
   macro avg     0.6509    0.5038    0.3438       800
weighted avg     0.6509    0.5038    0.3438       800

I0215 12:27:05.220341 4626871744 utilities.py:64] ==================================================
I0215 12:27:05.220409 4626871744 main.py:398] Start training.
I0215 12:27:05.220485 4626871744 dataset.py:128] Resample dataset...
I0215 12:27:05.220541 4626871744 dataset.py:175] Number of instances in labels: 13344
I0215 12:27:05.413487 4626871744 dataset.py:130] Resample dataset completed!
I0215 12:27:08.284540 4626871744 main.py:429] Epoch [8/10], Step [10/19], Loss: 0.660251, Speed: 2.2429 ms
I0215 12:27:10.632106 4626871744 utilities.py:21] ==================================================
I0215 12:27:10.639811 4626871744 utilities.py:50] Total: 2322
I0215 12:27:10.639907 4626871744 utilities.py:51] Correct: 1168
I0215 12:27:10.639971 4626871744 utilities.py:52] Accuracy: 0.5030
I0215 12:27:10.640028 4626871744 utilities.py:53] F1 Score: 0.0120
I0215 12:27:10.640082 4626871744 utilities.py:54] ROC AUC Score: 0.7448
I0215 12:27:10.640134 4626871744 utilities.py:55] Average Precision: 0.7732
I0215 12:27:10.642923 4626871744 utilities.py:63] Classification Report:
              precision    recall  f1-score   support

    negative     0.5015    1.0000    0.6680      1161
    positive     1.0000    0.0060    0.0120      1161

   micro avg     0.5030    0.5030    0.5030      2322
   macro avg     0.7508    0.5030    0.3400      2322
weighted avg     0.7508    0.5030    0.3400      2322

I0215 12:27:10.642997 4626871744 utilities.py:64] ==================================================
I0215 12:27:10.643098 4626871744 main.py:444] Start inference.
I0215 12:27:11.360879 4626871744 utilities.py:21] ==================================================
I0215 12:27:11.363837 4626871744 utilities.py:50] Total: 800
I0215 12:27:11.363924 4626871744 utilities.py:51] Correct: 403
I0215 12:27:11.363981 4626871744 utilities.py:52] Accuracy: 0.5038
I0215 12:27:11.364036 4626871744 utilities.py:53] F1 Score: 0.0198
I0215 12:27:11.364084 4626871744 utilities.py:54] ROC AUC Score: 0.6362
I0215 12:27:11.364133 4626871744 utilities.py:55] Average Precision: 0.6961
I0215 12:27:11.366106 4626871744 utilities.py:63] Classification Report:
              precision    recall  f1-score   support

    negative     0.5019    0.9975    0.6678       400
    positive     0.8000    0.0100    0.0198       400

   micro avg     0.5038    0.5038    0.5038       800
   macro avg     0.6509    0.5038    0.3438       800
weighted avg     0.6509    0.5038    0.3438       800

I0215 12:27:11.366177 4626871744 utilities.py:64] ==================================================
I0215 12:27:11.366240 4626871744 main.py:398] Start training.
I0215 12:27:11.366312 4626871744 dataset.py:128] Resample dataset...
I0215 12:27:11.366364 4626871744 dataset.py:175] Number of instances in labels: 13344
I0215 12:27:11.562482 4626871744 dataset.py:130] Resample dataset completed!
I0215 12:27:14.312655 4626871744 main.py:429] Epoch [9/10], Step [10/19], Loss: 0.668436, Speed: 2.1484 ms
I0215 12:27:16.948533 4626871744 utilities.py:21] ==================================================
I0215 12:27:16.956146 4626871744 utilities.py:50] Total: 2322
I0215 12:27:16.956244 4626871744 utilities.py:51] Correct: 1173
I0215 12:27:16.956309 4626871744 utilities.py:52] Accuracy: 0.5052
I0215 12:27:16.956367 4626871744 utilities.py:53] F1 Score: 0.0205
I0215 12:27:16.956421 4626871744 utilities.py:54] ROC AUC Score: 0.7625
I0215 12:27:16.956472 4626871744 utilities.py:55] Average Precision: 0.7942
I0215 12:27:16.959275 4626871744 utilities.py:63] Classification Report:
              precision    recall  f1-score   support

    negative     0.5026    1.0000    0.6690      1161
    positive     1.0000    0.0103    0.0205      1161

   micro avg     0.5052    0.5052    0.5052      2322
   macro avg     0.7513    0.5052    0.3447      2322
weighted avg     0.7513    0.5052    0.3447      2322

I0215 12:27:16.959350 4626871744 utilities.py:64] ==================================================
I0215 12:27:16.959434 4626871744 main.py:444] Start inference.
I0215 12:27:17.683447 4626871744 utilities.py:21] ==================================================
I0215 12:27:17.686413 4626871744 utilities.py:50] Total: 800
I0215 12:27:17.686509 4626871744 utilities.py:51] Correct: 403
I0215 12:27:17.686572 4626871744 utilities.py:52] Accuracy: 0.5038
I0215 12:27:17.686629 4626871744 utilities.py:53] F1 Score: 0.0198
I0215 12:27:17.686682 4626871744 utilities.py:54] ROC AUC Score: 0.6365
I0215 12:27:17.686733 4626871744 utilities.py:55] Average Precision: 0.6963
I0215 12:27:17.688730 4626871744 utilities.py:63] Classification Report:
              precision    recall  f1-score   support

    negative     0.5019    0.9975    0.6678       400
    positive     0.8000    0.0100    0.0198       400

   micro avg     0.5038    0.5038    0.5038       800
   macro avg     0.6509    0.5038    0.3438       800
weighted avg     0.6509    0.5038    0.3438       800

I0215 12:27:17.688804 4626871744 utilities.py:64] ==================================================
I0215 12:27:17.688869 4626871744 main.py:398] Start training.
I0215 12:27:17.688946 4626871744 dataset.py:128] Resample dataset...
I0215 12:27:17.689002 4626871744 dataset.py:175] Number of instances in labels: 13344
I0215 12:27:17.886064 4626871744 dataset.py:130] Resample dataset completed!
I0215 12:27:20.891486 4626871744 main.py:429] Epoch [10/10], Step [10/19], Loss: 0.666421, Speed: 2.3478 ms
I0215 12:27:23.485831 4626871744 utilities.py:21] ==================================================
I0215 12:27:23.490587 4626871744 utilities.py:50] Total: 2322
I0215 12:27:23.490693 4626871744 utilities.py:51] Correct: 1168
I0215 12:27:23.490755 4626871744 utilities.py:52] Accuracy: 0.5030
I0215 12:27:23.490808 4626871744 utilities.py:53] F1 Score: 0.0154
I0215 12:27:23.490858 4626871744 utilities.py:54] ROC AUC Score: 0.7434
I0215 12:27:23.490906 4626871744 utilities.py:55] Average Precision: 0.7749
I0215 12:27:23.493699 4626871744 utilities.py:63] Classification Report:
              precision    recall  f1-score   support

    negative     0.5015    0.9983    0.6676      1161
    positive     0.8182    0.0078    0.0154      1161

   micro avg     0.5030    0.5030    0.5030      2322
   macro avg     0.6598    0.5030    0.3415      2322
weighted avg     0.6598    0.5030    0.3415      2322

I0215 12:27:23.493771 4626871744 utilities.py:64] ==================================================
I0215 12:27:23.493835 4626871744 main.py:439] Saving model checkpoint...
I0215 12:27:23.494482 4626871744 main.py:444] Start inference.
I0215 12:27:24.502884 4626871744 utilities.py:21] ==================================================
I0215 12:27:24.505953 4626871744 utilities.py:50] Total: 800
I0215 12:27:24.506053 4626871744 utilities.py:51] Correct: 403
I0215 12:27:24.506114 4626871744 utilities.py:52] Accuracy: 0.5038
I0215 12:27:24.506169 4626871744 utilities.py:53] F1 Score: 0.0198
I0215 12:27:24.506223 4626871744 utilities.py:54] ROC AUC Score: 0.6365
I0215 12:27:24.506272 4626871744 utilities.py:55] Average Precision: 0.6963
I0215 12:27:24.508369 4626871744 utilities.py:63] Classification Report:
              precision    recall  f1-score   support

    negative     0.5019    0.9975    0.6678       400
    positive     0.8000    0.0100    0.0198       400

   micro avg     0.5038    0.5038    0.5038       800
   macro avg     0.6509    0.5038    0.3438       800
weighted avg     0.6509    0.5038    0.3438       800

I0215 12:27:24.508442 4626871744 utilities.py:64] ==================================================
I0215 12:27:24.508512 4626871744 main.py:470] Train/Eval completed.
