I0215 14:32:33.378827 4627563968 main.py:527] Saved model parameters:
I0215 14:32:33.379073 4627563968 main.py:529] 0: model_type=rnn
I0215 14:32:33.379206 4627563968 main.py:529] 1: input_size=256
I0215 14:32:33.379312 4627563968 main.py:529] 2: rnn_hidden_size=256
I0215 14:32:33.379383 4627563968 main.py:529] 3: use_attention=True
I0215 14:32:33.379448 4627563968 main.py:529] 4: rnn_type=lstm
I0215 14:32:33.379497 4627563968 main.py:529] 5: rnn_layers=1
I0215 14:32:33.379546 4627563968 main.py:529] 6: rnn_dropout=0.0
I0215 14:32:33.379594 4627563968 main.py:529] 7: rnn_bidirectional=True
I0215 14:32:33.379642 4627563968 main.py:529] 8: standardize=True
I0215 14:32:33.379688 4627563968 main.py:529] 9: block_size=6
I0215 14:32:33.379734 4627563968 main.py:529] 10: history_window=28
I0215 14:32:33.379781 4627563968 main.py:529] 11: prediction_window=2
I0215 14:32:33.379828 4627563968 main.py:529] 12: target_label=death
I0215 14:32:33.379876 4627563968 main.py:529] 13: data_dir=./data
I0215 14:32:33.379921 4627563968 main.py:529] 14: lr_pooling=mean
I0215 14:32:33.379969 4627563968 main.py:529] 15: save_per_epochs=10
I0215 14:32:33.380025 4627563968 main.py:545] Mode: Train/Eval pipeline
I0215 14:32:33.380187 4627563968 main.py:313] 0: code/main.py
I0215 14:32:33.380244 4627563968 main.py:313] 1: --phase=pipeline
I0215 14:32:33.380294 4627563968 main.py:313] 2: --model_type=rnn
I0215 14:32:33.380342 4627563968 main.py:313] 3: --rnn_type=lstm
I0215 14:32:33.380389 4627563968 main.py:313] 4: --rnn_bidirectional
I0215 14:32:33.380436 4627563968 main.py:313] 5: --use_attention
I0215 14:32:33.380483 4627563968 main.py:313] 6: --batch_size=128
I0215 14:32:33.380529 4627563968 main.py:313] 7: --input_size=256
I0215 14:32:33.380575 4627563968 main.py:313] 8: --rnn_hidden_size=256
I0215 14:32:33.380623 4627563968 main.py:313] 9: --num_epochs=20
I0215 14:32:33.380670 4627563968 main.py:313] 10: --learning_rate=1e-3
I0215 14:32:33.380716 4627563968 main.py:313] 11: --train_data_split=train
I0215 14:32:33.380762 4627563968 main.py:313] 12: --eval_data_split=val
I0215 14:32:33.380810 4627563968 main.py:313] 13: --data_dir=./data
I0215 14:32:33.380856 4627563968 main.py:313] 14: --target_label=death
I0215 14:32:33.380934 4627563968 main.py:313] 15: --block_size=6
I0215 14:32:33.381004 4627563968 main.py:313] 16: --history_window=28
I0215 14:32:33.381064 4627563968 main.py:313] 17: --prediction_window=2
I0215 14:32:33.381112 4627563968 main.py:313] 18: --train_dataset_size=0
I0215 14:32:33.381158 4627563968 main.py:313] 19: --eval_dataset_size=0
I0215 14:32:33.381238 4627563968 main.py:313] 20: --rnn_layers=1
I0215 14:32:33.381319 4627563968 main.py:313] 21: --rnn_dropout=0
I0215 14:32:33.381366 4627563968 main.py:313] 22: --standardize
I0215 14:32:33.381413 4627563968 main.py:313] 23: --checkpoint_dir=./experiments
I0215 14:32:33.381462 4627563968 main.py:313] 24: --experiment_name=exp_1_d
I0215 14:32:36.201534 4627563968 dataset.py:116] Number of admissions: 13344
I0215 14:32:36.201705 4627563968 dataset.py:117] Preprocess dataset with block size of 6
I0215 14:33:32.744944 4627563968 dataset.py:123] Preprocess completed.
I0215 14:33:32.745161 4627563968 dataset.py:128] Resample dataset...
I0215 14:33:32.745231 4627563968 dataset.py:175] Number of instances in labels: 13344
I0215 14:33:32.945996 4627563968 dataset.py:208] Dataset use default size: 2322
I0215 14:33:32.946137 4627563968 dataset.py:209]   Use all 1161 positive samples
I0215 14:33:32.946200 4627563968 dataset.py:211]   Randomly choose 1161 negative samples from 239381 candidates
I0215 14:33:32.954741 4627563968 dataset.py:130] Resample dataset completed!
I0215 14:33:47.510858 4627563968 dataset.py:139] Feature shape for PCA: (13344, 4010)
I0215 14:33:53.946254 4627563968 dataset.py:116] Number of admissions: 4329
I0215 14:33:53.946370 4627563968 dataset.py:117] Preprocess dataset with block size of 6
I0215 14:34:15.477781 4627563968 dataset.py:123] Preprocess completed.
I0215 14:34:15.477931 4627563968 dataset.py:128] Resample dataset...
I0215 14:34:15.478011 4627563968 dataset.py:175] Number of instances in labels: 4329
I0215 14:34:15.542192 4627563968 dataset.py:208] Dataset use default size: 800
I0215 14:34:15.542335 4627563968 dataset.py:209]   Use all 400 positive samples
I0215 14:34:15.542412 4627563968 dataset.py:211]   Randomly choose 400 negative samples from 76705 candidates
I0215 14:34:15.545953 4627563968 dataset.py:130] Resample dataset completed!
I0215 14:34:18.132252 4627563968 dataset.py:139] Feature shape for PCA: (4329, 4010)
I0215 14:34:18.186804 4627563968 dataset.py:128] Resample dataset...
I0215 14:34:18.186928 4627563968 dataset.py:175] Number of instances in labels: 4329
I0215 14:34:18.251251 4627563968 dataset.py:130] Resample dataset completed!
I0215 14:34:18.283199 4627563968 main.py:374] Training dataset size: 2322
I0215 14:34:18.283386 4627563968 main.py:375] Batches in each epoch: 19
I0215 14:34:18.283457 4627563968 main.py:376] Evaluation on `val`
I0215 14:34:18.283643 4627563968 main.py:377] Evaluation dataset size: 800
I0215 14:34:18.283755 4627563968 main.py:378] Batches in each epoch: 7
I0215 14:34:18.283947 4627563968 main.py:384] Model parameters:
I0215 14:34:18.284030 4627563968 main.py:386] rnn_module.weight_ih_l0: torch.Size([1024, 256])
I0215 14:34:18.284120 4627563968 main.py:386] rnn_module.weight_hh_l0: torch.Size([1024, 256])
I0215 14:34:18.284202 4627563968 main.py:386] rnn_module.bias_ih_l0: torch.Size([1024])
I0215 14:34:18.284303 4627563968 main.py:386] rnn_module.bias_hh_l0: torch.Size([1024])
I0215 14:34:18.284391 4627563968 main.py:386] rnn_module.weight_ih_l0_reverse: torch.Size([1024, 256])
I0215 14:34:18.284470 4627563968 main.py:386] rnn_module.weight_hh_l0_reverse: torch.Size([1024, 256])
I0215 14:34:18.284574 4627563968 main.py:386] rnn_module.bias_ih_l0_reverse: torch.Size([1024])
I0215 14:34:18.284666 4627563968 main.py:386] rnn_module.bias_hh_l0_reverse: torch.Size([1024])
I0215 14:34:18.284742 4627563968 main.py:386] rnn_linear.weight: torch.Size([1, 512])
I0215 14:34:18.284804 4627563968 main.py:386] rnn_linear.bias: torch.Size([1])
I0215 14:34:18.284957 4627563968 main.py:386] attention_layer.weight: torch.Size([1, 512])
I0215 14:34:18.285047 4627563968 main.py:386] attention_layer.bias: torch.Size([1])
I0215 14:34:18.438313 4627563968 _import_c_extension.py:20] Failed to import cuda module: No module named 'caffe2.python.caffe2_pybind11_state_gpu'
I0215 14:34:18.438501 4627563968 _import_c_extension.py:29] Failed to import AMD hip module: No module named 'caffe2.python.caffe2_pybind11_state_hip'
W0215 14:34:18.438602 4627563968 _import_c_extension.py:32] This caffe2 python run does not have GPU support. Will run in CPU only mode.
I0215 14:34:18.485642 4627563968 main.py:398] Start training.
I0215 14:34:18.485805 4627563968 dataset.py:128] Resample dataset...
I0215 14:34:18.485946 4627563968 dataset.py:175] Number of instances in labels: 13344
I0215 14:34:18.738553 4627563968 dataset.py:130] Resample dataset completed!
I0215 14:34:25.583261 4627563968 main.py:429] Epoch [1/20], Step [10/19], Loss: 0.687959, Speed: 5.3472 ms
I0215 14:34:31.054486 4627563968 utilities.py:21] ==================================================
/Users/ke/anaconda3/lib/python3.7/site-packages/sklearn/metrics/classification.py:1143: UndefinedMetricWarning: F-score is ill-defined and being set to 0.0 due to no predicted samples.
  'precision', 'predicted', average, warn_for)
I0215 14:34:31.081022 4627563968 utilities.py:50] Total: 2322
I0215 14:34:31.081137 4627563968 utilities.py:51] Correct: 1161
I0215 14:34:31.081276 4627563968 utilities.py:52] Accuracy: 0.5000
I0215 14:34:31.081372 4627563968 utilities.py:53] F1 Score: 0.0000
I0215 14:34:31.081439 4627563968 utilities.py:54] ROC AUC Score: 0.5344
I0215 14:34:31.081505 4627563968 utilities.py:55] Average Precision: 0.5440
/Users/ke/anaconda3/lib/python3.7/site-packages/sklearn/metrics/classification.py:1143: UndefinedMetricWarning: Precision and F-score are ill-defined and being set to 0.0 in labels with no predicted samples.
  'precision', 'predicted', average, warn_for)
I0215 14:34:31.084474 4627563968 utilities.py:63] Classification Report:
              precision    recall  f1-score   support

    negative     0.5000    1.0000    0.6667      1161
    positive     0.0000    0.0000    0.0000      1161

   micro avg     0.5000    0.5000    0.5000      2322
   macro avg     0.2500    0.5000    0.3333      2322
weighted avg     0.2500    0.5000    0.3333      2322

I0215 14:34:31.084589 4627563968 utilities.py:64] ==================================================
I0215 14:34:31.084692 4627563968 main.py:444] Start inference.
I0215 14:34:32.402894 4627563968 utilities.py:21] ==================================================
/Users/ke/anaconda3/lib/python3.7/site-packages/sklearn/metrics/classification.py:1143: UndefinedMetricWarning: F-score is ill-defined and being set to 0.0 due to no predicted samples.
  'precision', 'predicted', average, warn_for)
I0215 14:34:32.406013 4627563968 utilities.py:50] Total: 800
I0215 14:34:32.406107 4627563968 utilities.py:51] Correct: 400
I0215 14:34:32.406169 4627563968 utilities.py:52] Accuracy: 0.5000
I0215 14:34:32.406229 4627563968 utilities.py:53] F1 Score: 0.0000
I0215 14:34:32.406280 4627563968 utilities.py:54] ROC AUC Score: 0.6370
I0215 14:34:32.406333 4627563968 utilities.py:55] Average Precision: 0.6837
/Users/ke/anaconda3/lib/python3.7/site-packages/sklearn/metrics/classification.py:1143: UndefinedMetricWarning: Precision and F-score are ill-defined and being set to 0.0 in labels with no predicted samples.
  'precision', 'predicted', average, warn_for)
I0215 14:34:32.408388 4627563968 utilities.py:63] Classification Report:
              precision    recall  f1-score   support

    negative     0.5000    1.0000    0.6667       400
    positive     0.0000    0.0000    0.0000       400

   micro avg     0.5000    0.5000    0.5000       800
   macro avg     0.2500    0.5000    0.3333       800
weighted avg     0.2500    0.5000    0.3333       800

I0215 14:34:32.408463 4627563968 utilities.py:64] ==================================================
I0215 14:34:32.408528 4627563968 main.py:398] Start training.
I0215 14:34:32.408618 4627563968 dataset.py:128] Resample dataset...
I0215 14:34:32.408676 4627563968 dataset.py:175] Number of instances in labels: 13344
I0215 14:34:32.608924 4627563968 dataset.py:130] Resample dataset completed!
I0215 14:34:39.845823 4627563968 main.py:429] Epoch [2/20], Step [10/19], Loss: 0.689411, Speed: 5.6536 ms
I0215 14:34:45.600499 4627563968 utilities.py:21] ==================================================
/Users/ke/anaconda3/lib/python3.7/site-packages/sklearn/metrics/classification.py:1143: UndefinedMetricWarning: F-score is ill-defined and being set to 0.0 due to no predicted samples.
  'precision', 'predicted', average, warn_for)
I0215 14:34:45.604464 4627563968 utilities.py:50] Total: 2322
I0215 14:34:45.604561 4627563968 utilities.py:51] Correct: 1161
I0215 14:34:45.604626 4627563968 utilities.py:52] Accuracy: 0.5000
I0215 14:34:45.604684 4627563968 utilities.py:53] F1 Score: 0.0000
I0215 14:34:45.604737 4627563968 utilities.py:54] ROC AUC Score: 0.5709
I0215 14:34:45.604789 4627563968 utilities.py:55] Average Precision: 0.5816
/Users/ke/anaconda3/lib/python3.7/site-packages/sklearn/metrics/classification.py:1143: UndefinedMetricWarning: Precision and F-score are ill-defined and being set to 0.0 in labels with no predicted samples.
  'precision', 'predicted', average, warn_for)
I0215 14:34:45.607673 4627563968 utilities.py:63] Classification Report:
              precision    recall  f1-score   support

    negative     0.5000    1.0000    0.6667      1161
    positive     0.0000    0.0000    0.0000      1161

   micro avg     0.5000    0.5000    0.5000      2322
   macro avg     0.2500    0.5000    0.3333      2322
weighted avg     0.2500    0.5000    0.3333      2322

I0215 14:34:45.607748 4627563968 utilities.py:64] ==================================================
I0215 14:34:45.607845 4627563968 main.py:444] Start inference.
I0215 14:34:46.928594 4627563968 utilities.py:21] ==================================================
/Users/ke/anaconda3/lib/python3.7/site-packages/sklearn/metrics/classification.py:1143: UndefinedMetricWarning: F-score is ill-defined and being set to 0.0 due to no predicted samples.
  'precision', 'predicted', average, warn_for)
I0215 14:34:46.931689 4627563968 utilities.py:50] Total: 800
I0215 14:34:46.931802 4627563968 utilities.py:51] Correct: 400
I0215 14:34:46.931867 4627563968 utilities.py:52] Accuracy: 0.5000
I0215 14:34:46.931925 4627563968 utilities.py:53] F1 Score: 0.0000
I0215 14:34:46.931977 4627563968 utilities.py:54] ROC AUC Score: 0.7325
I0215 14:34:46.932029 4627563968 utilities.py:55] Average Precision: 0.7569
/Users/ke/anaconda3/lib/python3.7/site-packages/sklearn/metrics/classification.py:1143: UndefinedMetricWarning: Precision and F-score are ill-defined and being set to 0.0 in labels with no predicted samples.
  'precision', 'predicted', average, warn_for)
I0215 14:34:46.934095 4627563968 utilities.py:63] Classification Report:
              precision    recall  f1-score   support

    negative     0.5000    1.0000    0.6667       400
    positive     0.0000    0.0000    0.0000       400

   micro avg     0.5000    0.5000    0.5000       800
   macro avg     0.2500    0.5000    0.3333       800
weighted avg     0.2500    0.5000    0.3333       800

I0215 14:34:46.934171 4627563968 utilities.py:64] ==================================================
I0215 14:34:46.934240 4627563968 main.py:398] Start training.
I0215 14:34:46.934327 4627563968 dataset.py:128] Resample dataset...
I0215 14:34:46.934384 4627563968 dataset.py:175] Number of instances in labels: 13344
I0215 14:34:47.109162 4627563968 dataset.py:130] Resample dataset completed!
I0215 14:34:53.688204 4627563968 main.py:429] Epoch [3/20], Step [10/19], Loss: 0.678233, Speed: 5.1397 ms
I0215 14:34:59.132154 4627563968 utilities.py:21] ==================================================
I0215 14:34:59.135930 4627563968 utilities.py:50] Total: 2322
I0215 14:34:59.136029 4627563968 utilities.py:51] Correct: 1163
I0215 14:34:59.136096 4627563968 utilities.py:52] Accuracy: 0.5009
I0215 14:34:59.136157 4627563968 utilities.py:53] F1 Score: 0.0052
I0215 14:34:59.136214 4627563968 utilities.py:54] ROC AUC Score: 0.5769
I0215 14:34:59.136269 4627563968 utilities.py:55] Average Precision: 0.5697
I0215 14:34:59.139084 4627563968 utilities.py:63] Classification Report:
              precision    recall  f1-score   support

    negative     0.5004    0.9991    0.6669      1161
    positive     0.7500    0.0026    0.0052      1161

   micro avg     0.5009    0.5009    0.5009      2322
   macro avg     0.6252    0.5009    0.3360      2322
weighted avg     0.6252    0.5009    0.3360      2322

I0215 14:34:59.139163 4627563968 utilities.py:64] ==================================================
I0215 14:34:59.139265 4627563968 main.py:444] Start inference.
I0215 14:35:00.588692 4627563968 utilities.py:21] ==================================================
/Users/ke/anaconda3/lib/python3.7/site-packages/sklearn/metrics/classification.py:1143: UndefinedMetricWarning: F-score is ill-defined and being set to 0.0 due to no predicted samples.
  'precision', 'predicted', average, warn_for)
I0215 14:35:00.591861 4627563968 utilities.py:50] Total: 800
I0215 14:35:00.591962 4627563968 utilities.py:51] Correct: 400
I0215 14:35:00.592031 4627563968 utilities.py:52] Accuracy: 0.5000
I0215 14:35:00.592094 4627563968 utilities.py:53] F1 Score: 0.0000
I0215 14:35:00.592154 4627563968 utilities.py:54] ROC AUC Score: 0.7587
I0215 14:35:00.592225 4627563968 utilities.py:55] Average Precision: 0.7927
/Users/ke/anaconda3/lib/python3.7/site-packages/sklearn/metrics/classification.py:1143: UndefinedMetricWarning: Precision and F-score are ill-defined and being set to 0.0 in labels with no predicted samples.
  'precision', 'predicted', average, warn_for)
I0215 14:35:00.594330 4627563968 utilities.py:63] Classification Report:
              precision    recall  f1-score   support

    negative     0.5000    1.0000    0.6667       400
    positive     0.0000    0.0000    0.0000       400

   micro avg     0.5000    0.5000    0.5000       800
   macro avg     0.2500    0.5000    0.3333       800
weighted avg     0.2500    0.5000    0.3333       800

I0215 14:35:00.594444 4627563968 utilities.py:64] ==================================================
I0215 14:35:00.594526 4627563968 main.py:398] Start training.
I0215 14:35:00.594624 4627563968 dataset.py:128] Resample dataset...
I0215 14:35:00.594686 4627563968 dataset.py:175] Number of instances in labels: 13344
I0215 14:35:00.789914 4627563968 dataset.py:130] Resample dataset completed!
I0215 14:35:08.451865 4627563968 main.py:429] Epoch [4/20], Step [10/19], Loss: 0.680291, Speed: 5.9857 ms
I0215 14:35:13.677253 4627563968 utilities.py:21] ==================================================
I0215 14:35:13.681093 4627563968 utilities.py:50] Total: 2322
I0215 14:35:13.681192 4627563968 utilities.py:51] Correct: 1246
I0215 14:35:13.681255 4627563968 utilities.py:52] Accuracy: 0.5366
I0215 14:35:13.681313 4627563968 utilities.py:53] F1 Score: 0.2203
I0215 14:35:13.681365 4627563968 utilities.py:54] ROC AUC Score: 0.6327
I0215 14:35:13.681416 4627563968 utilities.py:55] Average Precision: 0.6260
I0215 14:35:13.684218 4627563968 utilities.py:63] Classification Report:
              precision    recall  f1-score   support

    negative     0.5202    0.9423    0.6703      1161
    positive     0.6941    0.1309    0.2203      1161

   micro avg     0.5366    0.5366    0.5366      2322
   macro avg     0.6071    0.5366    0.4453      2322
weighted avg     0.6071    0.5366    0.4453      2322

I0215 14:35:13.684293 4627563968 utilities.py:64] ==================================================
I0215 14:35:13.684391 4627563968 main.py:444] Start inference.
I0215 14:35:14.975122 4627563968 utilities.py:21] ==================================================
I0215 14:35:14.983373 4627563968 utilities.py:50] Total: 800
I0215 14:35:14.983469 4627563968 utilities.py:51] Correct: 417
I0215 14:35:14.983536 4627563968 utilities.py:52] Accuracy: 0.5212
I0215 14:35:14.983596 4627563968 utilities.py:53] F1 Score: 0.0859
I0215 14:35:14.983649 4627563968 utilities.py:54] ROC AUC Score: 0.7533
I0215 14:35:14.983703 4627563968 utilities.py:55] Average Precision: 0.8013
I0215 14:35:14.985717 4627563968 utilities.py:63] Classification Report:
              precision    recall  f1-score   support

    negative     0.5109    0.9975    0.6757       400
    positive     0.9474    0.0450    0.0859       400

   micro avg     0.5212    0.5212    0.5212       800
   macro avg     0.7291    0.5212    0.3808       800
weighted avg     0.7291    0.5212    0.3808       800

I0215 14:35:14.985791 4627563968 utilities.py:64] ==================================================
I0215 14:35:14.985860 4627563968 main.py:398] Start training.
I0215 14:35:14.985947 4627563968 dataset.py:128] Resample dataset...
I0215 14:35:14.986005 4627563968 dataset.py:175] Number of instances in labels: 13344
I0215 14:35:15.181931 4627563968 dataset.py:130] Resample dataset completed!
I0215 14:35:21.614186 4627563968 main.py:429] Epoch [5/20], Step [10/19], Loss: 0.645270, Speed: 5.0250 ms
I0215 14:35:26.700824 4627563968 utilities.py:21] ==================================================
I0215 14:35:26.704683 4627563968 utilities.py:50] Total: 2322
I0215 14:35:26.704783 4627563968 utilities.py:51] Correct: 1262
I0215 14:35:26.704849 4627563968 utilities.py:52] Accuracy: 0.5435
I0215 14:35:26.704910 4627563968 utilities.py:53] F1 Score: 0.1601
I0215 14:35:26.704965 4627563968 utilities.py:54] ROC AUC Score: 0.7722
I0215 14:35:26.705021 4627563968 utilities.py:55] Average Precision: 0.8114
I0215 14:35:26.707887 4627563968 utilities.py:63] Classification Report:
              precision    recall  f1-score   support

    negative     0.5227    1.0000    0.6866      1161
    positive     1.0000    0.0870    0.1601      1161

   micro avg     0.5435    0.5435    0.5435      2322
   macro avg     0.7614    0.5435    0.4233      2322
weighted avg     0.7614    0.5435    0.4233      2322

I0215 14:35:26.707963 4627563968 utilities.py:64] ==================================================
I0215 14:35:26.708078 4627563968 main.py:444] Start inference.
I0215 14:35:28.007879 4627563968 utilities.py:21] ==================================================
I0215 14:35:28.010905 4627563968 utilities.py:50] Total: 800
I0215 14:35:28.010998 4627563968 utilities.py:51] Correct: 568
I0215 14:35:28.011059 4627563968 utilities.py:52] Accuracy: 0.7100
I0215 14:35:28.011116 4627563968 utilities.py:53] F1 Score: 0.6172
I0215 14:35:28.011168 4627563968 utilities.py:54] ROC AUC Score: 0.7834
I0215 14:35:28.011219 4627563968 utilities.py:55] Average Precision: 0.8301
I0215 14:35:28.013293 4627563968 utilities.py:63] Classification Report:
              precision    recall  f1-score   support

    negative     0.6414    0.9525    0.7666       400
    positive     0.9078    0.4675    0.6172       400

   micro avg     0.7100    0.7100    0.7100       800
   macro avg     0.7746    0.7100    0.6919       800
weighted avg     0.7746    0.7100    0.6919       800

I0215 14:35:28.013368 4627563968 utilities.py:64] ==================================================
I0215 14:35:28.013434 4627563968 main.py:398] Start training.
I0215 14:35:28.013521 4627563968 dataset.py:128] Resample dataset...
I0215 14:35:28.013578 4627563968 dataset.py:175] Number of instances in labels: 13344
I0215 14:35:28.210967 4627563968 dataset.py:130] Resample dataset completed!
I0215 14:35:34.675584 4627563968 main.py:429] Epoch [6/20], Step [10/19], Loss: 0.580606, Speed: 5.0503 ms
I0215 14:35:40.030693 4627563968 utilities.py:21] ==================================================
I0215 14:35:40.034608 4627563968 utilities.py:50] Total: 2322
I0215 14:35:40.034705 4627563968 utilities.py:51] Correct: 1432
I0215 14:35:40.034768 4627563968 utilities.py:52] Accuracy: 0.6167
I0215 14:35:40.034829 4627563968 utilities.py:53] F1 Score: 0.4395
I0215 14:35:40.034881 4627563968 utilities.py:54] ROC AUC Score: 0.7230
I0215 14:35:40.034931 4627563968 utilities.py:55] Average Precision: 0.7503
I0215 14:35:40.037827 4627563968 utilities.py:63] Classification Report:
              precision    recall  f1-score   support

    negative     0.5715    0.9328    0.7088      1161
    positive     0.8173    0.3006    0.4395      1161

   micro avg     0.6167    0.6167    0.6167      2322
   macro avg     0.6944    0.6167    0.5742      2322
weighted avg     0.6944    0.6167    0.5742      2322

I0215 14:35:40.037902 4627563968 utilities.py:64] ==================================================
I0215 14:35:40.037997 4627563968 main.py:444] Start inference.
I0215 14:35:41.377737 4627563968 utilities.py:21] ==================================================
I0215 14:35:41.380753 4627563968 utilities.py:50] Total: 800
I0215 14:35:41.380851 4627563968 utilities.py:51] Correct: 400
I0215 14:35:41.380912 4627563968 utilities.py:52] Accuracy: 0.5000
I0215 14:35:41.380969 4627563968 utilities.py:53] F1 Score: 0.0050
I0215 14:35:41.381021 4627563968 utilities.py:54] ROC AUC Score: 0.7788
I0215 14:35:41.381071 4627563968 utilities.py:55] Average Precision: 0.8178
I0215 14:35:41.383067 4627563968 utilities.py:63] Classification Report:
              precision    recall  f1-score   support

    negative     0.5000    0.9975    0.6661       400
    positive     0.5000    0.0025    0.0050       400

   micro avg     0.5000    0.5000    0.5000       800
   macro avg     0.5000    0.5000    0.3355       800
weighted avg     0.5000    0.5000    0.3355       800

I0215 14:35:41.383141 4627563968 utilities.py:64] ==================================================
I0215 14:35:41.383208 4627563968 main.py:398] Start training.
I0215 14:35:41.383295 4627563968 dataset.py:128] Resample dataset...
I0215 14:35:41.383351 4627563968 dataset.py:175] Number of instances in labels: 13344
I0215 14:35:41.558950 4627563968 dataset.py:130] Resample dataset completed!
I0215 14:35:47.963000 4627563968 main.py:429] Epoch [7/20], Step [10/19], Loss: 0.603395, Speed: 5.0030 ms
I0215 14:35:53.126591 4627563968 utilities.py:21] ==================================================
I0215 14:35:53.130563 4627563968 utilities.py:50] Total: 2322
I0215 14:35:53.130661 4627563968 utilities.py:51] Correct: 1476
I0215 14:35:53.130725 4627563968 utilities.py:52] Accuracy: 0.6357
I0215 14:35:53.130783 4627563968 utilities.py:53] F1 Score: 0.4598
I0215 14:35:53.130836 4627563968 utilities.py:54] ROC AUC Score: 0.7386
I0215 14:35:53.130886 4627563968 utilities.py:55] Average Precision: 0.7790
I0215 14:35:53.133926 4627563968 utilities.py:63] Classification Report:
              precision    recall  f1-score   support

    negative     0.5822    0.9612    0.7251      1161
    positive     0.8889    0.3101    0.4598      1161

   micro avg     0.6357    0.6357    0.6357      2322
   macro avg     0.7355    0.6357    0.5925      2322
weighted avg     0.7355    0.6357    0.5925      2322

I0215 14:35:53.134002 4627563968 utilities.py:64] ==================================================
I0215 14:35:53.134099 4627563968 main.py:444] Start inference.
I0215 14:35:54.443965 4627563968 utilities.py:21] ==================================================
I0215 14:35:54.446992 4627563968 utilities.py:50] Total: 800
I0215 14:35:54.447088 4627563968 utilities.py:51] Correct: 479
I0215 14:35:54.447153 4627563968 utilities.py:52] Accuracy: 0.5988
I0215 14:35:54.447211 4627563968 utilities.py:53] F1 Score: 0.3409
I0215 14:35:54.447264 4627563968 utilities.py:54] ROC AUC Score: 0.7950
I0215 14:35:54.447315 4627563968 utilities.py:55] Average Precision: 0.8331
I0215 14:35:54.449356 4627563968 utilities.py:63] Classification Report:
              precision    recall  f1-score   support

    negative     0.5554    0.9900    0.7116       400
    positive     0.9540    0.2075    0.3409       400

   micro avg     0.5988    0.5988    0.5988       800
   macro avg     0.7547    0.5988    0.5262       800
weighted avg     0.7547    0.5988    0.5262       800

I0215 14:35:54.449429 4627563968 utilities.py:64] ==================================================
I0215 14:35:54.449496 4627563968 main.py:398] Start training.
I0215 14:35:54.449582 4627563968 dataset.py:128] Resample dataset...
I0215 14:35:54.449637 4627563968 dataset.py:175] Number of instances in labels: 13344
I0215 14:35:54.648735 4627563968 dataset.py:130] Resample dataset completed!
I0215 14:36:00.899775 4627563968 main.py:429] Epoch [8/20], Step [10/19], Loss: 0.539393, Speed: 4.8834 ms
I0215 14:36:06.167205 4627563968 utilities.py:21] ==================================================
I0215 14:36:06.171289 4627563968 utilities.py:50] Total: 2322
I0215 14:36:06.171407 4627563968 utilities.py:51] Correct: 1483
I0215 14:36:06.171481 4627563968 utilities.py:52] Accuracy: 0.6387
I0215 14:36:06.171538 4627563968 utilities.py:53] F1 Score: 0.4837
I0215 14:36:06.171621 4627563968 utilities.py:54] ROC AUC Score: 0.7370
I0215 14:36:06.171703 4627563968 utilities.py:55] Average Precision: 0.7700
I0215 14:36:06.175282 4627563968 utilities.py:63] Classification Report:
              precision    recall  f1-score   support

    negative     0.5867    0.9388    0.7221      1161
    positive     0.8470    0.3385    0.4837      1161

   micro avg     0.6387    0.6387    0.6387      2322
   macro avg     0.7168    0.6387    0.6029      2322
weighted avg     0.7168    0.6387    0.6029      2322

I0215 14:36:06.175397 4627563968 utilities.py:64] ==================================================
I0215 14:36:06.175504 4627563968 main.py:444] Start inference.
I0215 14:36:07.783630 4627563968 utilities.py:21] ==================================================
I0215 14:36:07.786618 4627563968 utilities.py:50] Total: 800
I0215 14:36:07.786713 4627563968 utilities.py:51] Correct: 491
I0215 14:36:07.786789 4627563968 utilities.py:52] Accuracy: 0.6138
I0215 14:36:07.786870 4627563968 utilities.py:53] F1 Score: 0.3707
I0215 14:36:07.786931 4627563968 utilities.py:54] ROC AUC Score: 0.7832
I0215 14:36:07.786988 4627563968 utilities.py:55] Average Precision: 0.8316
I0215 14:36:07.789104 4627563968 utilities.py:63] Classification Report:
              precision    recall  f1-score   support

    negative     0.5642    1.0000    0.7214       400
    positive     1.0000    0.2275    0.3707       400

   micro avg     0.6138    0.6138    0.6138       800
   macro avg     0.7821    0.6138    0.5460       800
weighted avg     0.7821    0.6138    0.5460       800

I0215 14:36:07.789196 4627563968 utilities.py:64] ==================================================
I0215 14:36:07.789264 4627563968 main.py:398] Start training.
I0215 14:36:07.789354 4627563968 dataset.py:128] Resample dataset...
I0215 14:36:07.789411 4627563968 dataset.py:175] Number of instances in labels: 13344
I0215 14:36:07.985798 4627563968 dataset.py:130] Resample dataset completed!
I0215 14:36:14.327476 4627563968 main.py:429] Epoch [9/20], Step [10/19], Loss: 0.597439, Speed: 4.9543 ms
I0215 14:36:19.865293 4627563968 utilities.py:21] ==================================================
I0215 14:36:19.869235 4627563968 utilities.py:50] Total: 2322
I0215 14:36:19.869333 4627563968 utilities.py:51] Correct: 1480
I0215 14:36:19.869399 4627563968 utilities.py:52] Accuracy: 0.6374
I0215 14:36:19.869455 4627563968 utilities.py:53] F1 Score: 0.4439
I0215 14:36:19.869513 4627563968 utilities.py:54] ROC AUC Score: 0.7989
I0215 14:36:19.869565 4627563968 utilities.py:55] Average Precision: 0.8336
I0215 14:36:19.872533 4627563968 utilities.py:63] Classification Report:
              precision    recall  f1-score   support

    negative     0.5810    0.9854    0.7310      1161
    positive     0.9518    0.2894    0.4439      1161

   micro avg     0.6374    0.6374    0.6374      2322
   macro avg     0.7664    0.6374    0.5874      2322
weighted avg     0.7664    0.6374    0.5874      2322

I0215 14:36:19.872610 4627563968 utilities.py:64] ==================================================
I0215 14:36:19.872776 4627563968 main.py:444] Start inference.
I0215 14:36:21.362607 4627563968 utilities.py:21] ==================================================
I0215 14:36:21.365591 4627563968 utilities.py:50] Total: 800
I0215 14:36:21.365685 4627563968 utilities.py:51] Correct: 543
I0215 14:36:21.365750 4627563968 utilities.py:52] Accuracy: 0.6787
I0215 14:36:21.365810 4627563968 utilities.py:53] F1 Score: 0.5451
I0215 14:36:21.365866 4627563968 utilities.py:54] ROC AUC Score: 0.7925
I0215 14:36:21.365921 4627563968 utilities.py:55] Average Precision: 0.8350
I0215 14:36:21.368000 4627563968 utilities.py:63] Classification Report:
              precision    recall  f1-score   support

    negative     0.6126    0.9725    0.7517       400
    positive     0.9333    0.3850    0.5451       400

   micro avg     0.6787    0.6787    0.6787       800
   macro avg     0.7730    0.6787    0.6484       800
weighted avg     0.7730    0.6787    0.6484       800

I0215 14:36:21.368077 4627563968 utilities.py:64] ==================================================
I0215 14:36:21.368149 4627563968 main.py:398] Start training.
I0215 14:36:21.368239 4627563968 dataset.py:128] Resample dataset...
I0215 14:36:21.368298 4627563968 dataset.py:175] Number of instances in labels: 13344
I0215 14:36:21.567505 4627563968 dataset.py:130] Resample dataset completed!
I0215 14:36:27.956510 4627563968 main.py:429] Epoch [10/20], Step [10/19], Loss: 0.541041, Speed: 4.9912 ms
I0215 14:36:33.030158 4627563968 utilities.py:21] ==================================================
I0215 14:36:33.034096 4627563968 utilities.py:50] Total: 2322
I0215 14:36:33.034193 4627563968 utilities.py:51] Correct: 1616
I0215 14:36:33.034260 4627563968 utilities.py:52] Accuracy: 0.6960
I0215 14:36:33.034320 4627563968 utilities.py:53] F1 Score: 0.5886
I0215 14:36:33.034376 4627563968 utilities.py:54] ROC AUC Score: 0.8057
I0215 14:36:33.034430 4627563968 utilities.py:55] Average Precision: 0.8325
I0215 14:36:33.037444 4627563968 utilities.py:63] Classification Report:
              precision    recall  f1-score   support

    negative     0.6287    0.9569    0.7589      1161
    positive     0.9099    0.4350    0.5886      1161

   micro avg     0.6960    0.6960    0.6960      2322
   macro avg     0.7693    0.6960    0.6737      2322
weighted avg     0.7693    0.6960    0.6737      2322

I0215 14:36:33.037551 4627563968 utilities.py:64] ==================================================
I0215 14:36:33.037621 4627563968 main.py:439] Saving model checkpoint...
I0215 14:36:33.044986 4627563968 main.py:444] Start inference.
I0215 14:36:34.377421 4627563968 utilities.py:21] ==================================================
I0215 14:36:34.380491 4627563968 utilities.py:50] Total: 800
I0215 14:36:34.380592 4627563968 utilities.py:51] Correct: 548
I0215 14:36:34.380656 4627563968 utilities.py:52] Accuracy: 0.6850
I0215 14:36:34.380713 4627563968 utilities.py:53] F1 Score: 0.5700
I0215 14:36:34.380765 4627563968 utilities.py:54] ROC AUC Score: 0.8081
I0215 14:36:34.380816 4627563968 utilities.py:55] Average Precision: 0.8393
I0215 14:36:34.382882 4627563968 utilities.py:63] Classification Report:
              precision    recall  f1-score   support

    negative     0.6205    0.9525    0.7515       400
    positive     0.8978    0.4175    0.5700       400

   micro avg     0.6850    0.6850    0.6850       800
   macro avg     0.7592    0.6850    0.6607       800
weighted avg     0.7592    0.6850    0.6607       800

I0215 14:36:34.382956 4627563968 utilities.py:64] ==================================================
I0215 14:36:34.383019 4627563968 main.py:398] Start training.
I0215 14:36:34.383107 4627563968 dataset.py:128] Resample dataset...
I0215 14:36:34.383162 4627563968 dataset.py:175] Number of instances in labels: 13344
I0215 14:36:34.559322 4627563968 dataset.py:130] Resample dataset completed!
I0215 14:36:41.383002 4627563968 main.py:429] Epoch [11/20], Step [10/19], Loss: 0.512298, Speed: 5.3308 ms
I0215 14:36:46.441847 4627563968 utilities.py:21] ==================================================
I0215 14:36:46.445910 4627563968 utilities.py:50] Total: 2322
I0215 14:36:46.446009 4627563968 utilities.py:51] Correct: 1685
I0215 14:36:46.446072 4627563968 utilities.py:52] Accuracy: 0.7257
I0215 14:36:46.446128 4627563968 utilities.py:53] F1 Score: 0.6562
I0215 14:36:46.446181 4627563968 utilities.py:54] ROC AUC Score: 0.8323
I0215 14:36:46.446233 4627563968 utilities.py:55] Average Precision: 0.8492
I0215 14:36:46.449273 4627563968 utilities.py:63] Classification Report:
              precision    recall  f1-score   support

    negative     0.6607    0.9276    0.7718      1161
    positive     0.8786    0.5237    0.6562      1161

   micro avg     0.7257    0.7257    0.7257      2322
   macro avg     0.7697    0.7257    0.7140      2322
weighted avg     0.7697    0.7257    0.7140      2322

I0215 14:36:46.449349 4627563968 utilities.py:64] ==================================================
I0215 14:36:46.449445 4627563968 main.py:444] Start inference.
I0215 14:36:48.679653 4627563968 utilities.py:21] ==================================================
I0215 14:36:48.682754 4627563968 utilities.py:50] Total: 800
I0215 14:36:48.682853 4627563968 utilities.py:51] Correct: 549
I0215 14:36:48.682916 4627563968 utilities.py:52] Accuracy: 0.6863
I0215 14:36:48.682992 4627563968 utilities.py:53] F1 Score: 0.5767
I0215 14:36:48.683066 4627563968 utilities.py:54] ROC AUC Score: 0.8032
I0215 14:36:48.683184 4627563968 utilities.py:55] Average Precision: 0.8323
I0215 14:36:48.685646 4627563968 utilities.py:63] Classification Report:
              precision    recall  f1-score   support

    negative     0.6227    0.9450    0.7507       400
    positive     0.8860    0.4275    0.5767       400

   micro avg     0.6863    0.6863    0.6863       800
   macro avg     0.7544    0.6863    0.6637       800
weighted avg     0.7544    0.6863    0.6637       800

I0215 14:36:48.685765 4627563968 utilities.py:64] ==================================================
I0215 14:36:48.685837 4627563968 main.py:398] Start training.
I0215 14:36:48.685929 4627563968 dataset.py:128] Resample dataset...
I0215 14:36:48.685986 4627563968 dataset.py:175] Number of instances in labels: 13344
I0215 14:36:48.908497 4627563968 dataset.py:130] Resample dataset completed!
I0215 14:36:57.171362 4627563968 main.py:429] Epoch [12/20], Step [10/19], Loss: 0.520535, Speed: 6.4549 ms
I0215 14:37:02.587022 4627563968 utilities.py:21] ==================================================
I0215 14:37:02.591105 4627563968 utilities.py:50] Total: 2322
I0215 14:37:02.591207 4627563968 utilities.py:51] Correct: 1677
I0215 14:37:02.591275 4627563968 utilities.py:52] Accuracy: 0.7222
I0215 14:37:02.591336 4627563968 utilities.py:53] F1 Score: 0.6549
I0215 14:37:02.591392 4627563968 utilities.py:54] ROC AUC Score: 0.8197
I0215 14:37:02.591447 4627563968 utilities.py:55] Average Precision: 0.8445
I0215 14:37:02.594419 4627563968 utilities.py:63] Classification Report:
              precision    recall  f1-score   support

    negative     0.6599    0.9173    0.7676      1161
    positive     0.8644    0.5271    0.6549      1161

   micro avg     0.7222    0.7222    0.7222      2322
   macro avg     0.7621    0.7222    0.7112      2322
weighted avg     0.7621    0.7222    0.7112      2322

I0215 14:37:02.594498 4627563968 utilities.py:64] ==================================================
I0215 14:37:02.594599 4627563968 main.py:444] Start inference.
I0215 14:37:04.107028 4627563968 utilities.py:21] ==================================================
I0215 14:37:04.109992 4627563968 utilities.py:50] Total: 800
I0215 14:37:04.110100 4627563968 utilities.py:51] Correct: 575
I0215 14:37:04.110193 4627563968 utilities.py:52] Accuracy: 0.7188
I0215 14:37:04.110277 4627563968 utilities.py:53] F1 Score: 0.6533
I0215 14:37:04.110341 4627563968 utilities.py:54] ROC AUC Score: 0.8049
I0215 14:37:04.110400 4627563968 utilities.py:55] Average Precision: 0.8321
I0215 14:37:04.112514 4627563968 utilities.py:63] Classification Report:
              precision    recall  f1-score   support

    negative     0.6588    0.9075    0.7634       400
    positive     0.8514    0.5300    0.6533       400

   micro avg     0.7188    0.7188    0.7188       800
   macro avg     0.7551    0.7188    0.7084       800
weighted avg     0.7551    0.7188    0.7084       800

I0215 14:37:04.112604 4627563968 utilities.py:64] ==================================================
I0215 14:37:04.112680 4627563968 main.py:398] Start training.
I0215 14:37:04.112774 4627563968 dataset.py:128] Resample dataset...
I0215 14:37:04.112836 4627563968 dataset.py:175] Number of instances in labels: 13344
I0215 14:37:04.314992 4627563968 dataset.py:130] Resample dataset completed!
I0215 14:37:12.091437 4627563968 main.py:429] Epoch [13/20], Step [10/19], Loss: 0.531861, Speed: 6.0752 ms
I0215 14:37:17.368730 4627563968 utilities.py:21] ==================================================
I0215 14:37:17.372707 4627563968 utilities.py:50] Total: 2322
I0215 14:37:17.372805 4627563968 utilities.py:51] Correct: 1722
I0215 14:37:17.372871 4627563968 utilities.py:52] Accuracy: 0.7416
I0215 14:37:17.372932 4627563968 utilities.py:53] F1 Score: 0.6878
I0215 14:37:17.372987 4627563968 utilities.py:54] ROC AUC Score: 0.8194
I0215 14:37:17.373041 4627563968 utilities.py:55] Average Precision: 0.8461
I0215 14:37:17.376079 4627563968 utilities.py:63] Classification Report:
              precision    recall  f1-score   support

    negative     0.6797    0.9139    0.7796      1161
    positive     0.8686    0.5693    0.6878      1161

   micro avg     0.7416    0.7416    0.7416      2322
   macro avg     0.7741    0.7416    0.7337      2322
weighted avg     0.7741    0.7416    0.7337      2322

I0215 14:37:17.376155 4627563968 utilities.py:64] ==================================================
I0215 14:37:17.376255 4627563968 main.py:444] Start inference.
I0215 14:37:18.677327 4627563968 utilities.py:21] ==================================================
I0215 14:37:18.680480 4627563968 utilities.py:50] Total: 800
I0215 14:37:18.680587 4627563968 utilities.py:51] Correct: 569
I0215 14:37:18.680659 4627563968 utilities.py:52] Accuracy: 0.7113
I0215 14:37:18.680721 4627563968 utilities.py:53] F1 Score: 0.6328
I0215 14:37:18.680778 4627563968 utilities.py:54] ROC AUC Score: 0.8041
I0215 14:37:18.680845 4627563968 utilities.py:55] Average Precision: 0.8352
I0215 14:37:18.683079 4627563968 utilities.py:63] Classification Report:
              precision    recall  f1-score   support

    negative     0.6480    0.9250    0.7621       400
    positive     0.8690    0.4975    0.6328       400

   micro avg     0.7113    0.7113    0.7112       800
   macro avg     0.7585    0.7113    0.6974       800
weighted avg     0.7585    0.7113    0.6974       800

I0215 14:37:18.683214 4627563968 utilities.py:64] ==================================================
I0215 14:37:18.683337 4627563968 main.py:398] Start training.
I0215 14:37:18.683440 4627563968 dataset.py:128] Resample dataset...
I0215 14:37:18.683513 4627563968 dataset.py:175] Number of instances in labels: 13344
I0215 14:37:18.882472 4627563968 dataset.py:130] Resample dataset completed!
I0215 14:37:25.142389 4627563968 main.py:429] Epoch [14/20], Step [10/19], Loss: 0.530518, Speed: 4.8904 ms
I0215 14:37:30.118331 4627563968 utilities.py:21] ==================================================
I0215 14:37:30.122189 4627563968 utilities.py:50] Total: 2322
I0215 14:37:30.122290 4627563968 utilities.py:51] Correct: 1717
I0215 14:37:30.122358 4627563968 utilities.py:52] Accuracy: 0.7394
I0215 14:37:30.122418 4627563968 utilities.py:53] F1 Score: 0.6844
I0215 14:37:30.122476 4627563968 utilities.py:54] ROC AUC Score: 0.8341
I0215 14:37:30.122531 4627563968 utilities.py:55] Average Precision: 0.8529
I0215 14:37:30.125612 4627563968 utilities.py:63] Classification Report:
              precision    recall  f1-score   support

    negative     0.6775    0.9139    0.7781      1161
    positive     0.8677    0.5650    0.6844      1161

   micro avg     0.7394    0.7394    0.7394      2322
   macro avg     0.7726    0.7394    0.7313      2322
weighted avg     0.7726    0.7394    0.7313      2322

I0215 14:37:30.125692 4627563968 utilities.py:64] ==================================================
I0215 14:37:30.125796 4627563968 main.py:444] Start inference.
I0215 14:37:31.406652 4627563968 utilities.py:21] ==================================================
I0215 14:37:31.409115 4627563968 utilities.py:50] Total: 800
I0215 14:37:31.409215 4627563968 utilities.py:51] Correct: 572
I0215 14:37:31.409278 4627563968 utilities.py:52] Accuracy: 0.7150
I0215 14:37:31.409337 4627563968 utilities.py:53] F1 Score: 0.6438
I0215 14:37:31.409392 4627563968 utilities.py:54] ROC AUC Score: 0.8071
I0215 14:37:31.409444 4627563968 utilities.py:55] Average Precision: 0.8360
I0215 14:37:31.411504 4627563968 utilities.py:63] Classification Report:
              precision    recall  f1-score   support

    negative     0.6536    0.9150    0.7625       400
    positive     0.8583    0.5150    0.6438       400

   micro avg     0.7150    0.7150    0.7150       800
   macro avg     0.7560    0.7150    0.7031       800
weighted avg     0.7560    0.7150    0.7031       800

I0215 14:37:31.411579 4627563968 utilities.py:64] ==================================================
I0215 14:37:31.411647 4627563968 main.py:398] Start training.
I0215 14:37:31.411734 4627563968 dataset.py:128] Resample dataset...
I0215 14:37:31.411791 4627563968 dataset.py:175] Number of instances in labels: 13344
I0215 14:37:31.613635 4627563968 dataset.py:130] Resample dataset completed!
I0215 14:37:37.802139 4627563968 main.py:429] Epoch [15/20], Step [10/19], Loss: 0.484426, Speed: 4.8346 ms
I0215 14:37:43.044651 4627563968 utilities.py:21] ==================================================
I0215 14:37:43.048524 4627563968 utilities.py:50] Total: 2322
I0215 14:37:43.048625 4627563968 utilities.py:51] Correct: 1749
I0215 14:37:43.048692 4627563968 utilities.py:52] Accuracy: 0.7532
I0215 14:37:43.048753 4627563968 utilities.py:53] F1 Score: 0.7072
I0215 14:37:43.048810 4627563968 utilities.py:54] ROC AUC Score: 0.8345
I0215 14:37:43.048865 4627563968 utilities.py:55] Average Precision: 0.8556
I0215 14:37:43.051903 4627563968 utilities.py:63] Classification Report:
              precision    recall  f1-score   support

    negative     0.6927    0.9104    0.7868      1161
    positive     0.8693    0.5960    0.7072      1161

   micro avg     0.7532    0.7532    0.7532      2322
   macro avg     0.7810    0.7532    0.7470      2322
weighted avg     0.7810    0.7532    0.7470      2322

I0215 14:37:43.051993 4627563968 utilities.py:64] ==================================================
I0215 14:37:43.052094 4627563968 main.py:444] Start inference.
I0215 14:37:44.338984 4627563968 utilities.py:21] ==================================================
I0215 14:37:44.342136 4627563968 utilities.py:50] Total: 800
I0215 14:37:44.342234 4627563968 utilities.py:51] Correct: 568
I0215 14:37:44.342297 4627563968 utilities.py:52] Accuracy: 0.7100
I0215 14:37:44.342355 4627563968 utilities.py:53] F1 Score: 0.6270
I0215 14:37:44.342411 4627563968 utilities.py:54] ROC AUC Score: 0.8046
I0215 14:37:44.342463 4627563968 utilities.py:55] Average Precision: 0.8354
I0215 14:37:44.344550 4627563968 utilities.py:63] Classification Report:
              precision    recall  f1-score   support

    negative     0.6453    0.9325    0.7628       400
    positive     0.8784    0.4875    0.6270       400

   micro avg     0.7100    0.7100    0.7100       800
   macro avg     0.7619    0.7100    0.6949       800
weighted avg     0.7619    0.7100    0.6949       800

I0215 14:37:44.344626 4627563968 utilities.py:64] ==================================================
I0215 14:37:44.344696 4627563968 main.py:398] Start training.
I0215 14:37:44.344785 4627563968 dataset.py:128] Resample dataset...
I0215 14:37:44.344842 4627563968 dataset.py:175] Number of instances in labels: 13344
I0215 14:37:44.520128 4627563968 dataset.py:130] Resample dataset completed!
I0215 14:37:50.699182 4627563968 main.py:429] Epoch [16/20], Step [10/19], Loss: 0.444693, Speed: 4.8272 ms
I0215 14:37:55.728519 4627563968 utilities.py:21] ==================================================
I0215 14:37:55.732434 4627563968 utilities.py:50] Total: 2322
I0215 14:37:55.732532 4627563968 utilities.py:51] Correct: 1733
I0215 14:37:55.732599 4627563968 utilities.py:52] Accuracy: 0.7463
I0215 14:37:55.732660 4627563968 utilities.py:53] F1 Score: 0.6943
I0215 14:37:55.732714 4627563968 utilities.py:54] ROC AUC Score: 0.8331
I0215 14:37:55.732773 4627563968 utilities.py:55] Average Precision: 0.8540
I0215 14:37:55.735807 4627563968 utilities.py:63] Classification Report:
              precision    recall  f1-score   support

    negative     0.6838    0.9165    0.7832      1161
    positive     0.8734    0.5762    0.6943      1161

   micro avg     0.7463    0.7463    0.7463      2322
   macro avg     0.7786    0.7463    0.7388      2322
weighted avg     0.7786    0.7463    0.7388      2322

I0215 14:37:55.735886 4627563968 utilities.py:64] ==================================================
I0215 14:37:55.735987 4627563968 main.py:444] Start inference.
I0215 14:37:57.025581 4627563968 utilities.py:21] ==================================================
I0215 14:37:57.028592 4627563968 utilities.py:50] Total: 800
I0215 14:37:57.028692 4627563968 utilities.py:51] Correct: 572
I0215 14:37:57.028759 4627563968 utilities.py:52] Accuracy: 0.7150
I0215 14:37:57.028820 4627563968 utilities.py:53] F1 Score: 0.6426
I0215 14:37:57.028876 4627563968 utilities.py:54] ROC AUC Score: 0.8067
I0215 14:37:57.028929 4627563968 utilities.py:55] Average Precision: 0.8353
I0215 14:37:57.031005 4627563968 utilities.py:63] Classification Report:
              precision    recall  f1-score   support

    negative     0.6530    0.9175    0.7630       400
    positive     0.8613    0.5125    0.6426       400

   micro avg     0.7150    0.7150    0.7150       800
   macro avg     0.7572    0.7150    0.7028       800
weighted avg     0.7572    0.7150    0.7028       800

I0215 14:37:57.031081 4627563968 utilities.py:64] ==================================================
I0215 14:37:57.031152 4627563968 main.py:398] Start training.
I0215 14:37:57.031244 4627563968 dataset.py:128] Resample dataset...
I0215 14:37:57.031305 4627563968 dataset.py:175] Number of instances in labels: 13344
I0215 14:37:57.229530 4627563968 dataset.py:130] Resample dataset completed!
I0215 14:38:03.370885 4627563968 main.py:429] Epoch [17/20], Step [10/19], Loss: 0.494606, Speed: 4.7977 ms
I0215 14:38:08.502326 4627563968 utilities.py:21] ==================================================
I0215 14:38:08.506335 4627563968 utilities.py:50] Total: 2322
I0215 14:38:08.506433 4627563968 utilities.py:51] Correct: 1738
I0215 14:38:08.506496 4627563968 utilities.py:52] Accuracy: 0.7485
I0215 14:38:08.506554 4627563968 utilities.py:53] F1 Score: 0.7026
I0215 14:38:08.506608 4627563968 utilities.py:54] ROC AUC Score: 0.8226
I0215 14:38:08.506662 4627563968 utilities.py:55] Average Precision: 0.8446
I0215 14:38:08.509742 4627563968 utilities.py:63] Classification Report:
              precision    recall  f1-score   support

    negative     0.6899    0.9027    0.7821      1161
    positive     0.8593    0.5943    0.7026      1161

   micro avg     0.7485    0.7485    0.7485      2322
   macro avg     0.7746    0.7485    0.7424      2322
weighted avg     0.7746    0.7485    0.7424      2322

I0215 14:38:08.509817 4627563968 utilities.py:64] ==================================================
I0215 14:38:08.509914 4627563968 main.py:444] Start inference.
I0215 14:38:09.796434 4627563968 utilities.py:21] ==================================================
I0215 14:38:09.799458 4627563968 utilities.py:50] Total: 800
I0215 14:38:09.799554 4627563968 utilities.py:51] Correct: 574
I0215 14:38:09.799648 4627563968 utilities.py:52] Accuracy: 0.7175
I0215 14:38:09.799787 4627563968 utilities.py:53] F1 Score: 0.6458
I0215 14:38:09.799867 4627563968 utilities.py:54] ROC AUC Score: 0.8044
I0215 14:38:09.799944 4627563968 utilities.py:55] Average Precision: 0.8348
I0215 14:38:09.802078 4627563968 utilities.py:63] Classification Report:
              precision    recall  f1-score   support

    negative     0.6548    0.9200    0.7651       400
    positive     0.8655    0.5150    0.6458       400

   micro avg     0.7175    0.7175    0.7175       800
   macro avg     0.7602    0.7175    0.7054       800
weighted avg     0.7602    0.7175    0.7054       800

I0215 14:38:09.802200 4627563968 utilities.py:64] ==================================================
I0215 14:38:09.802299 4627563968 main.py:398] Start training.
I0215 14:38:09.802398 4627563968 dataset.py:128] Resample dataset...
I0215 14:38:09.802458 4627563968 dataset.py:175] Number of instances in labels: 13344
I0215 14:38:10.000322 4627563968 dataset.py:130] Resample dataset completed!
I0215 14:38:16.398238 4627563968 main.py:429] Epoch [18/20], Step [10/19], Loss: 0.542374, Speed: 4.9982 ms
I0215 14:38:21.332784 4627563968 utilities.py:21] ==================================================
I0215 14:38:21.336687 4627563968 utilities.py:50] Total: 2322
I0215 14:38:21.336786 4627563968 utilities.py:51] Correct: 1773
I0215 14:38:21.336854 4627563968 utilities.py:52] Accuracy: 0.7636
I0215 14:38:21.336916 4627563968 utilities.py:53] F1 Score: 0.7177
I0215 14:38:21.336974 4627563968 utilities.py:54] ROC AUC Score: 0.8401
I0215 14:38:21.337029 4627563968 utilities.py:55] Average Precision: 0.8615
I0215 14:38:21.340069 4627563968 utilities.py:63] Classification Report:
              precision    recall  f1-score   support

    negative     0.6990    0.9259    0.7966      1161
    positive     0.8903    0.6012    0.7177      1161

   micro avg     0.7636    0.7636    0.7636      2322
   macro avg     0.7946    0.7636    0.7572      2322
weighted avg     0.7946    0.7636    0.7572      2322

I0215 14:38:21.340147 4627563968 utilities.py:64] ==================================================
I0215 14:38:21.340249 4627563968 main.py:444] Start inference.
I0215 14:38:22.636738 4627563968 utilities.py:21] ==================================================
I0215 14:38:22.639721 4627563968 utilities.py:50] Total: 800
I0215 14:38:22.639824 4627563968 utilities.py:51] Correct: 572
I0215 14:38:22.639894 4627563968 utilities.py:52] Accuracy: 0.7150
I0215 14:38:22.639955 4627563968 utilities.py:53] F1 Score: 0.6404
I0215 14:38:22.640026 4627563968 utilities.py:54] ROC AUC Score: 0.8065
I0215 14:38:22.640079 4627563968 utilities.py:55] Average Precision: 0.8355
I0215 14:38:22.642144 4627563968 utilities.py:63] Classification Report:
              precision    recall  f1-score   support

    negative     0.6519    0.9225    0.7640       400
    positive     0.8675    0.5075    0.6404       400

   micro avg     0.7150    0.7150    0.7150       800
   macro avg     0.7597    0.7150    0.7022       800
weighted avg     0.7597    0.7150    0.7022       800

I0215 14:38:22.642219 4627563968 utilities.py:64] ==================================================
I0215 14:38:22.642285 4627563968 main.py:398] Start training.
I0215 14:38:22.642373 4627563968 dataset.py:128] Resample dataset...
I0215 14:38:22.642430 4627563968 dataset.py:175] Number of instances in labels: 13344
I0215 14:38:22.840890 4627563968 dataset.py:130] Resample dataset completed!
I0215 14:38:28.959152 4627563968 main.py:429] Epoch [19/20], Step [10/19], Loss: 0.522203, Speed: 4.7797 ms
I0215 14:38:34.055526 4627563968 utilities.py:21] ==================================================
I0215 14:38:34.059540 4627563968 utilities.py:50] Total: 2322
I0215 14:38:34.059635 4627563968 utilities.py:51] Correct: 1761
I0215 14:38:34.059699 4627563968 utilities.py:52] Accuracy: 0.7584
I0215 14:38:34.059756 4627563968 utilities.py:53] F1 Score: 0.7151
I0215 14:38:34.059808 4627563968 utilities.py:54] ROC AUC Score: 0.8438
I0215 14:38:34.059859 4627563968 utilities.py:55] Average Precision: 0.8646
I0215 14:38:34.062922 4627563968 utilities.py:63] Classification Report:
              precision    recall  f1-score   support

    negative     0.6982    0.9104    0.7903      1161
    positive     0.8713    0.6064    0.7151      1161

   micro avg     0.7584    0.7584    0.7584      2322
   macro avg     0.7847    0.7584    0.7527      2322
weighted avg     0.7847    0.7584    0.7527      2322

I0215 14:38:34.062995 4627563968 utilities.py:64] ==================================================
I0215 14:38:34.063091 4627563968 main.py:444] Start inference.
I0215 14:38:35.345966 4627563968 utilities.py:21] ==================================================
I0215 14:38:35.348992 4627563968 utilities.py:50] Total: 800
I0215 14:38:35.349088 4627563968 utilities.py:51] Correct: 574
I0215 14:38:35.349152 4627563968 utilities.py:52] Accuracy: 0.7175
I0215 14:38:35.349210 4627563968 utilities.py:53] F1 Score: 0.6458
I0215 14:38:35.349263 4627563968 utilities.py:54] ROC AUC Score: 0.8042
I0215 14:38:35.349315 4627563968 utilities.py:55] Average Precision: 0.8347
I0215 14:38:35.351389 4627563968 utilities.py:63] Classification Report:
              precision    recall  f1-score   support

    negative     0.6548    0.9200    0.7651       400
    positive     0.8655    0.5150    0.6458       400

   micro avg     0.7175    0.7175    0.7175       800
   macro avg     0.7602    0.7175    0.7054       800
weighted avg     0.7602    0.7175    0.7054       800

I0215 14:38:35.351464 4627563968 utilities.py:64] ==================================================
I0215 14:38:35.351534 4627563968 main.py:398] Start training.
I0215 14:38:35.351622 4627563968 dataset.py:128] Resample dataset...
I0215 14:38:35.351680 4627563968 dataset.py:175] Number of instances in labels: 13344
I0215 14:38:35.526855 4627563968 dataset.py:130] Resample dataset completed!
I0215 14:38:41.855162 4627563968 main.py:429] Epoch [20/20], Step [10/19], Loss: 0.561731, Speed: 4.9438 ms
I0215 14:38:46.775110 4627563968 utilities.py:21] ==================================================
I0215 14:38:46.778959 4627563968 utilities.py:50] Total: 2322
I0215 14:38:46.779052 4627563968 utilities.py:51] Correct: 1730
I0215 14:38:46.779113 4627563968 utilities.py:52] Accuracy: 0.7450
I0215 14:38:46.779170 4627563968 utilities.py:53] F1 Score: 0.6936
I0215 14:38:46.779222 4627563968 utilities.py:54] ROC AUC Score: 0.8165
I0215 14:38:46.779273 4627563968 utilities.py:55] Average Precision: 0.8399
I0215 14:38:46.782335 4627563968 utilities.py:63] Classification Report:
              precision    recall  f1-score   support

    negative     0.6834    0.9130    0.7817      1161
    positive     0.8690    0.5771    0.6936      1161

   micro avg     0.7450    0.7450    0.7450      2322
   macro avg     0.7762    0.7450    0.7376      2322
weighted avg     0.7762    0.7450    0.7376      2322

I0215 14:38:46.782409 4627563968 utilities.py:64] ==================================================
I0215 14:38:46.782477 4627563968 main.py:439] Saving model checkpoint...
I0215 14:38:46.789587 4627563968 main.py:444] Start inference.
I0215 14:38:48.096328 4627563968 utilities.py:21] ==================================================
I0215 14:38:48.099334 4627563968 utilities.py:50] Total: 800
I0215 14:38:48.099551 4627563968 utilities.py:51] Correct: 577
I0215 14:38:48.099632 4627563968 utilities.py:52] Accuracy: 0.7212
I0215 14:38:48.099735 4627563968 utilities.py:53] F1 Score: 0.6510
I0215 14:38:48.099812 4627563968 utilities.py:54] ROC AUC Score: 0.8047
I0215 14:38:48.099897 4627563968 utilities.py:55] Average Precision: 0.8354
I0215 14:38:48.102046 4627563968 utilities.py:63] Classification Report:
              precision    recall  f1-score   support

    negative     0.6578    0.9225    0.7680       400
    positive     0.8703    0.5200    0.6510       400

   micro avg     0.7212    0.7212    0.7212       800
   macro avg     0.7640    0.7212    0.7095       800
weighted avg     0.7640    0.7212    0.7095       800

I0215 14:38:48.102167 4627563968 utilities.py:64] ==================================================
I0215 14:38:48.102276 4627563968 main.py:470] Train/Eval completed.
