I0216 13:34:33.184243 4719936960 main.py:527] Saved model parameters:
I0216 13:34:33.184406 4719936960 main.py:529] 0: model_type=rnn
I0216 13:34:33.184469 4719936960 main.py:529] 1: input_size=256
I0216 13:34:33.184527 4719936960 main.py:529] 2: rnn_hidden_size=256
I0216 13:34:33.184580 4719936960 main.py:529] 3: use_attention=True
I0216 13:34:33.184631 4719936960 main.py:529] 4: rnn_type=lstm
I0216 13:34:33.184681 4719936960 main.py:529] 5: rnn_layers=1
I0216 13:34:33.184731 4719936960 main.py:529] 6: rnn_dropout=0.0
I0216 13:34:33.184782 4719936960 main.py:529] 7: rnn_bidirectional=True
I0216 13:34:33.184832 4719936960 main.py:529] 8: standardize=True
I0216 13:34:33.184880 4719936960 main.py:529] 9: block_size=3
I0216 13:34:33.184931 4719936960 main.py:529] 10: history_window=56
I0216 13:34:33.184979 4719936960 main.py:529] 11: prediction_window=4
I0216 13:34:33.185029 4719936960 main.py:529] 12: target_label=death
I0216 13:34:33.185076 4719936960 main.py:529] 13: data_dir=./data
I0216 13:34:33.185124 4719936960 main.py:529] 14: lr_pooling=mean
I0216 13:34:33.185169 4719936960 main.py:529] 15: save_per_epochs=10
I0216 13:34:33.185260 4719936960 main.py:545] Mode: Train/Eval pipeline
I0216 13:34:33.185444 4719936960 main.py:313] 0: code/main.py
I0216 13:34:33.185503 4719936960 main.py:313] 1: --phase=pipeline
I0216 13:34:33.185555 4719936960 main.py:313] 2: --model_type=rnn
I0216 13:34:33.185606 4719936960 main.py:313] 3: --rnn_type=lstm
I0216 13:34:33.185656 4719936960 main.py:313] 4: --rnn_bidirectional
I0216 13:34:33.185707 4719936960 main.py:313] 5: --use_attention
I0216 13:34:33.185756 4719936960 main.py:313] 6: --batch_size=128
I0216 13:34:33.185806 4719936960 main.py:313] 7: --input_size=256
I0216 13:34:33.185858 4719936960 main.py:313] 8: --rnn_hidden_size=256
I0216 13:34:33.185906 4719936960 main.py:313] 9: --num_epochs=20
I0216 13:34:33.185957 4719936960 main.py:313] 10: --learning_rate=1e-3
I0216 13:34:33.186006 4719936960 main.py:313] 11: --train_data_split=train
I0216 13:34:33.186054 4719936960 main.py:313] 12: --eval_data_split=val
I0216 13:34:33.186105 4719936960 main.py:313] 13: --data_dir=./data
I0216 13:34:33.186155 4719936960 main.py:313] 14: --target_label=death
I0216 13:34:33.186204 4719936960 main.py:313] 15: --block_size=3
I0216 13:34:33.186259 4719936960 main.py:313] 16: --history_window=56
I0216 13:34:33.186306 4719936960 main.py:313] 17: --prediction_window=4
I0216 13:34:33.186377 4719936960 main.py:313] 18: --train_dataset_size=0
I0216 13:34:33.186436 4719936960 main.py:313] 19: --eval_dataset_size=0
I0216 13:34:33.186482 4719936960 main.py:313] 20: --rnn_layers=1
I0216 13:34:33.186565 4719936960 main.py:313] 21: --rnn_dropout=0
I0216 13:34:33.186639 4719936960 main.py:313] 22: --standardize
I0216 13:34:33.186691 4719936960 main.py:313] 23: --checkpoint_dir=./experiments
I0216 13:34:33.186742 4719936960 main.py:313] 24: --experiment_name=exp_3_d
