I0216 20:00:51.854768 4549047744 main.py:527] Saved model parameters:
I0216 20:00:51.854927 4549047744 main.py:529] 0: model_type=rnn
I0216 20:00:51.854989 4549047744 main.py:529] 1: input_size=256
I0216 20:00:51.855041 4549047744 main.py:529] 2: rnn_hidden_size=256
I0216 20:00:51.855090 4549047744 main.py:529] 3: use_attention=False
I0216 20:00:51.855138 4549047744 main.py:529] 4: rnn_type=lstm
I0216 20:00:51.855184 4549047744 main.py:529] 5: rnn_layers=1
I0216 20:00:51.855229 4549047744 main.py:529] 6: rnn_dropout=0.0
I0216 20:00:51.855277 4549047744 main.py:529] 7: rnn_bidirectional=True
I0216 20:00:51.855322 4549047744 main.py:529] 8: standardize=True
I0216 20:00:51.855366 4549047744 main.py:529] 9: block_size=6
I0216 20:00:51.855412 4549047744 main.py:529] 10: history_window=8
I0216 20:00:51.855458 4549047744 main.py:529] 11: prediction_window=28
I0216 20:00:51.855503 4549047744 main.py:529] 12: target_label=death
I0216 20:00:51.855547 4549047744 main.py:529] 13: data_dir=./data
I0216 20:00:51.855593 4549047744 main.py:529] 14: lr_pooling=mean
I0216 20:00:51.855640 4549047744 main.py:529] 15: save_per_epochs=10
I0216 20:00:51.855692 4549047744 main.py:545] Mode: Train/Eval pipeline
I0216 20:00:51.855829 4549047744 main.py:313] 0: code/main.py
I0216 20:00:51.855885 4549047744 main.py:313] 1: --phase=pipeline
I0216 20:00:51.855932 4549047744 main.py:313] 2: --model_type=rnn
I0216 20:00:51.855978 4549047744 main.py:313] 3: --rnn_type=lstm
I0216 20:00:51.856024 4549047744 main.py:313] 4: --rnn_bidirectional
I0216 20:00:51.856069 4549047744 main.py:313] 5: --nouse_attention
I0216 20:00:51.856116 4549047744 main.py:313] 6: --batch_size=128
I0216 20:00:51.856162 4549047744 main.py:313] 7: --input_size=256
I0216 20:00:51.856207 4549047744 main.py:313] 8: --rnn_hidden_size=256
I0216 20:00:51.856253 4549047744 main.py:313] 9: --num_epochs=20
I0216 20:00:51.856298 4549047744 main.py:313] 10: --learning_rate=1e-3
I0216 20:00:51.856343 4549047744 main.py:313] 11: --train_data_split=train
I0216 20:00:51.856389 4549047744 main.py:313] 12: --eval_data_split=val
I0216 20:00:51.856435 4549047744 main.py:313] 13: --data_dir=./data
I0216 20:00:51.856479 4549047744 main.py:313] 14: --target_label=death
I0216 20:00:51.856526 4549047744 main.py:313] 15: --block_size=6
I0216 20:00:51.856576 4549047744 main.py:313] 16: --history_window=8
I0216 20:00:51.856624 4549047744 main.py:313] 17: --prediction_window=28
I0216 20:00:51.856671 4549047744 main.py:313] 18: --train_dataset_size=0
I0216 20:00:51.856717 4549047744 main.py:313] 19: --eval_dataset_size=0
I0216 20:00:51.856762 4549047744 main.py:313] 20: --rnn_layers=1
I0216 20:00:51.856807 4549047744 main.py:313] 21: --rnn_dropout=0
I0216 20:00:51.856853 4549047744 main.py:313] 22: --standardize
I0216 20:00:51.856899 4549047744 main.py:313] 23: --checkpoint_dir=./experiments
I0216 20:00:51.856945 4549047744 main.py:313] 24: --experiment_name=exp_4_b
I0216 20:00:57.015197 4549047744 dataset.py:116] Number of admissions: 13344
I0216 20:00:57.015375 4549047744 dataset.py:117] Preprocess dataset with block size of 6
