I0216 13:15:52.802648 4465558976 main.py:527] Saved model parameters:
I0216 13:15:52.802798 4465558976 main.py:529] 0: model_type=rnn
I0216 13:15:52.802859 4465558976 main.py:529] 1: input_size=256
I0216 13:15:52.802909 4465558976 main.py:529] 2: rnn_hidden_size=256
I0216 13:15:52.802958 4465558976 main.py:529] 3: use_attention=True
I0216 13:15:52.803003 4465558976 main.py:529] 4: rnn_type=lstm
I0216 13:15:52.803050 4465558976 main.py:529] 5: rnn_layers=1
I0216 13:15:52.803095 4465558976 main.py:529] 6: rnn_dropout=0.0
I0216 13:15:52.803141 4465558976 main.py:529] 7: rnn_bidirectional=False
I0216 13:15:52.803185 4465558976 main.py:529] 8: standardize=True
I0216 13:15:52.803231 4465558976 main.py:529] 9: block_size=3
I0216 13:15:52.803276 4465558976 main.py:529] 10: history_window=56
I0216 13:15:52.803321 4465558976 main.py:529] 11: prediction_window=4
I0216 13:15:52.803365 4465558976 main.py:529] 12: target_label=death
I0216 13:15:52.803409 4465558976 main.py:529] 13: data_dir=./data
I0216 13:15:52.803453 4465558976 main.py:529] 14: lr_pooling=mean
I0216 13:15:52.803498 4465558976 main.py:529] 15: save_per_epochs=10
I0216 13:15:52.803550 4465558976 main.py:545] Mode: Train/Eval pipeline
I0216 13:15:52.803697 4465558976 main.py:313] 0: code/main.py
I0216 13:15:52.803754 4465558976 main.py:313] 1: --phase=pipeline
I0216 13:15:52.803802 4465558976 main.py:313] 2: --model_type=rnn
I0216 13:15:52.803846 4465558976 main.py:313] 3: --rnn_type=lstm
I0216 13:15:52.803893 4465558976 main.py:313] 4: --nornn_bidirectional
I0216 13:15:52.803938 4465558976 main.py:313] 5: --use_attention
I0216 13:15:52.803983 4465558976 main.py:313] 6: --batch_size=128
I0216 13:15:52.804027 4465558976 main.py:313] 7: --input_size=256
I0216 13:15:52.804072 4465558976 main.py:313] 8: --rnn_hidden_size=256
I0216 13:15:52.804117 4465558976 main.py:313] 9: --num_epochs=20
I0216 13:15:52.804162 4465558976 main.py:313] 10: --learning_rate=1e-3
I0216 13:15:52.804207 4465558976 main.py:313] 11: --train_data_split=train
I0216 13:15:52.804251 4465558976 main.py:313] 12: --eval_data_split=val
I0216 13:15:52.804296 4465558976 main.py:313] 13: --data_dir=./data
I0216 13:15:52.804342 4465558976 main.py:313] 14: --target_label=death
I0216 13:15:52.804386 4465558976 main.py:313] 15: --block_size=3
I0216 13:15:52.804431 4465558976 main.py:313] 16: --history_window=56
I0216 13:15:52.804474 4465558976 main.py:313] 17: --prediction_window=4
I0216 13:15:52.804519 4465558976 main.py:313] 18: --train_dataset_size=0
I0216 13:15:52.804563 4465558976 main.py:313] 19: --eval_dataset_size=0
I0216 13:15:52.804609 4465558976 main.py:313] 20: --rnn_layers=1
I0216 13:15:52.804653 4465558976 main.py:313] 21: --rnn_dropout=0
I0216 13:15:52.804697 4465558976 main.py:313] 22: --standardize
I0216 13:15:52.804741 4465558976 main.py:313] 23: --checkpoint_dir=./experiments
I0216 13:15:52.804793 4465558976 main.py:313] 24: --experiment_name=exp_3_c
