I0216 22:42:23.500648 4575094208 main.py:527] Saved model parameters:
I0216 22:42:23.500808 4575094208 main.py:529] 0: model_type=rnn
I0216 22:42:23.500870 4575094208 main.py:529] 1: input_size=256
I0216 22:42:23.500922 4575094208 main.py:529] 2: rnn_hidden_size=256
I0216 22:42:23.500969 4575094208 main.py:529] 3: use_attention=False
I0216 22:42:23.501017 4575094208 main.py:529] 4: rnn_type=lstm
I0216 22:42:23.501062 4575094208 main.py:529] 5: rnn_layers=1
I0216 22:42:23.501108 4575094208 main.py:529] 6: rnn_dropout=0.0
I0216 22:42:23.501155 4575094208 main.py:529] 7: rnn_bidirectional=False
I0216 22:42:23.501199 4575094208 main.py:529] 8: standardize=True
I0216 22:42:23.501245 4575094208 main.py:529] 9: block_size=3
I0216 22:42:23.501291 4575094208 main.py:529] 10: history_window=112
I0216 22:42:23.501336 4575094208 main.py:529] 11: prediction_window=8
I0216 22:42:23.501381 4575094208 main.py:529] 12: target_label=death
I0216 22:42:23.501425 4575094208 main.py:529] 13: data_dir=./data
I0216 22:42:23.501469 4575094208 main.py:529] 14: lr_pooling=mean
I0216 22:42:23.501513 4575094208 main.py:529] 15: save_per_epochs=10
I0216 22:42:23.501565 4575094208 main.py:545] Mode: Train/Eval pipeline
I0216 22:42:23.501703 4575094208 main.py:313] 0: code/main.py
I0216 22:42:23.501759 4575094208 main.py:313] 1: --phase=pipeline
I0216 22:42:23.501808 4575094208 main.py:313] 2: --model_type=rnn
I0216 22:42:23.501853 4575094208 main.py:313] 3: --rnn_type=lstm
I0216 22:42:23.501899 4575094208 main.py:313] 4: --nornn_bidirectional
I0216 22:42:23.501945 4575094208 main.py:313] 5: --nouse_attention
I0216 22:42:23.501989 4575094208 main.py:313] 6: --batch_size=128
I0216 22:42:23.502035 4575094208 main.py:313] 7: --input_size=256
I0216 22:42:23.502080 4575094208 main.py:313] 8: --rnn_hidden_size=256
I0216 22:42:23.502125 4575094208 main.py:313] 9: --num_epochs=20
I0216 22:42:23.502170 4575094208 main.py:313] 10: --learning_rate=1e-3
I0216 22:42:23.502215 4575094208 main.py:313] 11: --train_data_split=train
I0216 22:42:23.502260 4575094208 main.py:313] 12: --eval_data_split=val
I0216 22:42:23.502305 4575094208 main.py:313] 13: --data_dir=./data
I0216 22:42:23.502351 4575094208 main.py:313] 14: --target_label=death
I0216 22:42:23.502395 4575094208 main.py:313] 15: --block_size=3
I0216 22:42:23.502440 4575094208 main.py:313] 16: --history_window=112
I0216 22:42:23.502485 4575094208 main.py:313] 17: --prediction_window=8
I0216 22:42:23.502532 4575094208 main.py:313] 18: --train_dataset_size=0
I0216 22:42:23.502576 4575094208 main.py:313] 19: --eval_dataset_size=0
I0216 22:42:23.502623 4575094208 main.py:313] 20: --rnn_layers=1
I0216 22:42:23.502668 4575094208 main.py:313] 21: --rnn_dropout=0
I0216 22:42:23.502718 4575094208 main.py:313] 22: --standardize
I0216 22:42:23.502764 4575094208 main.py:313] 23: --checkpoint_dir=./experiments
I0216 22:42:23.502810 4575094208 main.py:313] 24: --experiment_name=exp_5_a
I0216 22:42:28.704611 4575094208 dataset.py:116] Number of admissions: 13344
I0216 22:42:28.704787 4575094208 dataset.py:117] Preprocess dataset with block size of 3
