I0215 14:23:45.173093 4747843008 main.py:527] Saved model parameters:
I0215 14:23:45.173251 4747843008 main.py:529] 0: model_type=rnn
I0215 14:23:45.173310 4747843008 main.py:529] 1: input_size=256
I0215 14:23:45.173367 4747843008 main.py:529] 2: rnn_hidden_size=256
I0215 14:23:45.173432 4747843008 main.py:529] 3: use_attention=True
I0215 14:23:45.173489 4747843008 main.py:529] 4: rnn_type=lstm
I0215 14:23:45.173536 4747843008 main.py:529] 5: rnn_layers=1
I0215 14:23:45.173581 4747843008 main.py:529] 6: rnn_dropout=0.0
I0215 14:23:45.173626 4747843008 main.py:529] 7: rnn_bidirectional=False
I0215 14:23:45.173671 4747843008 main.py:529] 8: standardize=True
I0215 14:23:45.173714 4747843008 main.py:529] 9: block_size=6
I0215 14:23:45.173758 4747843008 main.py:529] 10: history_window=28
I0215 14:23:45.173803 4747843008 main.py:529] 11: prediction_window=2
I0215 14:23:45.173846 4747843008 main.py:529] 12: target_label=death
I0215 14:23:45.173891 4747843008 main.py:529] 13: data_dir=./data
I0215 14:23:45.173935 4747843008 main.py:529] 14: lr_pooling=mean
I0215 14:23:45.173979 4747843008 main.py:529] 15: save_per_epochs=10
I0215 14:23:45.174031 4747843008 main.py:545] Mode: Train/Eval pipeline
I0215 14:23:45.174168 4747843008 main.py:313] 0: code/main.py
I0215 14:23:45.174221 4747843008 main.py:313] 1: --phase=pipeline
I0215 14:23:45.174268 4747843008 main.py:313] 2: --model_type=rnn
I0215 14:23:45.174314 4747843008 main.py:313] 3: --rnn_type=lstm
I0215 14:23:45.174359 4747843008 main.py:313] 4: --nornn_bidirectional
I0215 14:23:45.174404 4747843008 main.py:313] 5: --use_attention
I0215 14:23:45.174448 4747843008 main.py:313] 6: --batch_size=128
I0215 14:23:45.174492 4747843008 main.py:313] 7: --input_size=256
I0215 14:23:45.174537 4747843008 main.py:313] 8: --rnn_hidden_size=256
I0215 14:23:45.174709 4747843008 main.py:313] 9: --num_epochs=20
I0215 14:23:45.174792 4747843008 main.py:313] 10: --learning_rate=1e-3
I0215 14:23:45.174846 4747843008 main.py:313] 11: --train_data_split=train
I0215 14:23:45.174897 4747843008 main.py:313] 12: --eval_data_split=val
I0215 14:23:45.174947 4747843008 main.py:313] 13: --data_dir=./data
I0215 14:23:45.174994 4747843008 main.py:313] 14: --target_label=death
I0215 14:23:45.175050 4747843008 main.py:313] 15: --block_size=6
I0215 14:23:45.175098 4747843008 main.py:313] 16: --history_window=28
I0215 14:23:45.175147 4747843008 main.py:313] 17: --prediction_window=2
I0215 14:23:45.175194 4747843008 main.py:313] 18: --train_dataset_size=0
I0215 14:23:45.175240 4747843008 main.py:313] 19: --eval_dataset_size=0
I0215 14:23:45.175289 4747843008 main.py:313] 20: --rnn_layers=1
I0215 14:23:45.175335 4747843008 main.py:313] 21: --rnn_dropout=0
I0215 14:23:45.175383 4747843008 main.py:313] 22: --standardize
I0215 14:23:45.175429 4747843008 main.py:313] 23: --checkpoint_dir=./experiments
I0215 14:23:45.175477 4747843008 main.py:313] 24: --experiment_name=exp_1_c
I0215 14:23:47.713802 4747843008 dataset.py:116] Number of admissions: 13344
I0215 14:23:47.719041 4747843008 dataset.py:117] Preprocess dataset with block size of 6
I0215 14:24:43.211166 4747843008 dataset.py:123] Preprocess completed.
I0215 14:24:43.215296 4747843008 dataset.py:128] Resample dataset...
I0215 14:24:43.215377 4747843008 dataset.py:175] Number of instances in labels: 13344
I0215 14:24:43.443726 4747843008 dataset.py:208] Dataset use default size: 2322
I0215 14:24:43.443867 4747843008 dataset.py:209]   Use all 1161 positive samples
I0215 14:24:43.443930 4747843008 dataset.py:211]   Randomly choose 1161 negative samples from 239381 candidates
I0215 14:24:43.452879 4747843008 dataset.py:130] Resample dataset completed!
I0215 14:24:57.642373 4747843008 dataset.py:139] Feature shape for PCA: (13344, 4010)
I0215 14:25:03.491726 4747843008 dataset.py:116] Number of admissions: 4329
I0215 14:25:03.491842 4747843008 dataset.py:117] Preprocess dataset with block size of 6
I0215 14:25:23.645230 4747843008 dataset.py:123] Preprocess completed.
I0215 14:25:23.649312 4747843008 dataset.py:128] Resample dataset...
I0215 14:25:23.649402 4747843008 dataset.py:175] Number of instances in labels: 4329
I0215 14:25:23.716282 4747843008 dataset.py:208] Dataset use default size: 800
I0215 14:25:23.716413 4747843008 dataset.py:209]   Use all 400 positive samples
I0215 14:25:23.716480 4747843008 dataset.py:211]   Randomly choose 400 negative samples from 76705 candidates
I0215 14:25:23.719747 4747843008 dataset.py:130] Resample dataset completed!
I0215 14:25:26.962743 4747843008 dataset.py:139] Feature shape for PCA: (4329, 4010)
I0215 14:25:27.004484 4747843008 dataset.py:128] Resample dataset...
I0215 14:25:27.004610 4747843008 dataset.py:175] Number of instances in labels: 4329
I0215 14:25:27.090145 4747843008 dataset.py:130] Resample dataset completed!
I0215 14:25:27.111011 4747843008 main.py:374] Training dataset size: 2322
I0215 14:25:27.111176 4747843008 main.py:375] Batches in each epoch: 19
I0215 14:25:27.111302 4747843008 main.py:376] Evaluation on `val`
I0215 14:25:27.111422 4747843008 main.py:377] Evaluation dataset size: 800
I0215 14:25:27.111546 4747843008 main.py:378] Batches in each epoch: 7
I0215 14:25:27.111876 4747843008 main.py:384] Model parameters:
I0215 14:25:27.111973 4747843008 main.py:386] rnn_module.weight_ih_l0: torch.Size([1024, 256])
I0215 14:25:27.112056 4747843008 main.py:386] rnn_module.weight_hh_l0: torch.Size([1024, 256])
I0215 14:25:27.112110 4747843008 main.py:386] rnn_module.bias_ih_l0: torch.Size([1024])
I0215 14:25:27.112159 4747843008 main.py:386] rnn_module.bias_hh_l0: torch.Size([1024])
I0215 14:25:27.112385 4747843008 main.py:386] rnn_linear.weight: torch.Size([1, 256])
I0215 14:25:27.112503 4747843008 main.py:386] rnn_linear.bias: torch.Size([1])
I0215 14:25:27.112589 4747843008 main.py:386] attention_layer.weight: torch.Size([1, 256])
I0215 14:25:27.112667 4747843008 main.py:386] attention_layer.bias: torch.Size([1])
I0215 14:25:27.254179 4747843008 _import_c_extension.py:20] Failed to import cuda module: No module named 'caffe2.python.caffe2_pybind11_state_gpu'
I0215 14:25:27.254354 4747843008 _import_c_extension.py:29] Failed to import AMD hip module: No module named 'caffe2.python.caffe2_pybind11_state_hip'
W0215 14:25:27.254418 4747843008 _import_c_extension.py:32] This caffe2 python run does not have GPU support. Will run in CPU only mode.
I0215 14:25:27.294504 4747843008 main.py:398] Start training.
I0215 14:25:27.294646 4747843008 dataset.py:128] Resample dataset...
I0215 14:25:27.294711 4747843008 dataset.py:175] Number of instances in labels: 13344
I0215 14:25:27.559051 4747843008 dataset.py:130] Resample dataset completed!
I0215 14:25:33.537697 4747843008 main.py:429] Epoch [1/20], Step [10/19], Loss: 0.695981, Speed: 4.6707 ms
I0215 14:25:38.132507 4747843008 utilities.py:21] ==================================================
I0215 14:25:38.137678 4747843008 utilities.py:50] Total: 2322
I0215 14:25:38.137770 4747843008 utilities.py:51] Correct: 1157
I0215 14:25:38.137902 4747843008 utilities.py:52] Accuracy: 0.4983
I0215 14:25:38.137990 4747843008 utilities.py:53] F1 Score: 0.0962
I0215 14:25:38.138051 4747843008 utilities.py:54] ROC AUC Score: 0.5144
I0215 14:25:38.138109 4747843008 utilities.py:55] Average Precision: 0.5135
I0215 14:25:38.141067 4747843008 utilities.py:63] Classification Report:
              precision    recall  f1-score   support

    negative     0.4991    0.9432    0.6528      1161
    positive     0.4844    0.0534    0.0962      1161

   micro avg     0.4983    0.4983    0.4983      2322
   macro avg     0.4917    0.4983    0.3745      2322
weighted avg     0.4917    0.4983    0.3745      2322

I0215 14:25:38.141154 4747843008 utilities.py:64] ==================================================
I0215 14:25:38.141262 4747843008 main.py:444] Start inference.
I0215 14:25:39.081773 4747843008 utilities.py:21] ==================================================
/Users/ke/anaconda3/lib/python3.7/site-packages/sklearn/metrics/classification.py:1143: UndefinedMetricWarning: F-score is ill-defined and being set to 0.0 due to no predicted samples.
  'precision', 'predicted', average, warn_for)
I0215 14:25:39.105533 4747843008 utilities.py:50] Total: 800
I0215 14:25:39.105642 4747843008 utilities.py:51] Correct: 400
I0215 14:25:39.105701 4747843008 utilities.py:52] Accuracy: 0.5000
I0215 14:25:39.105754 4747843008 utilities.py:53] F1 Score: 0.0000
I0215 14:25:39.105805 4747843008 utilities.py:54] ROC AUC Score: 0.6424
I0215 14:25:39.105852 4747843008 utilities.py:55] Average Precision: 0.6939
/Users/ke/anaconda3/lib/python3.7/site-packages/sklearn/metrics/classification.py:1143: UndefinedMetricWarning: Precision and F-score are ill-defined and being set to 0.0 in labels with no predicted samples.
  'precision', 'predicted', average, warn_for)
I0215 14:25:39.107893 4747843008 utilities.py:63] Classification Report:
              precision    recall  f1-score   support

    negative     0.5000    1.0000    0.6667       400
    positive     0.0000    0.0000    0.0000       400

   micro avg     0.5000    0.5000    0.5000       800
   macro avg     0.2500    0.5000    0.3333       800
weighted avg     0.2500    0.5000    0.3333       800

I0215 14:25:39.107964 4747843008 utilities.py:64] ==================================================
I0215 14:25:39.108028 4747843008 main.py:398] Start training.
I0215 14:25:39.108114 4747843008 dataset.py:128] Resample dataset...
I0215 14:25:39.108169 4747843008 dataset.py:175] Number of instances in labels: 13344
I0215 14:25:39.327723 4747843008 dataset.py:130] Resample dataset completed!
I0215 14:25:45.048500 4747843008 main.py:429] Epoch [2/20], Step [10/19], Loss: 0.693620, Speed: 4.4692 ms
I0215 14:25:50.153252 4747843008 utilities.py:21] ==================================================
/Users/ke/anaconda3/lib/python3.7/site-packages/sklearn/metrics/classification.py:1143: UndefinedMetricWarning: F-score is ill-defined and being set to 0.0 due to no predicted samples.
  'precision', 'predicted', average, warn_for)
I0215 14:25:50.157404 4747843008 utilities.py:50] Total: 2322
I0215 14:25:50.157518 4747843008 utilities.py:51] Correct: 1161
I0215 14:25:50.157583 4747843008 utilities.py:52] Accuracy: 0.5000
I0215 14:25:50.157640 4747843008 utilities.py:53] F1 Score: 0.0000
I0215 14:25:50.157696 4747843008 utilities.py:54] ROC AUC Score: 0.5582
I0215 14:25:50.157788 4747843008 utilities.py:55] Average Precision: 0.5454
/Users/ke/anaconda3/lib/python3.7/site-packages/sklearn/metrics/classification.py:1143: UndefinedMetricWarning: Precision and F-score are ill-defined and being set to 0.0 in labels with no predicted samples.
  'precision', 'predicted', average, warn_for)
I0215 14:25:50.161062 4747843008 utilities.py:63] Classification Report:
              precision    recall  f1-score   support

    negative     0.5000    1.0000    0.6667      1161
    positive     0.0000    0.0000    0.0000      1161

   micro avg     0.5000    0.5000    0.5000      2322
   macro avg     0.2500    0.5000    0.3333      2322
weighted avg     0.2500    0.5000    0.3333      2322

I0215 14:25:50.161189 4747843008 utilities.py:64] ==================================================
I0215 14:25:50.161295 4747843008 main.py:444] Start inference.
I0215 14:25:52.573809 4747843008 utilities.py:21] ==================================================
/Users/ke/anaconda3/lib/python3.7/site-packages/sklearn/metrics/classification.py:1143: UndefinedMetricWarning: F-score is ill-defined and being set to 0.0 due to no predicted samples.
  'precision', 'predicted', average, warn_for)
I0215 14:25:52.580997 4747843008 utilities.py:50] Total: 800
I0215 14:25:52.581100 4747843008 utilities.py:51] Correct: 400
I0215 14:25:52.581164 4747843008 utilities.py:52] Accuracy: 0.5000
I0215 14:25:52.581220 4747843008 utilities.py:53] F1 Score: 0.0000
I0215 14:25:52.581273 4747843008 utilities.py:54] ROC AUC Score: 0.6512
I0215 14:25:52.581325 4747843008 utilities.py:55] Average Precision: 0.7172
/Users/ke/anaconda3/lib/python3.7/site-packages/sklearn/metrics/classification.py:1143: UndefinedMetricWarning: Precision and F-score are ill-defined and being set to 0.0 in labels with no predicted samples.
  'precision', 'predicted', average, warn_for)
I0215 14:25:52.583391 4747843008 utilities.py:63] Classification Report:
              precision    recall  f1-score   support

    negative     0.5000    1.0000    0.6667       400
    positive     0.0000    0.0000    0.0000       400

   micro avg     0.5000    0.5000    0.5000       800
   macro avg     0.2500    0.5000    0.3333       800
weighted avg     0.2500    0.5000    0.3333       800

I0215 14:25:52.583485 4747843008 utilities.py:64] ==================================================
I0215 14:25:52.583553 4747843008 main.py:398] Start training.
I0215 14:25:52.583636 4747843008 dataset.py:128] Resample dataset...
I0215 14:25:52.583688 4747843008 dataset.py:175] Number of instances in labels: 13344
I0215 14:25:52.773308 4747843008 dataset.py:130] Resample dataset completed!
I0215 14:25:58.394778 4747843008 main.py:429] Epoch [3/20], Step [10/19], Loss: 0.685774, Speed: 4.3916 ms
I0215 14:26:02.650773 4747843008 utilities.py:21] ==================================================
/Users/ke/anaconda3/lib/python3.7/site-packages/sklearn/metrics/classification.py:1143: UndefinedMetricWarning: F-score is ill-defined and being set to 0.0 due to no predicted samples.
  'precision', 'predicted', average, warn_for)
I0215 14:26:02.654709 4747843008 utilities.py:50] Total: 2322
I0215 14:26:02.654803 4747843008 utilities.py:51] Correct: 1161
I0215 14:26:02.654866 4747843008 utilities.py:52] Accuracy: 0.5000
I0215 14:26:02.654925 4747843008 utilities.py:53] F1 Score: 0.0000
I0215 14:26:02.654978 4747843008 utilities.py:54] ROC AUC Score: 0.5805
I0215 14:26:02.655032 4747843008 utilities.py:55] Average Precision: 0.5925
/Users/ke/anaconda3/lib/python3.7/site-packages/sklearn/metrics/classification.py:1143: UndefinedMetricWarning: Precision and F-score are ill-defined and being set to 0.0 in labels with no predicted samples.
  'precision', 'predicted', average, warn_for)
I0215 14:26:02.657910 4747843008 utilities.py:63] Classification Report:
              precision    recall  f1-score   support

    negative     0.5000    1.0000    0.6667      1161
    positive     0.0000    0.0000    0.0000      1161

   micro avg     0.5000    0.5000    0.5000      2322
   macro avg     0.2500    0.5000    0.3333      2322
weighted avg     0.2500    0.5000    0.3333      2322

I0215 14:26:02.657987 4747843008 utilities.py:64] ==================================================
I0215 14:26:02.658084 4747843008 main.py:444] Start inference.
I0215 14:26:04.107296 4747843008 utilities.py:21] ==================================================
I0215 14:26:04.115244 4747843008 utilities.py:50] Total: 800
I0215 14:26:04.115347 4747843008 utilities.py:51] Correct: 402
I0215 14:26:04.115409 4747843008 utilities.py:52] Accuracy: 0.5025
I0215 14:26:04.115467 4747843008 utilities.py:53] F1 Score: 0.6627
I0215 14:26:04.115520 4747843008 utilities.py:54] ROC AUC Score: 0.6420
I0215 14:26:04.115571 4747843008 utilities.py:55] Average Precision: 0.7088
I0215 14:26:04.118192 4747843008 utilities.py:63] Classification Report:
              precision    recall  f1-score   support

    negative     0.5500    0.0275    0.0524       400
    positive     0.5013    0.9775    0.6627       400

   micro avg     0.5025    0.5025    0.5025       800
   macro avg     0.5256    0.5025    0.3575       800
weighted avg     0.5256    0.5025    0.3575       800

I0215 14:26:04.118282 4747843008 utilities.py:64] ==================================================
I0215 14:26:04.118352 4747843008 main.py:398] Start training.
I0215 14:26:04.118442 4747843008 dataset.py:128] Resample dataset...
I0215 14:26:04.118501 4747843008 dataset.py:175] Number of instances in labels: 13344
I0215 14:26:04.423684 4747843008 dataset.py:130] Resample dataset completed!
I0215 14:26:11.183562 4747843008 main.py:429] Epoch [4/20], Step [10/19], Loss: 0.687435, Speed: 5.2810 ms
I0215 14:26:14.953394 4747843008 utilities.py:21] ==================================================
I0215 14:26:14.957370 4747843008 utilities.py:50] Total: 2322
I0215 14:26:14.957469 4747843008 utilities.py:51] Correct: 1182
I0215 14:26:14.957545 4747843008 utilities.py:52] Accuracy: 0.5090
I0215 14:26:14.957602 4747843008 utilities.py:53] F1 Score: 0.1149
I0215 14:26:14.957650 4747843008 utilities.py:54] ROC AUC Score: 0.5921
I0215 14:26:14.957699 4747843008 utilities.py:55] Average Precision: 0.5814
I0215 14:26:14.960496 4747843008 utilities.py:63] Classification Report:
              precision    recall  f1-score   support

    negative     0.5048    0.9543    0.6603      1161
    positive     0.5827    0.0637    0.1149      1161

   micro avg     0.5090    0.5090    0.5090      2322
   macro avg     0.5437    0.5090    0.3876      2322
weighted avg     0.5437    0.5090    0.3876      2322

I0215 14:26:14.960566 4747843008 utilities.py:64] ==================================================
I0215 14:26:14.960659 4747843008 main.py:444] Start inference.
I0215 14:26:16.073041 4747843008 utilities.py:21] ==================================================
/Users/ke/anaconda3/lib/python3.7/site-packages/sklearn/metrics/classification.py:1143: UndefinedMetricWarning: F-score is ill-defined and being set to 0.0 due to no predicted samples.
  'precision', 'predicted', average, warn_for)
I0215 14:26:16.077306 4747843008 utilities.py:50] Total: 800
I0215 14:26:16.077425 4747843008 utilities.py:51] Correct: 400
I0215 14:26:16.077497 4747843008 utilities.py:52] Accuracy: 0.5000
I0215 14:26:16.077600 4747843008 utilities.py:53] F1 Score: 0.0000
I0215 14:26:16.077651 4747843008 utilities.py:54] ROC AUC Score: 0.6761
I0215 14:26:16.077701 4747843008 utilities.py:55] Average Precision: 0.7311
/Users/ke/anaconda3/lib/python3.7/site-packages/sklearn/metrics/classification.py:1143: UndefinedMetricWarning: Precision and F-score are ill-defined and being set to 0.0 in labels with no predicted samples.
  'precision', 'predicted', average, warn_for)
I0215 14:26:16.080001 4747843008 utilities.py:63] Classification Report:
              precision    recall  f1-score   support

    negative     0.5000    1.0000    0.6667       400
    positive     0.0000    0.0000    0.0000       400

   micro avg     0.5000    0.5000    0.5000       800
   macro avg     0.2500    0.5000    0.3333       800
weighted avg     0.2500    0.5000    0.3333       800

I0215 14:26:16.080100 4747843008 utilities.py:64] ==================================================
I0215 14:26:16.080168 4747843008 main.py:398] Start training.
I0215 14:26:16.080253 4747843008 dataset.py:128] Resample dataset...
I0215 14:26:16.080308 4747843008 dataset.py:175] Number of instances in labels: 13344
I0215 14:26:16.304907 4747843008 dataset.py:130] Resample dataset completed!
I0215 14:26:22.443993 4747843008 main.py:429] Epoch [5/20], Step [10/19], Loss: 0.660353, Speed: 4.7959 ms
I0215 14:26:26.512583 4747843008 utilities.py:21] ==================================================
I0215 14:26:26.517903 4747843008 utilities.py:50] Total: 2322
I0215 14:26:26.518000 4747843008 utilities.py:51] Correct: 1202
I0215 14:26:26.518064 4747843008 utilities.py:52] Accuracy: 0.5177
I0215 14:26:26.518121 4747843008 utilities.py:53] F1 Score: 0.0698
I0215 14:26:26.518173 4747843008 utilities.py:54] ROC AUC Score: 0.6201
I0215 14:26:26.518225 4747843008 utilities.py:55] Average Precision: 0.6338
I0215 14:26:26.521061 4747843008 utilities.py:63] Classification Report:
              precision    recall  f1-score   support

    negative     0.5090    0.9991    0.6744      1161
    positive     0.9767    0.0362    0.0698      1161

   micro avg     0.5177    0.5177    0.5177      2322
   macro avg     0.7429    0.5177    0.3721      2322
weighted avg     0.7429    0.5177    0.3721      2322

I0215 14:26:26.521136 4747843008 utilities.py:64] ==================================================
I0215 14:26:26.521231 4747843008 main.py:444] Start inference.
I0215 14:26:27.528456 4747843008 utilities.py:21] ==================================================
I0215 14:26:27.531471 4747843008 utilities.py:50] Total: 800
I0215 14:26:27.531569 4747843008 utilities.py:51] Correct: 398
I0215 14:26:27.531632 4747843008 utilities.py:52] Accuracy: 0.4975
I0215 14:26:27.531718 4747843008 utilities.py:53] F1 Score: 0.6250
I0215 14:26:27.531770 4747843008 utilities.py:54] ROC AUC Score: 0.6455
I0215 14:26:27.531821 4747843008 utilities.py:55] Average Precision: 0.7056
I0215 14:26:27.533916 4747843008 utilities.py:63] Classification Report:
              precision    recall  f1-score   support

    negative     0.4922    0.1575    0.2386       400
    positive     0.4985    0.8375    0.6250       400

   micro avg     0.4975    0.4975    0.4975       800
   macro avg     0.4953    0.4975    0.4318       800
weighted avg     0.4953    0.4975    0.4318       800

I0215 14:26:27.534001 4747843008 utilities.py:64] ==================================================
I0215 14:26:27.534070 4747843008 main.py:398] Start training.
I0215 14:26:27.534156 4747843008 dataset.py:128] Resample dataset...
I0215 14:26:27.534211 4747843008 dataset.py:175] Number of instances in labels: 13344
I0215 14:26:27.745349 4747843008 dataset.py:130] Resample dataset completed!
I0215 14:26:33.758736 4747843008 main.py:429] Epoch [6/20], Step [10/19], Loss: 0.731308, Speed: 4.6978 ms
I0215 14:26:37.715982 4747843008 utilities.py:21] ==================================================
I0215 14:26:37.720086 4747843008 utilities.py:50] Total: 2322
I0215 14:26:37.720197 4747843008 utilities.py:51] Correct: 1245
I0215 14:26:37.720264 4747843008 utilities.py:52] Accuracy: 0.5362
I0215 14:26:37.720324 4747843008 utilities.py:53] F1 Score: 0.2668
I0215 14:26:37.720376 4747843008 utilities.py:54] ROC AUC Score: 0.6460
I0215 14:26:37.720427 4747843008 utilities.py:55] Average Precision: 0.6328
I0215 14:26:37.723365 4747843008 utilities.py:63] Classification Report:
              precision    recall  f1-score   support

    negative     0.5209    0.9035    0.6608      1161
    positive     0.6364    0.1688    0.2668      1161

   micro avg     0.5362    0.5362    0.5362      2322
   macro avg     0.5786    0.5362    0.4638      2322
weighted avg     0.5786    0.5362    0.4638      2322

I0215 14:26:37.723454 4747843008 utilities.py:64] ==================================================
I0215 14:26:37.723554 4747843008 main.py:444] Start inference.
I0215 14:26:39.419458 4747843008 utilities.py:21] ==================================================
I0215 14:26:39.422843 4747843008 utilities.py:50] Total: 800
I0215 14:26:39.422973 4747843008 utilities.py:51] Correct: 403
I0215 14:26:39.423045 4747843008 utilities.py:52] Accuracy: 0.5038
I0215 14:26:39.423105 4747843008 utilities.py:53] F1 Score: 0.0149
I0215 14:26:39.423160 4747843008 utilities.py:54] ROC AUC Score: 0.6763
I0215 14:26:39.423213 4747843008 utilities.py:55] Average Precision: 0.7269
I0215 14:26:39.425607 4747843008 utilities.py:63] Classification Report:
              precision    recall  f1-score   support

    negative     0.5019    1.0000    0.6683       400
    positive     1.0000    0.0075    0.0149       400

   micro avg     0.5038    0.5038    0.5038       800
   macro avg     0.7509    0.5038    0.3416       800
weighted avg     0.7509    0.5038    0.3416       800

I0215 14:26:39.425726 4747843008 utilities.py:64] ==================================================
I0215 14:26:39.425801 4747843008 main.py:398] Start training.
I0215 14:26:39.425894 4747843008 dataset.py:128] Resample dataset...
I0215 14:26:39.425951 4747843008 dataset.py:175] Number of instances in labels: 13344
I0215 14:26:39.747890 4747843008 dataset.py:130] Resample dataset completed!
I0215 14:26:45.386861 4747843008 main.py:429] Epoch [7/20], Step [10/19], Loss: 0.646041, Speed: 4.4052 ms
I0215 14:26:49.759547 4747843008 utilities.py:21] ==================================================
I0215 14:26:49.763583 4747843008 utilities.py:50] Total: 2322
I0215 14:26:49.763682 4747843008 utilities.py:51] Correct: 1353
I0215 14:26:49.763746 4747843008 utilities.py:52] Accuracy: 0.5827
I0215 14:26:49.763802 4747843008 utilities.py:53] F1 Score: 0.3219
I0215 14:26:49.763855 4747843008 utilities.py:54] ROC AUC Score: 0.6789
I0215 14:26:49.763906 4747843008 utilities.py:55] Average Precision: 0.7048
I0215 14:26:49.766953 4747843008 utilities.py:63] Classification Report:
              precision    recall  f1-score   support

    negative     0.5467    0.9673    0.6986      1161
    positive     0.8582    0.1981    0.3219      1161

   micro avg     0.5827    0.5827    0.5827      2322
   macro avg     0.7025    0.5827    0.5103      2322
weighted avg     0.7025    0.5827    0.5103      2322

I0215 14:26:49.767085 4747843008 utilities.py:64] ==================================================
I0215 14:26:49.767199 4747843008 main.py:444] Start inference.
I0215 14:26:51.891968 4747843008 utilities.py:21] ==================================================
I0215 14:26:51.895087 4747843008 utilities.py:50] Total: 800
I0215 14:26:51.895179 4747843008 utilities.py:51] Correct: 397
I0215 14:26:51.895242 4747843008 utilities.py:52] Accuracy: 0.4963
I0215 14:26:51.895301 4747843008 utilities.py:53] F1 Score: 0.6611
I0215 14:26:51.895355 4747843008 utilities.py:54] ROC AUC Score: 0.6138
I0215 14:26:51.895408 4747843008 utilities.py:55] Average Precision: 0.6851
I0215 14:26:51.897487 4747843008 utilities.py:63] Classification Report:
              precision    recall  f1-score   support

    negative     0.3636    0.0100    0.0195       400
    positive     0.4981    0.9825    0.6611       400

   micro avg     0.4963    0.4963    0.4963       800
   macro avg     0.4309    0.4963    0.3403       800
weighted avg     0.4309    0.4963    0.3403       800

I0215 14:26:51.897562 4747843008 utilities.py:64] ==================================================
I0215 14:26:51.897631 4747843008 main.py:398] Start training.
I0215 14:26:51.897719 4747843008 dataset.py:128] Resample dataset...
I0215 14:26:51.897776 4747843008 dataset.py:175] Number of instances in labels: 13344
I0215 14:26:52.110674 4747843008 dataset.py:130] Resample dataset completed!
I0215 14:26:57.985746 4747843008 main.py:429] Epoch [8/20], Step [10/19], Loss: 0.578869, Speed: 4.5897 ms
I0215 14:27:01.955130 4747843008 utilities.py:21] ==================================================
I0215 14:27:01.959094 4747843008 utilities.py:50] Total: 2322
I0215 14:27:01.959194 4747843008 utilities.py:51] Correct: 1467
I0215 14:27:01.959258 4747843008 utilities.py:52] Accuracy: 0.6318
I0215 14:27:01.959313 4747843008 utilities.py:53] F1 Score: 0.5111
I0215 14:27:01.959366 4747843008 utilities.py:54] ROC AUC Score: 0.6791
I0215 14:27:01.959418 4747843008 utilities.py:55] Average Precision: 0.6633
I0215 14:27:01.962393 4747843008 utilities.py:63] Classification Report:
              precision    recall  f1-score   support

    negative     0.5882    0.8786    0.7047      1161
    positive     0.7602    0.3850    0.5111      1161

   micro avg     0.6318    0.6318    0.6318      2322
   macro avg     0.6742    0.6318    0.6079      2322
weighted avg     0.6742    0.6318    0.6079      2322

I0215 14:27:01.962476 4747843008 utilities.py:64] ==================================================
I0215 14:27:01.962574 4747843008 main.py:444] Start inference.
I0215 14:27:03.213626 4747843008 utilities.py:21] ==================================================
I0215 14:27:03.216695 4747843008 utilities.py:50] Total: 800
I0215 14:27:03.216792 4747843008 utilities.py:51] Correct: 525
I0215 14:27:03.216858 4747843008 utilities.py:52] Accuracy: 0.6562
I0215 14:27:03.216917 4747843008 utilities.py:53] F1 Score: 0.6470
I0215 14:27:03.216970 4747843008 utilities.py:54] ROC AUC Score: 0.6544
I0215 14:27:03.217024 4747843008 utilities.py:55] Average Precision: 0.7052
I0215 14:27:03.219153 4747843008 utilities.py:63] Classification Report:
              precision    recall  f1-score   support

    negative     0.6485    0.6825    0.6650       400
    positive     0.6649    0.6300    0.6470       400

   micro avg     0.6562    0.6562    0.6562       800
   macro avg     0.6567    0.6562    0.6560       800
weighted avg     0.6567    0.6562    0.6560       800

I0215 14:27:03.219228 4747843008 utilities.py:64] ==================================================
I0215 14:27:03.219298 4747843008 main.py:398] Start training.
I0215 14:27:03.219420 4747843008 dataset.py:128] Resample dataset...
I0215 14:27:03.219478 4747843008 dataset.py:175] Number of instances in labels: 13344
I0215 14:27:03.435976 4747843008 dataset.py:130] Resample dataset completed!
I0215 14:27:08.876240 4747843008 main.py:429] Epoch [9/20], Step [10/19], Loss: 0.597744, Speed: 4.2500 ms
I0215 14:27:12.627056 4747843008 utilities.py:21] ==================================================
I0215 14:27:12.631072 4747843008 utilities.py:50] Total: 2322
I0215 14:27:12.631165 4747843008 utilities.py:51] Correct: 1528
I0215 14:27:12.631226 4747843008 utilities.py:52] Accuracy: 0.6581
I0215 14:27:12.631283 4747843008 utilities.py:53] F1 Score: 0.5574
I0215 14:27:12.631336 4747843008 utilities.py:54] ROC AUC Score: 0.7414
I0215 14:27:12.631387 4747843008 utilities.py:55] Average Precision: 0.7492
I0215 14:27:12.634449 4747843008 utilities.py:63] Classification Report:
              precision    recall  f1-score   support

    negative     0.6086    0.8854    0.7214      1161
    positive     0.7899    0.4307    0.5574      1161

   micro avg     0.6581    0.6581    0.6581      2322
   macro avg     0.6993    0.6581    0.6394      2322
weighted avg     0.6993    0.6581    0.6394      2322

I0215 14:27:12.634524 4747843008 utilities.py:64] ==================================================
I0215 14:27:12.634620 4747843008 main.py:444] Start inference.
I0215 14:27:13.691045 4747843008 utilities.py:21] ==================================================
I0215 14:27:13.693964 4747843008 utilities.py:50] Total: 800
I0215 14:27:13.694057 4747843008 utilities.py:51] Correct: 446
I0215 14:27:13.694122 4747843008 utilities.py:52] Accuracy: 0.5575
I0215 14:27:13.694180 4747843008 utilities.py:53] F1 Score: 0.2532
I0215 14:27:13.694233 4747843008 utilities.py:54] ROC AUC Score: 0.6700
I0215 14:27:13.694283 4747843008 utilities.py:55] Average Precision: 0.7151
I0215 14:27:13.696330 4747843008 utilities.py:63] Classification Report:
              precision    recall  f1-score   support

    negative     0.5317    0.9650    0.6856       400
    positive     0.8108    0.1500    0.2532       400

   micro avg     0.5575    0.5575    0.5575       800
   macro avg     0.6712    0.5575    0.4694       800
weighted avg     0.6712    0.5575    0.4694       800

I0215 14:27:13.696403 4747843008 utilities.py:64] ==================================================
I0215 14:27:13.696473 4747843008 main.py:398] Start training.
I0215 14:27:13.696559 4747843008 dataset.py:128] Resample dataset...
I0215 14:27:13.696616 4747843008 dataset.py:175] Number of instances in labels: 13344
I0215 14:27:13.912154 4747843008 dataset.py:130] Resample dataset completed!
I0215 14:27:18.923031 4747843008 main.py:429] Epoch [10/20], Step [10/19], Loss: 0.591920, Speed: 3.9146 ms
I0215 14:27:22.847307 4747843008 utilities.py:21] ==================================================
I0215 14:27:22.851280 4747843008 utilities.py:50] Total: 2322
I0215 14:27:22.851377 4747843008 utilities.py:51] Correct: 1557
I0215 14:27:22.851444 4747843008 utilities.py:52] Accuracy: 0.6705
I0215 14:27:22.851502 4747843008 utilities.py:53] F1 Score: 0.5586
I0215 14:27:22.851555 4747843008 utilities.py:54] ROC AUC Score: 0.7432
I0215 14:27:22.851607 4747843008 utilities.py:55] Average Precision: 0.7656
I0215 14:27:22.854522 4747843008 utilities.py:63] Classification Report:
              precision    recall  f1-score   support

    negative     0.6131    0.9242    0.7372      1161
    positive     0.8462    0.4169    0.5586      1161

   micro avg     0.6705    0.6705    0.6705      2322
   macro avg     0.7296    0.6705    0.6479      2322
weighted avg     0.7296    0.6705    0.6479      2322

I0215 14:27:22.854598 4747843008 utilities.py:64] ==================================================
I0215 14:27:22.854669 4747843008 main.py:439] Saving model checkpoint...
I0215 14:27:22.856153 4747843008 main.py:444] Start inference.
I0215 14:27:23.965167 4747843008 utilities.py:21] ==================================================
I0215 14:27:23.968183 4747843008 utilities.py:50] Total: 800
I0215 14:27:23.968284 4747843008 utilities.py:51] Correct: 522
I0215 14:27:23.968352 4747843008 utilities.py:52] Accuracy: 0.6525
I0215 14:27:23.968405 4747843008 utilities.py:53] F1 Score: 0.5545
I0215 14:27:23.968456 4747843008 utilities.py:54] ROC AUC Score: 0.6622
I0215 14:27:23.968503 4747843008 utilities.py:55] Average Precision: 0.7091
I0215 14:27:23.970612 4747843008 utilities.py:63] Classification Report:
              precision    recall  f1-score   support

    negative     0.6059    0.8725    0.7152       400
    positive     0.7723    0.4325    0.5545       400

   micro avg     0.6525    0.6525    0.6525       800
   macro avg     0.6891    0.6525    0.6348       800
weighted avg     0.6891    0.6525    0.6348       800

I0215 14:27:23.970724 4747843008 utilities.py:64] ==================================================
I0215 14:27:23.970793 4747843008 main.py:398] Start training.
I0215 14:27:23.970880 4747843008 dataset.py:128] Resample dataset...
I0215 14:27:23.970932 4747843008 dataset.py:175] Number of instances in labels: 13344
I0215 14:27:24.195720 4747843008 dataset.py:130] Resample dataset completed!
I0215 14:27:29.340516 4747843008 main.py:429] Epoch [11/20], Step [10/19], Loss: 0.630213, Speed: 4.0192 ms
I0215 14:27:33.193030 4747843008 utilities.py:21] ==================================================
I0215 14:27:33.201499 4747843008 utilities.py:50] Total: 2322
I0215 14:27:33.201591 4747843008 utilities.py:51] Correct: 1532
I0215 14:27:33.201653 4747843008 utilities.py:52] Accuracy: 0.6598
I0215 14:27:33.201711 4747843008 utilities.py:53] F1 Score: 0.5582
I0215 14:27:33.201765 4747843008 utilities.py:54] ROC AUC Score: 0.7364
I0215 14:27:33.201817 4747843008 utilities.py:55] Average Precision: 0.7516
I0215 14:27:33.204874 4747843008 utilities.py:63] Classification Report:
              precision    recall  f1-score   support

    negative     0.6094    0.8898    0.7234      1161
    positive     0.7959    0.4298    0.5582      1161

   micro avg     0.6598    0.6598    0.6598      2322
   macro avg     0.7026    0.6598    0.6408      2322
weighted avg     0.7026    0.6598    0.6408      2322

I0215 14:27:33.204948 4747843008 utilities.py:64] ==================================================
I0215 14:27:33.205044 4747843008 main.py:444] Start inference.
I0215 14:27:34.204159 4747843008 utilities.py:21] ==================================================
I0215 14:27:34.207190 4747843008 utilities.py:50] Total: 800
I0215 14:27:34.207301 4747843008 utilities.py:51] Correct: 543
I0215 14:27:34.207413 4747843008 utilities.py:52] Accuracy: 0.6787
I0215 14:27:34.207482 4747843008 utilities.py:53] F1 Score: 0.6088
I0215 14:27:34.207540 4747843008 utilities.py:54] ROC AUC Score: 0.6688
I0215 14:27:34.207595 4747843008 utilities.py:55] Average Precision: 0.7140
I0215 14:27:34.209819 4747843008 utilities.py:63] Classification Report:
              precision    recall  f1-score   support

    negative     0.6317    0.8575    0.7275       400
    positive     0.7782    0.5000    0.6088       400

   micro avg     0.6787    0.6787    0.6787       800
   macro avg     0.7049    0.6787    0.6681       800
weighted avg     0.7049    0.6787    0.6681       800

I0215 14:27:34.209914 4747843008 utilities.py:64] ==================================================
I0215 14:27:34.209985 4747843008 main.py:398] Start training.
I0215 14:27:34.210074 4747843008 dataset.py:128] Resample dataset...
I0215 14:27:34.210130 4747843008 dataset.py:175] Number of instances in labels: 13344
I0215 14:27:34.403354 4747843008 dataset.py:130] Resample dataset completed!
I0215 14:27:39.225081 4747843008 main.py:429] Epoch [12/20], Step [10/19], Loss: 0.632486, Speed: 3.7667 ms
I0215 14:27:43.339180 4747843008 utilities.py:21] ==================================================
I0215 14:27:43.343162 4747843008 utilities.py:50] Total: 2322
I0215 14:27:43.343271 4747843008 utilities.py:51] Correct: 1542
I0215 14:27:43.343338 4747843008 utilities.py:52] Accuracy: 0.6641
I0215 14:27:43.343427 4747843008 utilities.py:53] F1 Score: 0.5598
I0215 14:27:43.343482 4747843008 utilities.py:54] ROC AUC Score: 0.7418
I0215 14:27:43.343533 4747843008 utilities.py:55] Average Precision: 0.7616
I0215 14:27:43.346597 4747843008 utilities.py:63] Classification Report:
              precision    recall  f1-score   support

    negative     0.6113    0.9009    0.7284      1161
    positive     0.8118    0.4272    0.5598      1161

   micro avg     0.6641    0.6641    0.6641      2322
   macro avg     0.7116    0.6641    0.6441      2322
weighted avg     0.7116    0.6641    0.6441      2322

I0215 14:27:43.346683 4747843008 utilities.py:64] ==================================================
I0215 14:27:43.346781 4747843008 main.py:444] Start inference.
I0215 14:27:45.568387 4747843008 utilities.py:21] ==================================================
I0215 14:27:45.571448 4747843008 utilities.py:50] Total: 800
I0215 14:27:45.571546 4747843008 utilities.py:51] Correct: 473
I0215 14:27:45.571609 4747843008 utilities.py:52] Accuracy: 0.5913
I0215 14:27:45.571663 4747843008 utilities.py:53] F1 Score: 0.3601
I0215 14:27:45.571714 4747843008 utilities.py:54] ROC AUC Score: 0.6744
I0215 14:27:45.571763 4747843008 utilities.py:55] Average Precision: 0.7186
I0215 14:27:45.573861 4747843008 utilities.py:63] Classification Report:
              precision    recall  f1-score   support

    negative     0.5530    0.9525    0.6997       400
    positive     0.8288    0.2300    0.3601       400

   micro avg     0.5913    0.5913    0.5913       800
   macro avg     0.6909    0.5913    0.5299       800
weighted avg     0.6909    0.5913    0.5299       800

I0215 14:27:45.573945 4747843008 utilities.py:64] ==================================================
I0215 14:27:45.574014 4747843008 main.py:398] Start training.
I0215 14:27:45.574101 4747843008 dataset.py:128] Resample dataset...
I0215 14:27:45.574165 4747843008 dataset.py:175] Number of instances in labels: 13344
I0215 14:27:45.792212 4747843008 dataset.py:130] Resample dataset completed!
I0215 14:27:50.700529 4747843008 main.py:429] Epoch [13/20], Step [10/19], Loss: 0.558768, Speed: 3.8345 ms
I0215 14:27:54.289368 4747843008 utilities.py:21] ==================================================
I0215 14:27:54.293260 4747843008 utilities.py:50] Total: 2322
I0215 14:27:54.293352 4747843008 utilities.py:51] Correct: 1562
I0215 14:27:54.293414 4747843008 utilities.py:52] Accuracy: 0.6727
I0215 14:27:54.293470 4747843008 utilities.py:53] F1 Score: 0.5622
I0215 14:27:54.293524 4747843008 utilities.py:54] ROC AUC Score: 0.7597
I0215 14:27:54.293574 4747843008 utilities.py:55] Average Precision: 0.7867
I0215 14:27:54.296580 4747843008 utilities.py:63] Classification Report:
              precision    recall  f1-score   support

    negative     0.6148    0.9251    0.7387      1161
    positive     0.8487    0.4203    0.5622      1161

   micro avg     0.6727    0.6727    0.6727      2322
   macro avg     0.7317    0.6727    0.6504      2322
weighted avg     0.7317    0.6727    0.6504      2322

I0215 14:27:54.296653 4747843008 utilities.py:64] ==================================================
I0215 14:27:54.296749 4747843008 main.py:444] Start inference.
I0215 14:27:55.294938 4747843008 utilities.py:21] ==================================================
I0215 14:27:55.297992 4747843008 utilities.py:50] Total: 800
I0215 14:27:55.298085 4747843008 utilities.py:51] Correct: 496
I0215 14:27:55.298146 4747843008 utilities.py:52] Accuracy: 0.6200
I0215 14:27:55.298203 4747843008 utilities.py:53] F1 Score: 0.4532
I0215 14:27:55.298256 4747843008 utilities.py:54] ROC AUC Score: 0.6731
I0215 14:27:55.298309 4747843008 utilities.py:55] Average Precision: 0.7166
I0215 14:27:55.300384 4747843008 utilities.py:63] Classification Report:
              precision    recall  f1-score   support

    negative     0.5745    0.9250    0.7088       400
    positive     0.8077    0.3150    0.4532       400

   micro avg     0.6200    0.6200    0.6200       800
   macro avg     0.6911    0.6200    0.5810       800
weighted avg     0.6911    0.6200    0.5810       800

I0215 14:27:55.300491 4747843008 utilities.py:64] ==================================================
I0215 14:27:55.300558 4747843008 main.py:398] Start training.
I0215 14:27:55.300641 4747843008 dataset.py:128] Resample dataset...
I0215 14:27:55.300694 4747843008 dataset.py:175] Number of instances in labels: 13344
I0215 14:27:55.515045 4747843008 dataset.py:130] Resample dataset completed!
I0215 14:28:00.211461 4747843008 main.py:429] Epoch [14/20], Step [10/19], Loss: 0.566389, Speed: 3.6689 ms
I0215 14:28:03.988720 4747843008 utilities.py:21] ==================================================
I0215 14:28:03.992794 4747843008 utilities.py:50] Total: 2322
I0215 14:28:03.992883 4747843008 utilities.py:51] Correct: 1600
I0215 14:28:03.992946 4747843008 utilities.py:52] Accuracy: 0.6891
I0215 14:28:03.993004 4747843008 utilities.py:53] F1 Score: 0.6002
I0215 14:28:03.993057 4747843008 utilities.py:54] ROC AUC Score: 0.7703
I0215 14:28:03.993109 4747843008 utilities.py:55] Average Precision: 0.7926
I0215 14:28:03.996126 4747843008 utilities.py:63] Classification Report:
              precision    recall  f1-score   support

    negative     0.6309    0.9113    0.7456      1161
    positive     0.8403    0.4668    0.6002      1161

   micro avg     0.6891    0.6891    0.6891      2322
   macro avg     0.7356    0.6891    0.6729      2322
weighted avg     0.7356    0.6891    0.6729      2322

I0215 14:28:03.996201 4747843008 utilities.py:64] ==================================================
I0215 14:28:03.996296 4747843008 main.py:444] Start inference.
I0215 14:28:05.049498 4747843008 utilities.py:21] ==================================================
I0215 14:28:05.052555 4747843008 utilities.py:50] Total: 800
I0215 14:28:05.052642 4747843008 utilities.py:51] Correct: 506
I0215 14:28:05.052701 4747843008 utilities.py:52] Accuracy: 0.6325
I0215 14:28:05.052757 4747843008 utilities.py:53] F1 Score: 0.4948
I0215 14:28:05.052809 4747843008 utilities.py:54] ROC AUC Score: 0.6749
I0215 14:28:05.052860 4747843008 utilities.py:55] Average Precision: 0.7178
I0215 14:28:05.054909 4747843008 utilities.py:63] Classification Report:
              precision    recall  f1-score   support

    negative     0.5858    0.9050    0.7112       400
    positive     0.7912    0.3600    0.4948       400

   micro avg     0.6325    0.6325    0.6325       800
   macro avg     0.6885    0.6325    0.6030       800
weighted avg     0.6885    0.6325    0.6030       800

I0215 14:28:05.054983 4747843008 utilities.py:64] ==================================================
I0215 14:28:05.055051 4747843008 main.py:398] Start training.
I0215 14:28:05.055136 4747843008 dataset.py:128] Resample dataset...
I0215 14:28:05.055194 4747843008 dataset.py:175] Number of instances in labels: 13344
I0215 14:28:05.268314 4747843008 dataset.py:130] Resample dataset completed!
I0215 14:28:10.107444 4747843008 main.py:429] Epoch [15/20], Step [10/19], Loss: 0.548406, Speed: 3.7804 ms
I0215 14:28:13.702085 4747843008 utilities.py:21] ==================================================
I0215 14:28:13.706184 4747843008 utilities.py:50] Total: 2322
I0215 14:28:13.706278 4747843008 utilities.py:51] Correct: 1626
I0215 14:28:13.706341 4747843008 utilities.py:52] Accuracy: 0.7003
I0215 14:28:13.706398 4747843008 utilities.py:53] F1 Score: 0.6278
I0215 14:28:13.706450 4747843008 utilities.py:54] ROC AUC Score: 0.7809
I0215 14:28:13.706501 4747843008 utilities.py:55] Average Precision: 0.7842
I0215 14:28:13.709499 4747843008 utilities.py:63] Classification Report:
              precision    recall  f1-score   support

    negative     0.6441    0.8949    0.7491      1161
    positive     0.8279    0.5056    0.6278      1161

   micro avg     0.7003    0.7003    0.7003      2322
   macro avg     0.7360    0.7003    0.6885      2322
weighted avg     0.7360    0.7003    0.6885      2322

I0215 14:28:13.709574 4747843008 utilities.py:64] ==================================================
I0215 14:28:13.709669 4747843008 main.py:444] Start inference.
I0215 14:28:14.701591 4747843008 utilities.py:21] ==================================================
I0215 14:28:14.704528 4747843008 utilities.py:50] Total: 800
I0215 14:28:14.704617 4747843008 utilities.py:51] Correct: 500
I0215 14:28:14.704677 4747843008 utilities.py:52] Accuracy: 0.6250
I0215 14:28:14.704730 4747843008 utilities.py:53] F1 Score: 0.4718
I0215 14:28:14.704781 4747843008 utilities.py:54] ROC AUC Score: 0.6756
I0215 14:28:14.704828 4747843008 utilities.py:55] Average Precision: 0.7182
I0215 14:28:14.706899 4747843008 utilities.py:63] Classification Report:
              precision    recall  f1-score   support

    negative     0.5791    0.9150    0.7093       400
    positive     0.7976    0.3350    0.4718       400

   micro avg     0.6250    0.6250    0.6250       800
   macro avg     0.6884    0.6250    0.5906       800
weighted avg     0.6884    0.6250    0.5906       800

I0215 14:28:14.706970 4747843008 utilities.py:64] ==================================================
I0215 14:28:14.707036 4747843008 main.py:398] Start training.
I0215 14:28:14.707120 4747843008 dataset.py:128] Resample dataset...
I0215 14:28:14.707173 4747843008 dataset.py:175] Number of instances in labels: 13344
I0215 14:28:14.897047 4747843008 dataset.py:130] Resample dataset completed!
I0215 14:28:19.312142 4747843008 main.py:429] Epoch [16/20], Step [10/19], Loss: 0.589745, Speed: 3.4491 ms
I0215 14:28:22.986260 4747843008 utilities.py:21] ==================================================
I0215 14:28:22.990185 4747843008 utilities.py:50] Total: 2322
I0215 14:28:22.990278 4747843008 utilities.py:51] Correct: 1603
I0215 14:28:22.990341 4747843008 utilities.py:52] Accuracy: 0.6904
I0215 14:28:22.990397 4747843008 utilities.py:53] F1 Score: 0.6043
I0215 14:28:22.990450 4747843008 utilities.py:54] ROC AUC Score: 0.7650
I0215 14:28:22.990501 4747843008 utilities.py:55] Average Precision: 0.7887
I0215 14:28:22.993501 4747843008 utilities.py:63] Classification Report:
              precision    recall  f1-score   support

    negative     0.6327    0.9078    0.7457      1161
    positive     0.8369    0.4729    0.6043      1161

   micro avg     0.6904    0.6904    0.6904      2322
   macro avg     0.7348    0.6904    0.6750      2322
weighted avg     0.7348    0.6904    0.6750      2322

I0215 14:28:22.993576 4747843008 utilities.py:64] ==================================================
I0215 14:28:22.993670 4747843008 main.py:444] Start inference.
I0215 14:28:24.164494 4747843008 utilities.py:21] ==================================================
I0215 14:28:24.167757 4747843008 utilities.py:50] Total: 800
I0215 14:28:24.167864 4747843008 utilities.py:51] Correct: 489
I0215 14:28:24.167927 4747843008 utilities.py:52] Accuracy: 0.6112
I0215 14:28:24.167985 4747843008 utilities.py:53] F1 Score: 0.4209
I0215 14:28:24.168040 4747843008 utilities.py:54] ROC AUC Score: 0.6796
I0215 14:28:24.168092 4747843008 utilities.py:55] Average Precision: 0.7212
I0215 14:28:24.170228 4747843008 utilities.py:63] Classification Report:
              precision    recall  f1-score   support

    negative     0.5671    0.9400    0.7074       400
    positive     0.8248    0.2825    0.4209       400

   micro avg     0.6112    0.6112    0.6112       800
   macro avg     0.6960    0.6112    0.5641       800
weighted avg     0.6960    0.6112    0.5641       800

I0215 14:28:24.170312 4747843008 utilities.py:64] ==================================================
I0215 14:28:24.170383 4747843008 main.py:398] Start training.
I0215 14:28:24.170471 4747843008 dataset.py:128] Resample dataset...
I0215 14:28:24.170529 4747843008 dataset.py:175] Number of instances in labels: 13344
I0215 14:28:24.420796 4747843008 dataset.py:130] Resample dataset completed!
I0215 14:28:28.794636 4747843008 main.py:429] Epoch [17/20], Step [10/19], Loss: 0.572924, Speed: 3.4169 ms
I0215 14:28:32.384511 4747843008 utilities.py:21] ==================================================
I0215 14:28:32.392463 4747843008 utilities.py:50] Total: 2322
I0215 14:28:32.392585 4747843008 utilities.py:51] Correct: 1585
I0215 14:28:32.392645 4747843008 utilities.py:52] Accuracy: 0.6826
I0215 14:28:32.392699 4747843008 utilities.py:53] F1 Score: 0.5834
I0215 14:28:32.392749 4747843008 utilities.py:54] ROC AUC Score: 0.7639
I0215 14:28:32.392797 4747843008 utilities.py:55] Average Precision: 0.7834
I0215 14:28:32.395836 4747843008 utilities.py:63] Classification Report:
              precision    recall  f1-score   support

    negative     0.6237    0.9208    0.7437      1161
    positive     0.8487    0.4444    0.5834      1161

   micro avg     0.6826    0.6826    0.6826      2322
   macro avg     0.7362    0.6826    0.6635      2322
weighted avg     0.7362    0.6826    0.6635      2322

I0215 14:28:32.395908 4747843008 utilities.py:64] ==================================================
I0215 14:28:32.395999 4747843008 main.py:444] Start inference.
I0215 14:28:33.338071 4747843008 utilities.py:21] ==================================================
I0215 14:28:33.341192 4747843008 utilities.py:50] Total: 800
I0215 14:28:33.341297 4747843008 utilities.py:51] Correct: 503
I0215 14:28:33.341359 4747843008 utilities.py:52] Accuracy: 0.6288
I0215 14:28:33.341413 4747843008 utilities.py:53] F1 Score: 0.4725
I0215 14:28:33.341464 4747843008 utilities.py:54] ROC AUC Score: 0.6786
I0215 14:28:33.341512 4747843008 utilities.py:55] Average Precision: 0.7203
I0215 14:28:33.343578 4747843008 utilities.py:63] Classification Report:
              precision    recall  f1-score   support

    negative     0.5808    0.9250    0.7136       400
    positive     0.8160    0.3325    0.4725       400

   micro avg     0.6288    0.6288    0.6288       800
   macro avg     0.6984    0.6288    0.5930       800
weighted avg     0.6984    0.6288    0.5930       800

I0215 14:28:33.343650 4747843008 utilities.py:64] ==================================================
I0215 14:28:33.343717 4747843008 main.py:398] Start training.
I0215 14:28:33.343801 4747843008 dataset.py:128] Resample dataset...
I0215 14:28:33.343855 4747843008 dataset.py:175] Number of instances in labels: 13344
I0215 14:28:33.556787 4747843008 dataset.py:130] Resample dataset completed!
I0215 14:28:37.992873 4747843008 main.py:429] Epoch [18/20], Step [10/19], Loss: 0.598749, Speed: 3.4655 ms
I0215 14:28:41.487439 4747843008 utilities.py:21] ==================================================
I0215 14:28:41.491661 4747843008 utilities.py:50] Total: 2322
I0215 14:28:41.491757 4747843008 utilities.py:51] Correct: 1603
I0215 14:28:41.491818 4747843008 utilities.py:52] Accuracy: 0.6904
I0215 14:28:41.491877 4747843008 utilities.py:53] F1 Score: 0.6107
I0215 14:28:41.491930 4747843008 utilities.py:54] ROC AUC Score: 0.7601
I0215 14:28:41.491981 4747843008 utilities.py:55] Average Precision: 0.7710
I0215 14:28:41.495028 4747843008 utilities.py:63] Classification Report:
              precision    recall  f1-score   support

    negative     0.6351    0.8949    0.7429      1161
    positive     0.8222    0.4858    0.6107      1161

   micro avg     0.6904    0.6904    0.6904      2322
   macro avg     0.7286    0.6904    0.6768      2322
weighted avg     0.7286    0.6904    0.6768      2322

I0215 14:28:41.495101 4747843008 utilities.py:64] ==================================================
I0215 14:28:41.495196 4747843008 main.py:444] Start inference.
I0215 14:28:42.557162 4747843008 utilities.py:21] ==================================================
I0215 14:28:42.560218 4747843008 utilities.py:50] Total: 800
I0215 14:28:42.560312 4747843008 utilities.py:51] Correct: 502
I0215 14:28:42.560374 4747843008 utilities.py:52] Accuracy: 0.6275
I0215 14:28:42.560431 4747843008 utilities.py:53] F1 Score: 0.4808
I0215 14:28:42.560482 4747843008 utilities.py:54] ROC AUC Score: 0.6780
I0215 14:28:42.560534 4747843008 utilities.py:55] Average Precision: 0.7201
I0215 14:28:42.562586 4747843008 utilities.py:63] Classification Report:
              precision    recall  f1-score   support

    negative     0.5815    0.9100    0.7096       400
    positive     0.7931    0.3450    0.4808       400

   micro avg     0.6275    0.6275    0.6275       800
   macro avg     0.6873    0.6275    0.5952       800
weighted avg     0.6873    0.6275    0.5952       800

I0215 14:28:42.562688 4747843008 utilities.py:64] ==================================================
I0215 14:28:42.562756 4747843008 main.py:398] Start training.
I0215 14:28:42.562839 4747843008 dataset.py:128] Resample dataset...
I0215 14:28:42.562894 4747843008 dataset.py:175] Number of instances in labels: 13344
I0215 14:28:42.776119 4747843008 dataset.py:130] Resample dataset completed!
I0215 14:28:47.671192 4747843008 main.py:429] Epoch [19/20], Step [10/19], Loss: 0.601831, Speed: 3.8241 ms
I0215 14:28:51.995126 4747843008 utilities.py:21] ==================================================
I0215 14:28:51.999073 4747843008 utilities.py:50] Total: 2322
I0215 14:28:51.999160 4747843008 utilities.py:51] Correct: 1600
I0215 14:28:51.999221 4747843008 utilities.py:52] Accuracy: 0.6891
I0215 14:28:51.999278 4747843008 utilities.py:53] F1 Score: 0.6110
I0215 14:28:51.999330 4747843008 utilities.py:54] ROC AUC Score: 0.7689
I0215 14:28:51.999382 4747843008 utilities.py:55] Average Precision: 0.7740
I0215 14:28:52.002375 4747843008 utilities.py:63] Classification Report:
              precision    recall  f1-score   support

    negative     0.6349    0.8898    0.7410      1161
    positive     0.8158    0.4884    0.6110      1161

   micro avg     0.6891    0.6891    0.6891      2322
   macro avg     0.7254    0.6891    0.6760      2322
weighted avg     0.7254    0.6891    0.6760      2322

I0215 14:28:52.002448 4747843008 utilities.py:64] ==================================================
I0215 14:28:52.002543 4747843008 main.py:444] Start inference.
I0215 14:28:53.022485 4747843008 utilities.py:21] ==================================================
I0215 14:28:53.025495 4747843008 utilities.py:50] Total: 800
I0215 14:28:53.025581 4747843008 utilities.py:51] Correct: 504
I0215 14:28:53.025643 4747843008 utilities.py:52] Accuracy: 0.6300
I0215 14:28:53.025699 4747843008 utilities.py:53] F1 Score: 0.4879
I0215 14:28:53.025751 4747843008 utilities.py:54] ROC AUC Score: 0.6802
I0215 14:28:53.025801 4747843008 utilities.py:55] Average Precision: 0.7218
I0215 14:28:53.027870 4747843008 utilities.py:63] Classification Report:
              precision    recall  f1-score   support

    negative     0.5836    0.9075    0.7104       400
    positive     0.7921    0.3525    0.4879       400

   micro avg     0.6300    0.6300    0.6300       800
   macro avg     0.6879    0.6300    0.5991       800
weighted avg     0.6879    0.6300    0.5991       800

I0215 14:28:53.027943 4747843008 utilities.py:64] ==================================================
I0215 14:28:53.028009 4747843008 main.py:398] Start training.
I0215 14:28:53.028095 4747843008 dataset.py:128] Resample dataset...
I0215 14:28:53.028151 4747843008 dataset.py:175] Number of instances in labels: 13344
I0215 14:28:53.223280 4747843008 dataset.py:130] Resample dataset completed!
I0215 14:28:58.047623 4747843008 main.py:429] Epoch [20/20], Step [10/19], Loss: 0.548142, Speed: 3.7689 ms
I0215 14:29:02.622112 4747843008 utilities.py:21] ==================================================
I0215 14:29:02.626027 4747843008 utilities.py:50] Total: 2322
I0215 14:29:02.626118 4747843008 utilities.py:51] Correct: 1585
I0215 14:29:02.626181 4747843008 utilities.py:52] Accuracy: 0.6826
I0215 14:29:02.626237 4747843008 utilities.py:53] F1 Score: 0.6036
I0215 14:29:02.626291 4747843008 utilities.py:54] ROC AUC Score: 0.7581
I0215 14:29:02.626341 4747843008 utilities.py:55] Average Precision: 0.7735
I0215 14:29:02.629399 4747843008 utilities.py:63] Classification Report:
              precision    recall  f1-score   support

    negative     0.6305    0.8820    0.7354      1161
    positive     0.8037    0.4832    0.6036      1161

   micro avg     0.6826    0.6826    0.6826      2322
   macro avg     0.7171    0.6826    0.6695      2322
weighted avg     0.7171    0.6826    0.6695      2322

I0215 14:29:02.629507 4747843008 utilities.py:64] ==================================================
I0215 14:29:02.629575 4747843008 main.py:439] Saving model checkpoint...
I0215 14:29:02.634614 4747843008 main.py:444] Start inference.
I0215 14:29:05.175578 4747843008 utilities.py:21] ==================================================
I0215 14:29:05.178859 4747843008 utilities.py:50] Total: 800
I0215 14:29:05.178982 4747843008 utilities.py:51] Correct: 500
I0215 14:29:05.179053 4747843008 utilities.py:52] Accuracy: 0.6250
I0215 14:29:05.179111 4747843008 utilities.py:53] F1 Score: 0.4643
I0215 14:29:05.179164 4747843008 utilities.py:54] ROC AUC Score: 0.6827
I0215 14:29:05.179216 4747843008 utilities.py:55] Average Precision: 0.7238
I0215 14:29:05.181402 4747843008 utilities.py:63] Classification Report:
              precision    recall  f1-score   support

    negative     0.5781    0.9250    0.7115       400
    positive     0.8125    0.3250    0.4643       400

   micro avg     0.6250    0.6250    0.6250       800
   macro avg     0.6953    0.6250    0.5879       800
weighted avg     0.6953    0.6250    0.5879       800

I0215 14:29:05.181541 4747843008 utilities.py:64] ==================================================
I0215 14:29:05.181624 4747843008 main.py:470] Train/Eval completed.
