I0215 13:00:16.534126 4564108736 main.py:527] Saved model parameters:
I0215 13:00:16.534277 4564108736 main.py:529] 0: model_type=rnn
I0215 13:00:16.534339 4564108736 main.py:529] 1: input_size=256
I0215 13:00:16.534390 4564108736 main.py:529] 2: rnn_hidden_size=256
I0215 13:00:16.534440 4564108736 main.py:529] 3: use_attention=False
I0215 13:00:16.534487 4564108736 main.py:529] 4: rnn_type=lstm
I0215 13:00:16.534534 4564108736 main.py:529] 5: rnn_layers=1
I0215 13:00:16.534580 4564108736 main.py:529] 6: rnn_dropout=0.0
I0215 13:00:16.534628 4564108736 main.py:529] 7: rnn_bidirectional=False
I0215 13:00:16.534673 4564108736 main.py:529] 8: standardize=True
I0215 13:00:16.534719 4564108736 main.py:529] 9: block_size=6
I0215 13:00:16.534766 4564108736 main.py:529] 10: history_window=28
I0215 13:00:16.534811 4564108736 main.py:529] 11: prediction_window=2
I0215 13:00:16.534857 4564108736 main.py:529] 12: target_label=death
I0215 13:00:16.534903 4564108736 main.py:529] 13: data_dir=./data
I0215 13:00:16.534949 4564108736 main.py:529] 14: lr_pooling=mean
I0215 13:00:16.534993 4564108736 main.py:529] 15: save_per_epochs=10
I0215 13:00:16.535048 4564108736 main.py:545] Mode: Train/Eval pipeline
I0215 13:00:16.535187 4564108736 main.py:313] 0: code/main.py
I0215 13:00:16.535243 4564108736 main.py:313] 1: --phase=pipeline
I0215 13:00:16.535290 4564108736 main.py:313] 2: --model_type=rnn
I0215 13:00:16.535337 4564108736 main.py:313] 3: --rnn_type=lstm
I0215 13:00:16.535384 4564108736 main.py:313] 4: --nornn_bidirectional
I0215 13:00:16.535429 4564108736 main.py:313] 5: --nouse_attention
I0215 13:00:16.535475 4564108736 main.py:313] 6: --batch_size=128
I0215 13:00:16.535521 4564108736 main.py:313] 7: --input_size=256
I0215 13:00:16.535567 4564108736 main.py:313] 8: --rnn_hidden_size=256
I0215 13:00:16.535612 4564108736 main.py:313] 9: --num_epochs=20
I0215 13:00:16.535659 4564108736 main.py:313] 10: --learning_rate=1e-3
I0215 13:00:16.535705 4564108736 main.py:313] 11: --train_data_split=train
I0215 13:00:16.535750 4564108736 main.py:313] 12: --eval_data_split=val
I0215 13:00:16.535795 4564108736 main.py:313] 13: --data_dir=./data
I0215 13:00:16.535841 4564108736 main.py:313] 14: --target_label=death
I0215 13:00:16.535892 4564108736 main.py:313] 15: --block_size=6
I0215 13:00:16.535940 4564108736 main.py:313] 16: --history_window=28
I0215 13:00:16.535985 4564108736 main.py:313] 17: --prediction_window=2
I0215 13:00:16.536031 4564108736 main.py:313] 18: --train_dataset_size=0
I0215 13:00:16.536077 4564108736 main.py:313] 19: --eval_dataset_size=0
I0215 13:00:16.536122 4564108736 main.py:313] 20: --rnn_layers=1
I0215 13:00:16.536169 4564108736 main.py:313] 21: --rnn_dropout=0
I0215 13:00:16.536215 4564108736 main.py:313] 22: --standardize
I0215 13:00:16.536260 4564108736 main.py:313] 23: --checkpoint_dir=./experiments
I0215 13:00:16.536305 4564108736 main.py:313] 24: --experiment_name=exp_1_a
