I0217 08:14:09.747833 4619097536 main.py:527] Saved model parameters:
I0217 08:14:09.747995 4619097536 main.py:529] 0: model_type=rnn
I0217 08:14:09.748061 4619097536 main.py:529] 1: input_size=256
I0217 08:14:09.748119 4619097536 main.py:529] 2: rnn_hidden_size=256
I0217 08:14:09.748172 4619097536 main.py:529] 3: use_attention=False
I0217 08:14:09.748224 4619097536 main.py:529] 4: rnn_type=lstm
I0217 08:14:09.748276 4619097536 main.py:529] 5: rnn_layers=1
I0217 08:14:09.748327 4619097536 main.py:529] 6: rnn_dropout=0.0
I0217 08:14:09.748378 4619097536 main.py:529] 7: rnn_bidirectional=True
I0217 08:14:09.748428 4619097536 main.py:529] 8: standardize=True
I0217 08:14:09.748477 4619097536 main.py:529] 9: block_size=3
I0217 08:14:09.748527 4619097536 main.py:529] 10: history_window=112
I0217 08:14:09.748577 4619097536 main.py:529] 11: prediction_window=8
I0217 08:14:09.748625 4619097536 main.py:529] 12: target_label=death
I0217 08:14:09.748675 4619097536 main.py:529] 13: data_dir=./data
I0217 08:14:09.748728 4619097536 main.py:529] 14: lr_pooling=mean
I0217 08:14:09.748787 4619097536 main.py:529] 15: save_per_epochs=10
I0217 08:14:09.748841 4619097536 main.py:545] Mode: Train/Eval pipeline
I0217 08:14:09.748983 4619097536 main.py:313] 0: code/main.py
I0217 08:14:09.749039 4619097536 main.py:313] 1: --phase=pipeline
I0217 08:14:09.749088 4619097536 main.py:313] 2: --model_type=rnn
I0217 08:14:09.749134 4619097536 main.py:313] 3: --rnn_type=lstm
I0217 08:14:09.749179 4619097536 main.py:313] 4: --rnn_bidirectional
I0217 08:14:09.749226 4619097536 main.py:313] 5: --nouse_attention
I0217 08:14:09.749272 4619097536 main.py:313] 6: --batch_size=128
I0217 08:14:09.749317 4619097536 main.py:313] 7: --input_size=256
I0217 08:14:09.749362 4619097536 main.py:313] 8: --rnn_hidden_size=256
I0217 08:14:09.749408 4619097536 main.py:313] 9: --num_epochs=20
I0217 08:14:09.749454 4619097536 main.py:313] 10: --learning_rate=1e-3
I0217 08:14:09.749499 4619097536 main.py:313] 11: --train_data_split=train
I0217 08:14:09.749544 4619097536 main.py:313] 12: --eval_data_split=val
I0217 08:14:09.749591 4619097536 main.py:313] 13: --data_dir=./data
I0217 08:14:09.749637 4619097536 main.py:313] 14: --target_label=death
I0217 08:14:09.749689 4619097536 main.py:313] 15: --block_size=3
I0217 08:14:09.749735 4619097536 main.py:313] 16: --history_window=112
I0217 08:14:09.749782 4619097536 main.py:313] 17: --prediction_window=8
I0217 08:14:09.749828 4619097536 main.py:313] 18: --train_dataset_size=0
I0217 08:14:09.749873 4619097536 main.py:313] 19: --eval_dataset_size=0
I0217 08:14:09.749919 4619097536 main.py:313] 20: --rnn_layers=1
I0217 08:14:09.749964 4619097536 main.py:313] 21: --rnn_dropout=0
I0217 08:14:09.750010 4619097536 main.py:313] 22: --standardize
I0217 08:14:09.750056 4619097536 main.py:313] 23: --checkpoint_dir=./experiments
I0217 08:14:09.750102 4619097536 main.py:313] 24: --experiment_name=exp_5_b
