I0216 12:56:42.572834 4577498560 main.py:527] Saved model parameters:
I0216 12:56:42.572997 4577498560 main.py:529] 0: model_type=rnn
I0216 12:56:42.573058 4577498560 main.py:529] 1: input_size=256
I0216 12:56:42.573111 4577498560 main.py:529] 2: rnn_hidden_size=256
I0216 12:56:42.573160 4577498560 main.py:529] 3: use_attention=False
I0216 12:56:42.573208 4577498560 main.py:529] 4: rnn_type=lstm
I0216 12:56:42.573254 4577498560 main.py:529] 5: rnn_layers=1
I0216 12:56:42.573301 4577498560 main.py:529] 6: rnn_dropout=0.0
I0216 12:56:42.573347 4577498560 main.py:529] 7: rnn_bidirectional=True
I0216 12:56:42.573392 4577498560 main.py:529] 8: standardize=True
I0216 12:56:42.573438 4577498560 main.py:529] 9: block_size=3
I0216 12:56:42.573485 4577498560 main.py:529] 10: history_window=56
I0216 12:56:42.573530 4577498560 main.py:529] 11: prediction_window=4
I0216 12:56:42.573575 4577498560 main.py:529] 12: target_label=death
I0216 12:56:42.573621 4577498560 main.py:529] 13: data_dir=./data
I0216 12:56:42.573667 4577498560 main.py:529] 14: lr_pooling=mean
I0216 12:56:42.573711 4577498560 main.py:529] 15: save_per_epochs=10
I0216 12:56:42.573765 4577498560 main.py:545] Mode: Train/Eval pipeline
I0216 12:56:42.574268 4577498560 main.py:313] 0: code/main.py
I0216 12:56:42.574339 4577498560 main.py:313] 1: --phase=pipeline
I0216 12:56:42.574395 4577498560 main.py:313] 2: --model_type=rnn
I0216 12:56:42.574447 4577498560 main.py:313] 3: --rnn_type=lstm
I0216 12:56:42.574495 4577498560 main.py:313] 4: --rnn_bidirectional
I0216 12:56:42.574542 4577498560 main.py:313] 5: --nouse_attention
I0216 12:56:42.574590 4577498560 main.py:313] 6: --batch_size=128
I0216 12:56:42.574637 4577498560 main.py:313] 7: --input_size=256
I0216 12:56:42.574683 4577498560 main.py:313] 8: --rnn_hidden_size=256
I0216 12:56:42.574731 4577498560 main.py:313] 9: --num_epochs=20
I0216 12:56:42.574777 4577498560 main.py:313] 10: --learning_rate=1e-3
I0216 12:56:42.574822 4577498560 main.py:313] 11: --train_data_split=train
I0216 12:56:42.574870 4577498560 main.py:313] 12: --eval_data_split=val
I0216 12:56:42.574916 4577498560 main.py:313] 13: --data_dir=./data
I0216 12:56:42.574961 4577498560 main.py:313] 14: --target_label=death
I0216 12:56:42.575007 4577498560 main.py:313] 15: --block_size=3
I0216 12:56:42.575055 4577498560 main.py:313] 16: --history_window=56
I0216 12:56:42.575108 4577498560 main.py:313] 17: --prediction_window=4
I0216 12:56:42.575155 4577498560 main.py:313] 18: --train_dataset_size=0
I0216 12:56:42.575201 4577498560 main.py:313] 19: --eval_dataset_size=0
I0216 12:56:42.575248 4577498560 main.py:313] 20: --rnn_layers=1
I0216 12:56:42.575294 4577498560 main.py:313] 21: --rnn_dropout=0
I0216 12:56:42.575342 4577498560 main.py:313] 22: --standardize
I0216 12:56:42.575387 4577498560 main.py:313] 23: --checkpoint_dir=./experiments
I0216 12:56:42.575434 4577498560 main.py:313] 24: --experiment_name=exp_3_b
