I0215 14:59:25.363594 4507575744 main.py:527] Saved model parameters:
I0215 14:59:25.363755 4507575744 main.py:529] 0: model_type=rnn
I0215 14:59:25.363817 4507575744 main.py:529] 1: input_size=256
I0215 14:59:25.363869 4507575744 main.py:529] 2: rnn_hidden_size=256
I0215 14:59:25.363919 4507575744 main.py:529] 3: use_attention=False
I0215 14:59:25.363965 4507575744 main.py:529] 4: rnn_type=lstm
I0215 14:59:25.364012 4507575744 main.py:529] 5: rnn_layers=1
I0215 14:59:25.364057 4507575744 main.py:529] 6: rnn_dropout=0.0
I0215 14:59:25.364102 4507575744 main.py:529] 7: rnn_bidirectional=False
I0215 14:59:25.364149 4507575744 main.py:529] 8: standardize=True
I0215 14:59:25.364194 4507575744 main.py:529] 9: block_size=6
I0215 14:59:25.364239 4507575744 main.py:529] 10: history_window=56
I0215 14:59:25.364283 4507575744 main.py:529] 11: prediction_window=4
I0215 14:59:25.364328 4507575744 main.py:529] 12: target_label=death
I0215 14:59:25.364373 4507575744 main.py:529] 13: data_dir=./data
I0215 14:59:25.364418 4507575744 main.py:529] 14: lr_pooling=mean
I0215 14:59:25.364464 4507575744 main.py:529] 15: save_per_epochs=10
I0215 14:59:25.364517 4507575744 main.py:545] Mode: Train/Eval pipeline
I0215 14:59:25.364653 4507575744 main.py:313] 0: code/main.py
I0215 14:59:25.364709 4507575744 main.py:313] 1: --phase=pipeline
I0215 14:59:25.364757 4507575744 main.py:313] 2: --model_type=rnn
I0215 14:59:25.364803 4507575744 main.py:313] 3: --rnn_type=lstm
I0215 14:59:25.364848 4507575744 main.py:313] 4: --nornn_bidirectional
I0215 14:59:25.364893 4507575744 main.py:313] 5: --nouse_attention
I0215 14:59:25.364938 4507575744 main.py:313] 6: --batch_size=128
I0215 14:59:25.364984 4507575744 main.py:313] 7: --input_size=256
I0215 14:59:25.365029 4507575744 main.py:313] 8: --rnn_hidden_size=256
I0215 14:59:25.365074 4507575744 main.py:313] 9: --num_epochs=20
I0215 14:59:25.365119 4507575744 main.py:313] 10: --learning_rate=1e-3
I0215 14:59:25.365164 4507575744 main.py:313] 11: --train_data_split=train
I0215 14:59:25.365210 4507575744 main.py:313] 12: --eval_data_split=val
I0215 14:59:25.365253 4507575744 main.py:313] 13: --data_dir=./data
I0215 14:59:25.365298 4507575744 main.py:313] 14: --target_label=death
I0215 14:59:25.365349 4507575744 main.py:313] 15: --block_size=6
I0215 14:59:25.365394 4507575744 main.py:313] 16: --history_window=56
I0215 14:59:25.365441 4507575744 main.py:313] 17: --prediction_window=4
I0215 14:59:25.365486 4507575744 main.py:313] 18: --train_dataset_size=0
I0215 14:59:25.365530 4507575744 main.py:313] 19: --eval_dataset_size=0
I0215 14:59:25.365576 4507575744 main.py:313] 20: --rnn_layers=1
I0215 14:59:25.365621 4507575744 main.py:313] 21: --rnn_dropout=0
I0215 14:59:25.365666 4507575744 main.py:313] 22: --standardize
I0215 14:59:25.365711 4507575744 main.py:313] 23: --checkpoint_dir=./experiments
I0215 14:59:25.365756 4507575744 main.py:313] 24: --experiment_name=exp_2_a
I0215 14:59:27.872240 4507575744 dataset.py:116] Number of admissions: 13344
I0215 14:59:27.872409 4507575744 dataset.py:117] Preprocess dataset with block size of 6
I0215 15:00:29.257750 4507575744 dataset.py:123] Preprocess completed.
I0215 15:00:29.259546 4507575744 dataset.py:128] Resample dataset...
I0215 15:00:29.259688 4507575744 dataset.py:175] Number of instances in labels: 13344
I0215 15:00:29.478080 4507575744 dataset.py:208] Dataset use default size: 2374
I0215 15:00:29.478243 4507575744 dataset.py:209]   Use all 1187 positive samples
I0215 15:00:29.478312 4507575744 dataset.py:211]   Randomly choose 1187 negative samples from 129561 candidates
I0215 15:00:29.483617 4507575744 dataset.py:130] Resample dataset completed!
I0215 15:00:44.004331 4507575744 dataset.py:139] Feature shape for PCA: (13344, 4010)
I0215 15:00:49.547956 4507575744 dataset.py:116] Number of admissions: 4329
I0215 15:00:49.548120 4507575744 dataset.py:117] Preprocess dataset with block size of 6
I0215 15:01:09.445935 4507575744 dataset.py:123] Preprocess completed.
I0215 15:01:09.446086 4507575744 dataset.py:128] Resample dataset...
I0215 15:01:09.446207 4507575744 dataset.py:175] Number of instances in labels: 4329
I0215 15:01:09.483056 4507575744 dataset.py:208] Dataset use default size: 832
I0215 15:01:09.483218 4507575744 dataset.py:209]   Use all 416 positive samples
I0215 15:01:09.483328 4507575744 dataset.py:211]   Randomly choose 416 negative samples from 42169 candidates
I0215 15:01:09.485833 4507575744 dataset.py:130] Resample dataset completed!
I0215 15:01:11.672502 4507575744 dataset.py:139] Feature shape for PCA: (4329, 4010)
I0215 15:01:11.746113 4507575744 dataset.py:128] Resample dataset...
I0215 15:01:11.746234 4507575744 dataset.py:175] Number of instances in labels: 4329
I0215 15:01:11.782113 4507575744 dataset.py:130] Resample dataset completed!
I0215 15:01:11.799075 4507575744 main.py:374] Training dataset size: 2374
I0215 15:01:11.799246 4507575744 main.py:375] Batches in each epoch: 19
I0215 15:01:11.799335 4507575744 main.py:376] Evaluation on `val`
I0215 15:01:11.799514 4507575744 main.py:377] Evaluation dataset size: 832
I0215 15:01:11.799571 4507575744 main.py:378] Batches in each epoch: 7
I0215 15:01:11.799942 4507575744 main.py:384] Model parameters:
I0215 15:01:11.800029 4507575744 main.py:386] rnn_module.weight_ih_l0: torch.Size([1024, 256])
I0215 15:01:11.800099 4507575744 main.py:386] rnn_module.weight_hh_l0: torch.Size([1024, 256])
I0215 15:01:11.800218 4507575744 main.py:386] rnn_module.bias_ih_l0: torch.Size([1024])
I0215 15:01:11.800325 4507575744 main.py:386] rnn_module.bias_hh_l0: torch.Size([1024])
I0215 15:01:11.800397 4507575744 main.py:386] rnn_linear.weight: torch.Size([1, 256])
I0215 15:01:11.800458 4507575744 main.py:386] rnn_linear.bias: torch.Size([1])
I0215 15:01:23.025922 4507575744 _import_c_extension.py:20] Failed to import cuda module: No module named 'caffe2.python.caffe2_pybind11_state_gpu'
I0215 15:01:23.026139 4507575744 _import_c_extension.py:29] Failed to import AMD hip module: No module named 'caffe2.python.caffe2_pybind11_state_hip'
W0215 15:01:23.026240 4507575744 _import_c_extension.py:32] This caffe2 python run does not have GPU support. Will run in CPU only mode.
I0215 15:01:23.064454 4507575744 main.py:398] Start training.
I0215 15:01:23.064613 4507575744 dataset.py:128] Resample dataset...
I0215 15:01:23.064727 4507575744 dataset.py:175] Number of instances in labels: 13344
I0215 15:01:23.177675 4507575744 dataset.py:130] Resample dataset completed!
I0215 15:01:32.148263 4507575744 main.py:429] Epoch [1/20], Step [10/19], Loss: 0.685035, Speed: 7.0081 ms
I0215 15:01:39.666577 4507575744 utilities.py:21] ==================================================
I0215 15:01:39.672731 4507575744 utilities.py:50] Total: 2374
I0215 15:01:39.672866 4507575744 utilities.py:51] Correct: 1167
I0215 15:01:39.673007 4507575744 utilities.py:52] Accuracy: 0.4916
I0215 15:01:39.673099 4507575744 utilities.py:53] F1 Score: 0.0821
I0215 15:01:39.673158 4507575744 utilities.py:54] ROC AUC Score: 0.5430
I0215 15:01:39.673213 4507575744 utilities.py:55] Average Precision: 0.5350
I0215 15:01:39.676428 4507575744 utilities.py:63] Classification Report:
              precision    recall  f1-score   support

    negative     0.4955    0.9377    0.6484      1187
    positive     0.4219    0.0455    0.0821      1187

   micro avg     0.4916    0.4916    0.4916      2374
   macro avg     0.4587    0.4916    0.3653      2374
weighted avg     0.4587    0.4916    0.3653      2374

I0215 15:01:39.676667 4507575744 utilities.py:64] ==================================================
I0215 15:01:39.677063 4507575744 main.py:444] Start inference.
I0215 15:01:41.590052 4507575744 utilities.py:21] ==================================================
/Users/ke/anaconda3/lib/python3.7/site-packages/sklearn/metrics/classification.py:1143: UndefinedMetricWarning: F-score is ill-defined and being set to 0.0 due to no predicted samples.
  'precision', 'predicted', average, warn_for)
I0215 15:01:41.607938 4507575744 utilities.py:50] Total: 832
I0215 15:01:41.608048 4507575744 utilities.py:51] Correct: 416
I0215 15:01:41.608117 4507575744 utilities.py:52] Accuracy: 0.5000
I0215 15:01:41.608188 4507575744 utilities.py:53] F1 Score: 0.0000
I0215 15:01:41.608244 4507575744 utilities.py:54] ROC AUC Score: 0.7080
I0215 15:01:41.608296 4507575744 utilities.py:55] Average Precision: 0.7654
/Users/ke/anaconda3/lib/python3.7/site-packages/sklearn/metrics/classification.py:1143: UndefinedMetricWarning: Precision and F-score are ill-defined and being set to 0.0 in labels with no predicted samples.
  'precision', 'predicted', average, warn_for)
I0215 15:01:41.610481 4507575744 utilities.py:63] Classification Report:
              precision    recall  f1-score   support

    negative     0.5000    1.0000    0.6667       416
    positive     0.0000    0.0000    0.0000       416

   micro avg     0.5000    0.5000    0.5000       832
   macro avg     0.2500    0.5000    0.3333       832
weighted avg     0.2500    0.5000    0.3333       832

I0215 15:01:41.610591 4507575744 utilities.py:64] ==================================================
I0215 15:01:41.610666 4507575744 main.py:398] Start training.
I0215 15:01:41.610753 4507575744 dataset.py:128] Resample dataset...
I0215 15:01:41.610812 4507575744 dataset.py:175] Number of instances in labels: 13344
I0215 15:01:41.711026 4507575744 dataset.py:130] Resample dataset completed!
I0215 15:01:48.990919 4507575744 main.py:429] Epoch [2/20], Step [10/19], Loss: 0.658189, Speed: 5.6872 ms
I0215 15:01:55.269640 4507575744 utilities.py:21] ==================================================
I0215 15:01:55.273824 4507575744 utilities.py:50] Total: 2374
I0215 15:01:55.273928 4507575744 utilities.py:51] Correct: 1247
I0215 15:01:55.273999 4507575744 utilities.py:52] Accuracy: 0.5253
I0215 15:01:55.274065 4507575744 utilities.py:53] F1 Score: 0.0977
I0215 15:01:55.274122 4507575744 utilities.py:54] ROC AUC Score: 0.6500
I0215 15:01:55.274178 4507575744 utilities.py:55] Average Precision: 0.6666
I0215 15:01:55.277096 4507575744 utilities.py:63] Classification Report:
              precision    recall  f1-score   support

    negative     0.5130    0.9992    0.6779      1187
    positive     0.9839    0.0514    0.0977      1187

   micro avg     0.5253    0.5253    0.5253      2374
   macro avg     0.7484    0.5253    0.3878      2374
weighted avg     0.7484    0.5253    0.3878      2374

I0215 15:01:55.277178 4507575744 utilities.py:64] ==================================================
I0215 15:01:55.277277 4507575744 main.py:444] Start inference.
I0215 15:01:57.061295 4507575744 utilities.py:21] ==================================================
I0215 15:01:57.064540 4507575744 utilities.py:50] Total: 832
I0215 15:01:57.064654 4507575744 utilities.py:51] Correct: 471
I0215 15:01:57.064724 4507575744 utilities.py:52] Accuracy: 0.5661
I0215 15:01:57.064787 4507575744 utilities.py:53] F1 Score: 0.2526
I0215 15:01:57.064845 4507575744 utilities.py:54] ROC AUC Score: 0.7250
I0215 15:01:57.064901 4507575744 utilities.py:55] Average Precision: 0.7761
I0215 15:01:57.067007 4507575744 utilities.py:63] Classification Report:
              precision    recall  f1-score   support

    negative     0.5359    0.9856    0.6943       416
    positive     0.9104    0.1466    0.2526       416

   micro avg     0.5661    0.5661    0.5661       832
   macro avg     0.7232    0.5661    0.4735       832
weighted avg     0.7232    0.5661    0.4735       832

I0215 15:01:57.067087 4507575744 utilities.py:64] ==================================================
I0215 15:01:57.067162 4507575744 main.py:398] Start training.
I0215 15:01:57.067250 4507575744 dataset.py:128] Resample dataset...
I0215 15:01:57.067312 4507575744 dataset.py:175] Number of instances in labels: 13344
I0215 15:01:57.190576 4507575744 dataset.py:130] Resample dataset completed!
I0215 15:02:04.889704 4507575744 main.py:429] Epoch [3/20], Step [10/19], Loss: 0.634919, Speed: 6.0148 ms
I0215 15:02:10.973865 4507575744 utilities.py:21] ==================================================
I0215 15:02:10.977850 4507575744 utilities.py:50] Total: 2374
I0215 15:02:10.977952 4507575744 utilities.py:51] Correct: 1319
I0215 15:02:10.978021 4507575744 utilities.py:52] Accuracy: 0.5556
I0215 15:02:10.978095 4507575744 utilities.py:53] F1 Score: 0.2699
I0215 15:02:10.978149 4507575744 utilities.py:54] ROC AUC Score: 0.6867
I0215 15:02:10.978204 4507575744 utilities.py:55] Average Precision: 0.6766
I0215 15:02:10.981132 4507575744 utilities.py:63] Classification Report:
              precision    recall  f1-score   support

    negative     0.5312    0.9469    0.6806      1187
    positive     0.7558    0.1643    0.2699      1187

   micro avg     0.5556    0.5556    0.5556      2374
   macro avg     0.6435    0.5556    0.4752      2374
weighted avg     0.6435    0.5556    0.4752      2374

I0215 15:02:10.981209 4507575744 utilities.py:64] ==================================================
I0215 15:02:10.981311 4507575744 main.py:444] Start inference.
I0215 15:02:12.764145 4507575744 utilities.py:21] ==================================================
I0215 15:02:12.767202 4507575744 utilities.py:50] Total: 832
I0215 15:02:12.767308 4507575744 utilities.py:51] Correct: 475
I0215 15:02:12.767374 4507575744 utilities.py:52] Accuracy: 0.5709
I0215 15:02:12.767432 4507575744 utilities.py:53] F1 Score: 0.2639
I0215 15:02:12.767485 4507575744 utilities.py:54] ROC AUC Score: 0.7381
I0215 15:02:12.767544 4507575744 utilities.py:55] Average Precision: 0.7841
I0215 15:02:12.769613 4507575744 utilities.py:63] Classification Report:
              precision    recall  f1-score   support

    negative     0.5387    0.9880    0.6972       416
    positive     0.9275    0.1538    0.2639       416

   micro avg     0.5709    0.5709    0.5709       832
   macro avg     0.7331    0.5709    0.4806       832
weighted avg     0.7331    0.5709    0.4806       832

I0215 15:02:12.769690 4507575744 utilities.py:64] ==================================================
I0215 15:02:12.769773 4507575744 main.py:398] Start training.
I0215 15:02:12.769860 4507575744 dataset.py:128] Resample dataset...
I0215 15:02:12.769918 4507575744 dataset.py:175] Number of instances in labels: 13344
I0215 15:02:12.869071 4507575744 dataset.py:130] Resample dataset completed!
I0215 15:02:20.013837 4507575744 main.py:429] Epoch [4/20], Step [10/19], Loss: 0.632900, Speed: 5.5817 ms
I0215 15:02:26.131757 4507575744 utilities.py:21] ==================================================
I0215 15:02:26.135738 4507575744 utilities.py:50] Total: 2374
I0215 15:02:26.135835 4507575744 utilities.py:51] Correct: 1443
I0215 15:02:26.135904 4507575744 utilities.py:52] Accuracy: 0.6078
I0215 15:02:26.135966 4507575744 utilities.py:53] F1 Score: 0.3680
I0215 15:02:26.136026 4507575744 utilities.py:54] ROC AUC Score: 0.7029
I0215 15:02:26.136080 4507575744 utilities.py:55] Average Precision: 0.7493
I0215 15:02:26.139049 4507575744 utilities.py:63] Classification Report:
              precision    recall  f1-score   support

    negative     0.5613    0.9874    0.7157      1187
    positive     0.9476    0.2283    0.3680      1187

   micro avg     0.6078    0.6078    0.6078      2374
   macro avg     0.7544    0.6078    0.5418      2374
weighted avg     0.7544    0.6078    0.5418      2374

I0215 15:02:26.139127 4507575744 utilities.py:64] ==================================================
I0215 15:02:26.139231 4507575744 main.py:444] Start inference.
I0215 15:02:27.939556 4507575744 utilities.py:21] ==================================================
I0215 15:02:27.942732 4507575744 utilities.py:50] Total: 832
I0215 15:02:27.942839 4507575744 utilities.py:51] Correct: 487
I0215 15:02:27.942905 4507575744 utilities.py:52] Accuracy: 0.5853
I0215 15:02:27.942965 4507575744 utilities.py:53] F1 Score: 0.3086
I0215 15:02:27.943022 4507575744 utilities.py:54] ROC AUC Score: 0.7111
I0215 15:02:27.943077 4507575744 utilities.py:55] Average Precision: 0.7647
I0215 15:02:27.945178 4507575744 utilities.py:63] Classification Report:
              precision    recall  f1-score   support

    negative     0.5474    0.9856    0.7039       416
    positive     0.9277    0.1851    0.3086       416

   micro avg     0.5853    0.5853    0.5853       832
   macro avg     0.7376    0.5853    0.5062       832
weighted avg     0.7376    0.5853    0.5062       832

I0215 15:02:27.945277 4507575744 utilities.py:64] ==================================================
I0215 15:02:27.945349 4507575744 main.py:398] Start training.
I0215 15:02:27.945436 4507575744 dataset.py:128] Resample dataset...
I0215 15:02:27.945493 4507575744 dataset.py:175] Number of instances in labels: 13344
I0215 15:02:28.069926 4507575744 dataset.py:130] Resample dataset completed!
I0215 15:02:34.880693 4507575744 main.py:429] Epoch [5/20], Step [10/19], Loss: 0.565709, Speed: 5.3207 ms
I0215 15:02:40.905219 4507575744 utilities.py:21] ==================================================
I0215 15:02:40.909189 4507575744 utilities.py:50] Total: 2374
I0215 15:02:40.909301 4507575744 utilities.py:51] Correct: 1532
I0215 15:02:40.909370 4507575744 utilities.py:52] Accuracy: 0.6453
I0215 15:02:40.909432 4507575744 utilities.py:53] F1 Score: 0.5064
I0215 15:02:40.909489 4507575744 utilities.py:54] ROC AUC Score: 0.7204
I0215 15:02:40.909541 4507575744 utilities.py:55] Average Precision: 0.7438
I0215 15:02:40.912557 4507575744 utilities.py:63] Classification Report:
              precision    recall  f1-score   support

    negative     0.5930    0.9267    0.7232      1187
    positive     0.8324    0.3639    0.5064      1187

   micro avg     0.6453    0.6453    0.6453      2374
   macro avg     0.7127    0.6453    0.6148      2374
weighted avg     0.7127    0.6453    0.6148      2374

I0215 15:02:40.912633 4507575744 utilities.py:64] ==================================================
I0215 15:02:40.912730 4507575744 main.py:444] Start inference.
I0215 15:02:42.574832 4507575744 utilities.py:21] ==================================================
I0215 15:02:42.578053 4507575744 utilities.py:50] Total: 832
I0215 15:02:42.578158 4507575744 utilities.py:51] Correct: 544
I0215 15:02:42.578224 4507575744 utilities.py:52] Accuracy: 0.6538
I0215 15:02:42.578283 4507575744 utilities.py:53] F1 Score: 0.5000
I0215 15:02:42.578336 4507575744 utilities.py:54] ROC AUC Score: 0.6850
I0215 15:02:42.578387 4507575744 utilities.py:55] Average Precision: 0.7517
I0215 15:02:42.580553 4507575744 utilities.py:63] Classification Report:
              precision    recall  f1-score   support

    negative     0.5952    0.9615    0.7353       416
    positive     0.9000    0.3462    0.5000       416

   micro avg     0.6538    0.6538    0.6538       832
   macro avg     0.7476    0.6538    0.6176       832
weighted avg     0.7476    0.6538    0.6176       832

I0215 15:02:42.580635 4507575744 utilities.py:64] ==================================================
I0215 15:02:42.580708 4507575744 main.py:398] Start training.
I0215 15:02:42.580794 4507575744 dataset.py:128] Resample dataset...
I0215 15:02:42.580850 4507575744 dataset.py:175] Number of instances in labels: 13344
I0215 15:02:42.680320 4507575744 dataset.py:130] Resample dataset completed!
I0215 15:02:49.410948 4507575744 main.py:429] Epoch [6/20], Step [10/19], Loss: 0.569679, Speed: 5.2581 ms
I0215 15:02:55.235087 4507575744 utilities.py:21] ==================================================
I0215 15:02:55.243821 4507575744 utilities.py:50] Total: 2374
I0215 15:02:55.243926 4507575744 utilities.py:51] Correct: 1606
I0215 15:02:55.243994 4507575744 utilities.py:52] Accuracy: 0.6765
I0215 15:02:55.244059 4507575744 utilities.py:53] F1 Score: 0.5858
I0215 15:02:55.244121 4507575744 utilities.py:54] ROC AUC Score: 0.7543
I0215 15:02:55.244179 4507575744 utilities.py:55] Average Precision: 0.7860
I0215 15:02:55.247266 4507575744 utilities.py:63] Classification Report:
              precision    recall  f1-score   support

    negative     0.6227    0.8955    0.7346      1187
    positive     0.8141    0.4575    0.5858      1187

   micro avg     0.6765    0.6765    0.6765      2374
   macro avg     0.7184    0.6765    0.6602      2374
weighted avg     0.7184    0.6765    0.6602      2374

I0215 15:02:55.247346 4507575744 utilities.py:64] ==================================================
I0215 15:02:55.247461 4507575744 main.py:444] Start inference.
I0215 15:02:56.914041 4507575744 utilities.py:21] ==================================================
I0215 15:02:56.922529 4507575744 utilities.py:50] Total: 832
I0215 15:02:56.922639 4507575744 utilities.py:51] Correct: 428
I0215 15:02:56.922703 4507575744 utilities.py:52] Accuracy: 0.5144
I0215 15:02:56.922760 4507575744 utilities.py:53] F1 Score: 0.0691
I0215 15:02:56.922815 4507575744 utilities.py:54] ROC AUC Score: 0.7646
I0215 15:02:56.922867 4507575744 utilities.py:55] Average Precision: 0.7893
I0215 15:02:56.924900 4507575744 utilities.py:63] Classification Report:
              precision    recall  f1-score   support

    negative     0.5074    0.9928    0.6715       416
    positive     0.8333    0.0361    0.0691       416

   micro avg     0.5144    0.5144    0.5144       832
   macro avg     0.6704    0.5144    0.3703       832
weighted avg     0.6704    0.5144    0.3703       832

I0215 15:02:56.924976 4507575744 utilities.py:64] ==================================================
I0215 15:02:56.925045 4507575744 main.py:398] Start training.
I0215 15:02:56.925129 4507575744 dataset.py:128] Resample dataset...
I0215 15:02:56.925187 4507575744 dataset.py:175] Number of instances in labels: 13344
I0215 15:02:57.025124 4507575744 dataset.py:130] Resample dataset completed!
I0215 15:03:03.905156 4507575744 main.py:429] Epoch [7/20], Step [10/19], Loss: 0.587348, Speed: 5.3749 ms
I0215 15:03:09.721708 4507575744 utilities.py:21] ==================================================
I0215 15:03:09.725742 4507575744 utilities.py:50] Total: 2374
I0215 15:03:09.725839 4507575744 utilities.py:51] Correct: 1494
I0215 15:03:09.725904 4507575744 utilities.py:52] Accuracy: 0.6293
I0215 15:03:09.725963 4507575744 utilities.py:53] F1 Score: 0.4241
I0215 15:03:09.726016 4507575744 utilities.py:54] ROC AUC Score: 0.7392
I0215 15:03:09.726068 4507575744 utilities.py:55] Average Precision: 0.7894
I0215 15:03:09.729084 4507575744 utilities.py:63] Classification Report:
              precision    recall  f1-score   support

    negative     0.5755    0.9857    0.7267      1187
    positive     0.9501    0.2730    0.4241      1187

   micro avg     0.6293    0.6293    0.6293      2374
   macro avg     0.7628    0.6293    0.5754      2374
weighted avg     0.7628    0.6293    0.5754      2374

I0215 15:03:09.729161 4507575744 utilities.py:64] ==================================================
I0215 15:03:09.729258 4507575744 main.py:444] Start inference.
I0215 15:03:11.402341 4507575744 utilities.py:21] ==================================================
I0215 15:03:11.405572 4507575744 utilities.py:50] Total: 832
I0215 15:03:11.405673 4507575744 utilities.py:51] Correct: 538
I0215 15:03:11.405736 4507575744 utilities.py:52] Accuracy: 0.6466
I0215 15:03:11.405796 4507575744 utilities.py:53] F1 Score: 0.4806
I0215 15:03:11.405848 4507575744 utilities.py:54] ROC AUC Score: 0.7727
I0215 15:03:11.405903 4507575744 utilities.py:55] Average Precision: 0.8023
I0215 15:03:11.408017 4507575744 utilities.py:63] Classification Report:
              precision    recall  f1-score   support

    negative     0.5894    0.9663    0.7322       416
    positive     0.9067    0.3269    0.4806       416

   micro avg     0.6466    0.6466    0.6466       832
   macro avg     0.7481    0.6466    0.6064       832
weighted avg     0.7481    0.6466    0.6064       832

I0215 15:03:11.408093 4507575744 utilities.py:64] ==================================================
I0215 15:03:11.408164 4507575744 main.py:398] Start training.
I0215 15:03:11.408247 4507575744 dataset.py:128] Resample dataset...
I0215 15:03:11.408304 4507575744 dataset.py:175] Number of instances in labels: 13344
I0215 15:03:11.529618 4507575744 dataset.py:130] Resample dataset completed!
I0215 15:03:18.239753 4507575744 main.py:429] Epoch [8/20], Step [10/19], Loss: 0.537778, Speed: 5.2421 ms
I0215 15:03:23.930902 4507575744 utilities.py:21] ==================================================
I0215 15:03:23.935223 4507575744 utilities.py:50] Total: 2374
I0215 15:03:23.935338 4507575744 utilities.py:51] Correct: 1691
I0215 15:03:23.935438 4507575744 utilities.py:52] Accuracy: 0.7123
I0215 15:03:23.935629 4507575744 utilities.py:53] F1 Score: 0.6274
I0215 15:03:23.935706 4507575744 utilities.py:54] ROC AUC Score: 0.7978
I0215 15:03:23.935796 4507575744 utilities.py:55] Average Precision: 0.8337
I0215 15:03:23.938930 4507575744 utilities.py:63] Classification Report:
              precision    recall  f1-score   support

    negative     0.6458    0.9402    0.7657      1187
    positive     0.8901    0.4844    0.6274      1187

   micro avg     0.7123    0.7123    0.7123      2374
   macro avg     0.7680    0.7123    0.6965      2374
weighted avg     0.7680    0.7123    0.6965      2374

I0215 15:03:23.939010 4507575744 utilities.py:64] ==================================================
I0215 15:03:23.939102 4507575744 main.py:444] Start inference.
I0215 15:03:25.831601 4507575744 utilities.py:21] ==================================================
I0215 15:03:25.834743 4507575744 utilities.py:50] Total: 832
I0215 15:03:25.834833 4507575744 utilities.py:51] Correct: 576
I0215 15:03:25.834899 4507575744 utilities.py:52] Accuracy: 0.6923
I0215 15:03:25.834959 4507575744 utilities.py:53] F1 Score: 0.5897
I0215 15:03:25.835012 4507575744 utilities.py:54] ROC AUC Score: 0.7933
I0215 15:03:25.835064 4507575744 utilities.py:55] Average Precision: 0.8068
I0215 15:03:25.837168 4507575744 utilities.py:63] Classification Report:
              precision    recall  f1-score   support

    negative     0.6282    0.9423    0.7538       416
    positive     0.8846    0.4423    0.5897       416

   micro avg     0.6923    0.6923    0.6923       832
   macro avg     0.7564    0.6923    0.6718       832
weighted avg     0.7564    0.6923    0.6718       832

I0215 15:03:25.837244 4507575744 utilities.py:64] ==================================================
I0215 15:03:25.837314 4507575744 main.py:398] Start training.
I0215 15:03:25.837398 4507575744 dataset.py:128] Resample dataset...
I0215 15:03:25.837453 4507575744 dataset.py:175] Number of instances in labels: 13344
I0215 15:03:25.936703 4507575744 dataset.py:130] Resample dataset completed!
I0215 15:03:32.784122 4507575744 main.py:429] Epoch [9/20], Step [10/19], Loss: 0.545822, Speed: 5.3494 ms
I0215 15:03:38.551792 4507575744 utilities.py:21] ==================================================
I0215 15:03:38.555820 4507575744 utilities.py:50] Total: 2374
I0215 15:03:38.555917 4507575744 utilities.py:51] Correct: 1696
I0215 15:03:38.555982 4507575744 utilities.py:52] Accuracy: 0.7144
I0215 15:03:38.556038 4507575744 utilities.py:53] F1 Score: 0.6443
I0215 15:03:38.556091 4507575744 utilities.py:54] ROC AUC Score: 0.7933
I0215 15:03:38.556148 4507575744 utilities.py:55] Average Precision: 0.8196
I0215 15:03:38.559266 4507575744 utilities.py:63] Classification Report:
              precision    recall  f1-score   support

    negative     0.6538    0.9115    0.7614      1187
    positive     0.8540    0.5173    0.6443      1187

   micro avg     0.7144    0.7144    0.7144      2374
   macro avg     0.7539    0.7144    0.7029      2374
weighted avg     0.7539    0.7144    0.7029      2374

I0215 15:03:38.559345 4507575744 utilities.py:64] ==================================================
I0215 15:03:38.559446 4507575744 main.py:444] Start inference.
I0215 15:03:40.239489 4507575744 utilities.py:21] ==================================================
I0215 15:03:40.242576 4507575744 utilities.py:50] Total: 832
I0215 15:03:40.242670 4507575744 utilities.py:51] Correct: 574
I0215 15:03:40.242735 4507575744 utilities.py:52] Accuracy: 0.6899
I0215 15:03:40.242792 4507575744 utilities.py:53] F1 Score: 0.5839
I0215 15:03:40.242846 4507575744 utilities.py:54] ROC AUC Score: 0.7899
I0215 15:03:40.242899 4507575744 utilities.py:55] Average Precision: 0.8057
I0215 15:03:40.245064 4507575744 utilities.py:63] Classification Report:
              precision    recall  f1-score   support

    negative     0.6258    0.9447    0.7529       416
    positive     0.8873    0.4351    0.5839       416

   micro avg     0.6899    0.6899    0.6899       832
   macro avg     0.7565    0.6899    0.6684       832
weighted avg     0.7565    0.6899    0.6684       832

I0215 15:03:40.245172 4507575744 utilities.py:64] ==================================================
I0215 15:03:40.245244 4507575744 main.py:398] Start training.
I0215 15:03:40.245332 4507575744 dataset.py:128] Resample dataset...
I0215 15:03:40.245388 4507575744 dataset.py:175] Number of instances in labels: 13344
I0215 15:03:40.367434 4507575744 dataset.py:130] Resample dataset completed!
I0215 15:03:47.109839 4507575744 main.py:429] Epoch [10/20], Step [10/19], Loss: 0.526380, Speed: 5.2673 ms
I0215 15:03:52.713967 4507575744 utilities.py:21] ==================================================
I0215 15:03:52.717869 4507575744 utilities.py:50] Total: 2374
I0215 15:03:52.717966 4507575744 utilities.py:51] Correct: 1708
I0215 15:03:52.718034 4507575744 utilities.py:52] Accuracy: 0.7195
I0215 15:03:52.718097 4507575744 utilities.py:53] F1 Score: 0.6502
I0215 15:03:52.718157 4507575744 utilities.py:54] ROC AUC Score: 0.8089
I0215 15:03:52.718213 4507575744 utilities.py:55] Average Precision: 0.8375
I0215 15:03:52.721308 4507575744 utilities.py:63] Classification Report:
              precision    recall  f1-score   support

    negative     0.6572    0.9174    0.7658      1187
    positive     0.8633    0.5215    0.6502      1187

   micro avg     0.7195    0.7195    0.7195      2374
   macro avg     0.7603    0.7195    0.7080      2374
weighted avg     0.7603    0.7195    0.7080      2374

I0215 15:03:52.721389 4507575744 utilities.py:64] ==================================================
I0215 15:03:52.721462 4507575744 main.py:439] Saving model checkpoint...
I0215 15:03:52.726714 4507575744 main.py:444] Start inference.
I0215 15:03:54.522138 4507575744 utilities.py:21] ==================================================
I0215 15:03:54.525307 4507575744 utilities.py:50] Total: 832
I0215 15:03:54.525403 4507575744 utilities.py:51] Correct: 573
I0215 15:03:54.525470 4507575744 utilities.py:52] Accuracy: 0.6887
I0215 15:03:54.525530 4507575744 utilities.py:53] F1 Score: 0.5816
I0215 15:03:54.525584 4507575744 utilities.py:54] ROC AUC Score: 0.7874
I0215 15:03:54.525641 4507575744 utilities.py:55] Average Precision: 0.8061
I0215 15:03:54.527730 4507575744 utilities.py:63] Classification Report:
              precision    recall  f1-score   support

    negative     0.6248    0.9447    0.7522       416
    positive     0.8867    0.4327    0.5816       416

   micro avg     0.6887    0.6887    0.6887       832
   macro avg     0.7558    0.6887    0.6669       832
weighted avg     0.7558    0.6887    0.6669       832

I0215 15:03:54.527811 4507575744 utilities.py:64] ==================================================
I0215 15:03:54.527997 4507575744 main.py:398] Start training.
I0215 15:03:54.528151 4507575744 dataset.py:128] Resample dataset...
I0215 15:03:54.528237 4507575744 dataset.py:175] Number of instances in labels: 13344
I0215 15:03:54.628551 4507575744 dataset.py:130] Resample dataset completed!
I0215 15:04:01.950201 4507575744 main.py:429] Epoch [11/20], Step [10/19], Loss: 0.562680, Speed: 5.7199 ms
I0215 15:04:08.083814 4507575744 utilities.py:21] ==================================================
I0215 15:04:08.087781 4507575744 utilities.py:50] Total: 2374
I0215 15:04:08.087893 4507575744 utilities.py:51] Correct: 1724
I0215 15:04:08.087962 4507575744 utilities.py:52] Accuracy: 0.7262
I0215 15:04:08.088022 4507575744 utilities.py:53] F1 Score: 0.6646
I0215 15:04:08.088079 4507575744 utilities.py:54] ROC AUC Score: 0.7958
I0215 15:04:08.088135 4507575744 utilities.py:55] Average Precision: 0.8320
I0215 15:04:08.091240 4507575744 utilities.py:63] Classification Report:
              precision    recall  f1-score   support

    negative     0.6654    0.9099    0.7687      1187
    positive     0.8575    0.5425    0.6646      1187

   micro avg     0.7262    0.7262    0.7262      2374
   macro avg     0.7615    0.7262    0.7166      2374
weighted avg     0.7615    0.7262    0.7166      2374

I0215 15:04:08.091332 4507575744 utilities.py:64] ==================================================
I0215 15:04:08.091429 4507575744 main.py:444] Start inference.
I0215 15:04:10.481471 4507575744 utilities.py:21] ==================================================
I0215 15:04:10.484762 4507575744 utilities.py:50] Total: 832
I0215 15:04:10.484871 4507575744 utilities.py:51] Correct: 568
I0215 15:04:10.484939 4507575744 utilities.py:52] Accuracy: 0.6827
I0215 15:04:10.484997 4507575744 utilities.py:53] F1 Score: 0.5629
I0215 15:04:10.485052 4507575744 utilities.py:54] ROC AUC Score: 0.7770
I0215 15:04:10.485104 4507575744 utilities.py:55] Average Precision: 0.8038
I0215 15:04:10.487426 4507575744 utilities.py:63] Classification Report:
              precision    recall  f1-score   support

    negative     0.6180    0.9567    0.7509       416
    positive     0.9043    0.4087    0.5629       416

   micro avg     0.6827    0.6827    0.6827       832
   macro avg     0.7611    0.6827    0.6569       832
weighted avg     0.7611    0.6827    0.6569       832

I0215 15:04:10.487546 4507575744 utilities.py:64] ==================================================
I0215 15:04:10.487623 4507575744 main.py:398] Start training.
I0215 15:04:10.487715 4507575744 dataset.py:128] Resample dataset...
I0215 15:04:10.487772 4507575744 dataset.py:175] Number of instances in labels: 13344
I0215 15:04:10.613416 4507575744 dataset.py:130] Resample dataset completed!
I0215 15:04:17.922556 4507575744 main.py:429] Epoch [12/20], Step [10/19], Loss: 0.545607, Speed: 5.7101 ms
I0215 15:04:23.677000 4507575744 utilities.py:21] ==================================================
I0215 15:04:23.681083 4507575744 utilities.py:50] Total: 2374
I0215 15:04:23.681180 4507575744 utilities.py:51] Correct: 1751
I0215 15:04:23.681247 4507575744 utilities.py:52] Accuracy: 0.7376
I0215 15:04:23.681312 4507575744 utilities.py:53] F1 Score: 0.6787
I0215 15:04:23.681368 4507575744 utilities.py:54] ROC AUC Score: 0.8321
I0215 15:04:23.681423 4507575744 utilities.py:55] Average Precision: 0.8549
I0215 15:04:23.684545 4507575744 utilities.py:63] Classification Report:
              precision    recall  f1-score   support

    negative     0.6739    0.9208    0.7782      1187
    positive     0.8750    0.5543    0.6787      1187

   micro avg     0.7376    0.7376    0.7376      2374
   macro avg     0.7744    0.7376    0.7285      2374
weighted avg     0.7744    0.7376    0.7285      2374

I0215 15:04:23.684623 4507575744 utilities.py:64] ==================================================
I0215 15:04:23.684729 4507575744 main.py:444] Start inference.
I0215 15:04:25.552213 4507575744 utilities.py:21] ==================================================
I0215 15:04:25.555335 4507575744 utilities.py:50] Total: 832
I0215 15:04:25.555429 4507575744 utilities.py:51] Correct: 578
I0215 15:04:25.555493 4507575744 utilities.py:52] Accuracy: 0.6947
I0215 15:04:25.555555 4507575744 utilities.py:53] F1 Score: 0.5890
I0215 15:04:25.555611 4507575744 utilities.py:54] ROC AUC Score: 0.7833
I0215 15:04:25.555665 4507575744 utilities.py:55] Average Precision: 0.8049
I0215 15:04:25.557771 4507575744 utilities.py:63] Classification Report:
              precision    recall  f1-score   support

    negative     0.6286    0.9519    0.7572       416
    positive     0.9010    0.4375    0.5890       416

   micro avg     0.6947    0.6947    0.6947       832
   macro avg     0.7648    0.6947    0.6731       832
weighted avg     0.7648    0.6947    0.6731       832

I0215 15:04:25.557849 4507575744 utilities.py:64] ==================================================
I0215 15:04:25.557920 4507575744 main.py:398] Start training.
I0215 15:04:25.558006 4507575744 dataset.py:128] Resample dataset...
I0215 15:04:25.558064 4507575744 dataset.py:175] Number of instances in labels: 13344
I0215 15:04:25.658977 4507575744 dataset.py:130] Resample dataset completed!
I0215 15:04:32.208377 4507575744 main.py:429] Epoch [13/20], Step [10/19], Loss: 0.528723, Speed: 5.1165 ms
I0215 15:04:37.932096 4507575744 utilities.py:21] ==================================================
I0215 15:04:37.936004 4507575744 utilities.py:50] Total: 2374
I0215 15:04:37.936100 4507575744 utilities.py:51] Correct: 1734
I0215 15:04:37.936163 4507575744 utilities.py:52] Accuracy: 0.7304
I0215 15:04:37.936223 4507575744 utilities.py:53] F1 Score: 0.6694
I0215 15:04:37.936276 4507575744 utilities.py:54] ROC AUC Score: 0.8144
I0215 15:04:37.936328 4507575744 utilities.py:55] Average Precision: 0.8369
I0215 15:04:37.939440 4507575744 utilities.py:63] Classification Report:
              precision    recall  f1-score   support

    negative     0.6683    0.9149    0.7724      1187
    positive     0.8652    0.5459    0.6694      1187

   micro avg     0.7304    0.7304    0.7304      2374
   macro avg     0.7667    0.7304    0.7209      2374
weighted avg     0.7667    0.7304    0.7209      2374

I0215 15:04:37.939515 4507575744 utilities.py:64] ==================================================
I0215 15:04:37.939609 4507575744 main.py:444] Start inference.
I0215 15:04:39.603168 4507575744 utilities.py:21] ==================================================
I0215 15:04:39.606173 4507575744 utilities.py:50] Total: 832
I0215 15:04:39.606265 4507575744 utilities.py:51] Correct: 577
I0215 15:04:39.606327 4507575744 utilities.py:52] Accuracy: 0.6935
I0215 15:04:39.606384 4507575744 utilities.py:53] F1 Score: 0.5907
I0215 15:04:39.606437 4507575744 utilities.py:54] ROC AUC Score: 0.7929
I0215 15:04:39.606489 4507575744 utilities.py:55] Average Precision: 0.8081
I0215 15:04:39.608597 4507575744 utilities.py:63] Classification Report:
              precision    recall  f1-score   support

    negative     0.6288    0.9447    0.7550       416
    positive     0.8889    0.4423    0.5907       416

   micro avg     0.6935    0.6935    0.6935       832
   macro avg     0.7588    0.6935    0.6729       832
weighted avg     0.7588    0.6935    0.6729       832

I0215 15:04:39.608674 4507575744 utilities.py:64] ==================================================
I0215 15:04:39.608744 4507575744 main.py:398] Start training.
I0215 15:04:39.608827 4507575744 dataset.py:128] Resample dataset...
I0215 15:04:39.608883 4507575744 dataset.py:175] Number of instances in labels: 13344
I0215 15:04:39.708474 4507575744 dataset.py:130] Resample dataset completed!
I0215 15:04:46.263746 4507575744 main.py:429] Epoch [14/20], Step [10/19], Loss: 0.474694, Speed: 5.1211 ms
I0215 15:04:51.965742 4507575744 utilities.py:21] ==================================================
I0215 15:04:51.971087 4507575744 utilities.py:50] Total: 2374
I0215 15:04:51.971193 4507575744 utilities.py:51] Correct: 1762
I0215 15:04:51.971265 4507575744 utilities.py:52] Accuracy: 0.7422
I0215 15:04:51.971328 4507575744 utilities.py:53] F1 Score: 0.6890
I0215 15:04:51.971386 4507575744 utilities.py:54] ROC AUC Score: 0.8164
I0215 15:04:51.971440 4507575744 utilities.py:55] Average Precision: 0.8459
I0215 15:04:51.974515 4507575744 utilities.py:63] Classification Report:
              precision    recall  f1-score   support

    negative     0.6805    0.9132    0.7799      1187
    positive     0.8681    0.5712    0.6890      1187

   micro avg     0.7422    0.7422    0.7422      2374
   macro avg     0.7743    0.7422    0.7344      2374
weighted avg     0.7743    0.7422    0.7344      2374

I0215 15:04:51.974595 4507575744 utilities.py:64] ==================================================
I0215 15:04:51.974694 4507575744 main.py:444] Start inference.
I0215 15:04:53.632839 4507575744 utilities.py:21] ==================================================
I0215 15:04:53.635936 4507575744 utilities.py:50] Total: 832
I0215 15:04:53.636033 4507575744 utilities.py:51] Correct: 571
I0215 15:04:53.636099 4507575744 utilities.py:52] Accuracy: 0.6863
I0215 15:04:53.636159 4507575744 utilities.py:53] F1 Score: 0.5700
I0215 15:04:53.636216 4507575744 utilities.py:54] ROC AUC Score: 0.7794
I0215 15:04:53.636273 4507575744 utilities.py:55] Average Precision: 0.8049
I0215 15:04:53.638407 4507575744 utilities.py:63] Classification Report:
              precision    recall  f1-score   support

    negative     0.6209    0.9567    0.7531       416
    positive     0.9058    0.4159    0.5700       416

   micro avg     0.6863    0.6863    0.6863       832
   macro avg     0.7633    0.6863    0.6615       832
weighted avg     0.7633    0.6863    0.6615       832

I0215 15:04:53.638484 4507575744 utilities.py:64] ==================================================
I0215 15:04:53.638551 4507575744 main.py:398] Start training.
I0215 15:04:53.638637 4507575744 dataset.py:128] Resample dataset...
I0215 15:04:53.638693 4507575744 dataset.py:175] Number of instances in labels: 13344
I0215 15:04:53.761430 4507575744 dataset.py:130] Resample dataset completed!
I0215 15:05:00.662394 4507575744 main.py:429] Epoch [15/20], Step [10/19], Loss: 0.488974, Speed: 5.3912 ms
I0215 15:05:07.110028 4507575744 utilities.py:21] ==================================================
I0215 15:05:07.113956 4507575744 utilities.py:50] Total: 2374
I0215 15:05:07.114053 4507575744 utilities.py:51] Correct: 1739
I0215 15:05:07.114116 4507575744 utilities.py:52] Accuracy: 0.7325
I0215 15:05:07.114173 4507575744 utilities.py:53] F1 Score: 0.6712
I0215 15:05:07.114227 4507575744 utilities.py:54] ROC AUC Score: 0.8089
I0215 15:05:07.114281 4507575744 utilities.py:55] Average Precision: 0.8416
I0215 15:05:07.117373 4507575744 utilities.py:63] Classification Report:
              precision    recall  f1-score   support

    negative     0.6693    0.9191    0.7746      1187
    positive     0.8710    0.5459    0.6712      1187

   micro avg     0.7325    0.7325    0.7325      2374
   macro avg     0.7701    0.7325    0.7229      2374
weighted avg     0.7701    0.7325    0.7229      2374

I0215 15:05:07.117450 4507575744 utilities.py:64] ==================================================
I0215 15:05:07.117544 4507575744 main.py:444] Start inference.
I0215 15:05:08.770555 4507575744 utilities.py:21] ==================================================
I0215 15:05:08.773698 4507575744 utilities.py:50] Total: 832
I0215 15:05:08.773799 4507575744 utilities.py:51] Correct: 572
I0215 15:05:08.773865 4507575744 utilities.py:52] Accuracy: 0.6875
I0215 15:05:08.773940 4507575744 utilities.py:53] F1 Score: 0.5738
I0215 15:05:08.773993 4507575744 utilities.py:54] ROC AUC Score: 0.7791
I0215 15:05:08.774045 4507575744 utilities.py:55] Average Precision: 0.8046
I0215 15:05:08.776176 4507575744 utilities.py:63] Classification Report:
              precision    recall  f1-score   support

    negative     0.6223    0.9543    0.7533       416
    positive     0.9021    0.4207    0.5738       416

   micro avg     0.6875    0.6875    0.6875       832
   macro avg     0.7622    0.6875    0.6635       832
weighted avg     0.7622    0.6875    0.6635       832

I0215 15:05:08.776252 4507575744 utilities.py:64] ==================================================
I0215 15:05:08.776325 4507575744 main.py:398] Start training.
I0215 15:05:08.776412 4507575744 dataset.py:128] Resample dataset...
I0215 15:05:08.776473 4507575744 dataset.py:175] Number of instances in labels: 13344
I0215 15:05:08.876439 4507575744 dataset.py:130] Resample dataset completed!
I0215 15:05:15.795864 4507575744 main.py:429] Epoch [16/20], Step [10/19], Loss: 0.533496, Speed: 5.4056 ms
I0215 15:05:21.640786 4507575744 utilities.py:21] ==================================================
I0215 15:05:21.644677 4507575744 utilities.py:50] Total: 2374
I0215 15:05:21.644779 4507575744 utilities.py:51] Correct: 1706
I0215 15:05:21.644848 4507575744 utilities.py:52] Accuracy: 0.7186
I0215 15:05:21.644911 4507575744 utilities.py:53] F1 Score: 0.6553
I0215 15:05:21.644968 4507575744 utilities.py:54] ROC AUC Score: 0.7929
I0215 15:05:21.645025 4507575744 utilities.py:55] Average Precision: 0.8141
I0215 15:05:21.648136 4507575744 utilities.py:63] Classification Report:
              precision    recall  f1-score   support

    negative     0.6599    0.9023    0.7623      1187
    positive     0.8455    0.5350    0.6553      1187

   micro avg     0.7186    0.7186    0.7186      2374
   macro avg     0.7527    0.7186    0.7088      2374
weighted avg     0.7527    0.7186    0.7088      2374

I0215 15:05:21.648247 4507575744 utilities.py:64] ==================================================
I0215 15:05:21.648344 4507575744 main.py:444] Start inference.
I0215 15:05:23.409277 4507575744 utilities.py:21] ==================================================
I0215 15:05:23.412307 4507575744 utilities.py:50] Total: 832
I0215 15:05:23.412395 4507575744 utilities.py:51] Correct: 579
I0215 15:05:23.412456 4507575744 utilities.py:52] Accuracy: 0.6959
I0215 15:05:23.412513 4507575744 utilities.py:53] F1 Score: 0.5900
I0215 15:05:23.412564 4507575744 utilities.py:54] ROC AUC Score: 0.7836
I0215 15:05:23.412616 4507575744 utilities.py:55] Average Precision: 0.8053
I0215 15:05:23.414707 4507575744 utilities.py:63] Classification Report:
              precision    recall  f1-score   support

    negative     0.6292    0.9543    0.7584       416
    positive     0.9055    0.4375    0.5900       416

   micro avg     0.6959    0.6959    0.6959       832
   macro avg     0.7673    0.6959    0.6742       832
weighted avg     0.7673    0.6959    0.6742       832

I0215 15:05:23.414783 4507575744 utilities.py:64] ==================================================
I0215 15:05:23.414852 4507575744 main.py:398] Start training.
I0215 15:05:23.414933 4507575744 dataset.py:128] Resample dataset...
I0215 15:05:23.414990 4507575744 dataset.py:175] Number of instances in labels: 13344
I0215 15:05:23.537052 4507575744 dataset.py:130] Resample dataset completed!
I0215 15:05:30.342044 4507575744 main.py:429] Epoch [17/20], Step [10/19], Loss: 0.530710, Speed: 5.3162 ms
I0215 15:05:35.712130 4507575744 utilities.py:21] ==================================================
I0215 15:05:35.716090 4507575744 utilities.py:50] Total: 2374
I0215 15:05:35.716186 4507575744 utilities.py:51] Correct: 1733
I0215 15:05:35.716250 4507575744 utilities.py:52] Accuracy: 0.7300
I0215 15:05:35.716307 4507575744 utilities.py:53] F1 Score: 0.6656
I0215 15:05:35.716359 4507575744 utilities.py:54] ROC AUC Score: 0.8080
I0215 15:05:35.716410 4507575744 utilities.py:55] Average Precision: 0.8347
I0215 15:05:35.719459 4507575744 utilities.py:63] Classification Report:
              precision    recall  f1-score   support

    negative     0.6661    0.9225    0.7736      1187
    positive     0.8740    0.5375    0.6656      1187

   micro avg     0.7300    0.7300    0.7300      2374
   macro avg     0.7700    0.7300    0.7196      2374
weighted avg     0.7700    0.7300    0.7196      2374

I0215 15:05:35.719534 4507575744 utilities.py:64] ==================================================
I0215 15:05:35.719629 4507575744 main.py:444] Start inference.
I0215 15:05:37.441594 4507575744 utilities.py:21] ==================================================
I0215 15:05:37.444571 4507575744 utilities.py:50] Total: 832
I0215 15:05:37.444664 4507575744 utilities.py:51] Correct: 578
I0215 15:05:37.444728 4507575744 utilities.py:52] Accuracy: 0.6947
I0215 15:05:37.444785 4507575744 utilities.py:53] F1 Score: 0.5877
I0215 15:05:37.444839 4507575744 utilities.py:54] ROC AUC Score: 0.7813
I0215 15:05:37.444890 4507575744 utilities.py:55] Average Precision: 0.8045
I0215 15:05:37.446991 4507575744 utilities.py:63] Classification Report:
              precision    recall  f1-score   support

    negative     0.6282    0.9543    0.7576       416
    positive     0.9050    0.4351    0.5877       416

   micro avg     0.6947    0.6947    0.6947       832
   macro avg     0.7666    0.6947    0.6726       832
weighted avg     0.7666    0.6947    0.6726       832

I0215 15:05:37.447066 4507575744 utilities.py:64] ==================================================
I0215 15:05:37.447131 4507575744 main.py:398] Start training.
I0215 15:05:37.447214 4507575744 dataset.py:128] Resample dataset...
I0215 15:05:37.447269 4507575744 dataset.py:175] Number of instances in labels: 13344
I0215 15:05:37.546448 4507575744 dataset.py:130] Resample dataset completed!
I0215 15:05:44.093563 4507575744 main.py:429] Epoch [18/20], Step [10/19], Loss: 0.548018, Speed: 5.1148 ms
I0215 15:05:49.693769 4507575744 utilities.py:21] ==================================================
I0215 15:05:49.697721 4507575744 utilities.py:50] Total: 2374
I0215 15:05:49.697816 4507575744 utilities.py:51] Correct: 1720
I0215 15:05:49.697882 4507575744 utilities.py:52] Accuracy: 0.7245
I0215 15:05:49.697948 4507575744 utilities.py:53] F1 Score: 0.6639
I0215 15:05:49.698004 4507575744 utilities.py:54] ROC AUC Score: 0.7974
I0215 15:05:49.698059 4507575744 utilities.py:55] Average Precision: 0.8295
I0215 15:05:49.701164 4507575744 utilities.py:63] Classification Report:
              precision    recall  f1-score   support

    negative     0.6650    0.9048    0.7666      1187
    positive     0.8511    0.5442    0.6639      1187

   micro avg     0.7245    0.7245    0.7245      2374
   macro avg     0.7581    0.7245    0.7153      2374
weighted avg     0.7581    0.7245    0.7153      2374

I0215 15:05:49.701246 4507575744 utilities.py:64] ==================================================
I0215 15:05:49.701344 4507575744 main.py:444] Start inference.
I0215 15:05:51.415120 4507575744 utilities.py:21] ==================================================
I0215 15:05:51.418137 4507575744 utilities.py:50] Total: 832
I0215 15:05:51.418231 4507575744 utilities.py:51] Correct: 572
I0215 15:05:51.418298 4507575744 utilities.py:52] Accuracy: 0.6875
I0215 15:05:51.418359 4507575744 utilities.py:53] F1 Score: 0.5738
I0215 15:05:51.418416 4507575744 utilities.py:54] ROC AUC Score: 0.7795
I0215 15:05:51.418470 4507575744 utilities.py:55] Average Precision: 0.8038
I0215 15:05:51.420628 4507575744 utilities.py:63] Classification Report:
              precision    recall  f1-score   support

    negative     0.6223    0.9543    0.7533       416
    positive     0.9021    0.4207    0.5738       416

   micro avg     0.6875    0.6875    0.6875       832
   macro avg     0.7622    0.6875    0.6635       832
weighted avg     0.7622    0.6875    0.6635       832

I0215 15:05:51.420708 4507575744 utilities.py:64] ==================================================
I0215 15:05:51.420789 4507575744 main.py:398] Start training.
I0215 15:05:51.420878 4507575744 dataset.py:128] Resample dataset...
I0215 15:05:51.420938 4507575744 dataset.py:175] Number of instances in labels: 13344
I0215 15:05:51.520503 4507575744 dataset.py:130] Resample dataset completed!
I0215 15:05:58.346857 4507575744 main.py:429] Epoch [19/20], Step [10/19], Loss: 0.540826, Speed: 5.3329 ms
I0215 15:06:03.847702 4507575744 utilities.py:21] ==================================================
I0215 15:06:03.851652 4507575744 utilities.py:50] Total: 2374
I0215 15:06:03.851754 4507575744 utilities.py:51] Correct: 1732
I0215 15:06:03.851829 4507575744 utilities.py:52] Accuracy: 0.7296
I0215 15:06:03.851891 4507575744 utilities.py:53] F1 Score: 0.6646
I0215 15:06:03.851948 4507575744 utilities.py:54] ROC AUC Score: 0.7973
I0215 15:06:03.852005 4507575744 utilities.py:55] Average Precision: 0.8373
I0215 15:06:03.855065 4507575744 utilities.py:63] Classification Report:
              precision    recall  f1-score   support

    negative     0.6655    0.9233    0.7735      1187
    positive     0.8748    0.5358    0.6646      1187

   micro avg     0.7296    0.7296    0.7296      2374
   macro avg     0.7701    0.7296    0.7190      2374
weighted avg     0.7701    0.7296    0.7190      2374

I0215 15:06:03.855144 4507575744 utilities.py:64] ==================================================
I0215 15:06:03.855248 4507575744 main.py:444] Start inference.
I0215 15:06:05.600735 4507575744 utilities.py:21] ==================================================
I0215 15:06:05.603981 4507575744 utilities.py:50] Total: 832
I0215 15:06:05.604091 4507575744 utilities.py:51] Correct: 579
I0215 15:06:05.604158 4507575744 utilities.py:52] Accuracy: 0.6959
I0215 15:06:05.604219 4507575744 utilities.py:53] F1 Score: 0.5900
I0215 15:06:05.604290 4507575744 utilities.py:54] ROC AUC Score: 0.7833
I0215 15:06:05.604349 4507575744 utilities.py:55] Average Precision: 0.8052
I0215 15:06:05.607707 4507575744 utilities.py:63] Classification Report:
              precision    recall  f1-score   support

    negative     0.6292    0.9543    0.7584       416
    positive     0.9055    0.4375    0.5900       416

   micro avg     0.6959    0.6959    0.6959       832
   macro avg     0.7673    0.6959    0.6742       832
weighted avg     0.7673    0.6959    0.6742       832

I0215 15:06:05.607827 4507575744 utilities.py:64] ==================================================
I0215 15:06:05.607908 4507575744 main.py:398] Start training.
I0215 15:06:05.608003 4507575744 dataset.py:128] Resample dataset...
I0215 15:06:05.608065 4507575744 dataset.py:175] Number of instances in labels: 13344
I0215 15:06:05.732389 4507575744 dataset.py:130] Resample dataset completed!
I0215 15:06:12.294848 4507575744 main.py:429] Epoch [20/20], Step [10/19], Loss: 0.504230, Speed: 5.1267 ms
I0215 15:06:17.850597 4507575744 utilities.py:21] ==================================================
I0215 15:06:17.854531 4507575744 utilities.py:50] Total: 2374
I0215 15:06:17.854629 4507575744 utilities.py:51] Correct: 1741
I0215 15:06:17.854696 4507575744 utilities.py:52] Accuracy: 0.7334
I0215 15:06:17.854757 4507575744 utilities.py:53] F1 Score: 0.6752
I0215 15:06:17.854810 4507575744 utilities.py:54] ROC AUC Score: 0.8029
I0215 15:06:17.854863 4507575744 utilities.py:55] Average Precision: 0.8360
I0215 15:06:17.857989 4507575744 utilities.py:63] Classification Report:
              precision    recall  f1-score   support

    negative     0.6718    0.9124    0.7738      1187
    positive     0.8635    0.5543    0.6752      1187

   micro avg     0.7334    0.7334    0.7334      2374
   macro avg     0.7677    0.7334    0.7245      2374
weighted avg     0.7677    0.7334    0.7245      2374

I0215 15:06:17.858063 4507575744 utilities.py:64] ==================================================
I0215 15:06:17.858133 4507575744 main.py:439] Saving model checkpoint...
I0215 15:06:17.863024 4507575744 main.py:444] Start inference.
I0215 15:06:19.568549 4507575744 utilities.py:21] ==================================================
I0215 15:06:19.571645 4507575744 utilities.py:50] Total: 832
I0215 15:06:19.571733 4507575744 utilities.py:51] Correct: 572
I0215 15:06:19.571795 4507575744 utilities.py:52] Accuracy: 0.6875
I0215 15:06:19.571853 4507575744 utilities.py:53] F1 Score: 0.5738
I0215 15:06:19.571907 4507575744 utilities.py:54] ROC AUC Score: 0.7784
I0215 15:06:19.571958 4507575744 utilities.py:55] Average Precision: 0.8034
I0215 15:06:19.574051 4507575744 utilities.py:63] Classification Report:
              precision    recall  f1-score   support

    negative     0.6223    0.9543    0.7533       416
    positive     0.9021    0.4207    0.5738       416

   micro avg     0.6875    0.6875    0.6875       832
   macro avg     0.7622    0.6875    0.6635       832
weighted avg     0.7622    0.6875    0.6635       832

I0215 15:06:19.574126 4507575744 utilities.py:64] ==================================================
I0215 15:06:19.574193 4507575744 main.py:470] Train/Eval completed.
