I0215 15:33:56.138108 4608964032 main.py:527] Saved model parameters:
I0215 15:33:56.138334 4608964032 main.py:529] 0: model_type=rnn
I0215 15:33:56.138437 4608964032 main.py:529] 1: input_size=256
I0215 15:33:56.138519 4608964032 main.py:529] 2: rnn_hidden_size=256
I0215 15:33:56.138618 4608964032 main.py:529] 3: use_attention=True
I0215 15:33:56.138669 4608964032 main.py:529] 4: rnn_type=lstm
I0215 15:33:56.138719 4608964032 main.py:529] 5: rnn_layers=1
I0215 15:33:56.138767 4608964032 main.py:529] 6: rnn_dropout=0.0
I0215 15:33:56.138816 4608964032 main.py:529] 7: rnn_bidirectional=False
I0215 15:33:56.138864 4608964032 main.py:529] 8: standardize=True
I0215 15:33:56.138912 4608964032 main.py:529] 9: block_size=6
I0215 15:33:56.138959 4608964032 main.py:529] 10: history_window=56
I0215 15:33:56.139008 4608964032 main.py:529] 11: prediction_window=4
I0215 15:33:56.139056 4608964032 main.py:529] 12: target_label=death
I0215 15:33:56.139103 4608964032 main.py:529] 13: data_dir=./data
I0215 15:33:56.139151 4608964032 main.py:529] 14: lr_pooling=mean
I0215 15:33:56.139198 4608964032 main.py:529] 15: save_per_epochs=10
I0215 15:33:56.139252 4608964032 main.py:545] Mode: Train/Eval pipeline
I0215 15:33:56.139397 4608964032 main.py:313] 0: code/main.py
I0215 15:33:56.139456 4608964032 main.py:313] 1: --phase=pipeline
I0215 15:33:56.139504 4608964032 main.py:313] 2: --model_type=rnn
I0215 15:33:56.139553 4608964032 main.py:313] 3: --rnn_type=lstm
I0215 15:33:56.139600 4608964032 main.py:313] 4: --nornn_bidirectional
I0215 15:33:56.139648 4608964032 main.py:313] 5: --use_attention
I0215 15:33:56.139696 4608964032 main.py:313] 6: --batch_size=128
I0215 15:33:56.139741 4608964032 main.py:313] 7: --input_size=256
I0215 15:33:56.139789 4608964032 main.py:313] 8: --rnn_hidden_size=256
I0215 15:33:56.139835 4608964032 main.py:313] 9: --num_epochs=20
I0215 15:33:56.139882 4608964032 main.py:313] 10: --learning_rate=1e-3
I0215 15:33:56.139929 4608964032 main.py:313] 11: --train_data_split=train
I0215 15:33:56.139976 4608964032 main.py:313] 12: --eval_data_split=val
I0215 15:33:56.140022 4608964032 main.py:313] 13: --data_dir=./data
I0215 15:33:56.140069 4608964032 main.py:313] 14: --target_label=death
I0215 15:33:56.140115 4608964032 main.py:313] 15: --block_size=6
I0215 15:33:56.140170 4608964032 main.py:313] 16: --history_window=56
I0215 15:33:56.140218 4608964032 main.py:313] 17: --prediction_window=4
I0215 15:33:56.140300 4608964032 main.py:313] 18: --train_dataset_size=0
I0215 15:33:56.140382 4608964032 main.py:313] 19: --eval_dataset_size=0
I0215 15:33:56.140464 4608964032 main.py:313] 20: --rnn_layers=1
I0215 15:33:56.140511 4608964032 main.py:313] 21: --rnn_dropout=0
I0215 15:33:56.140581 4608964032 main.py:313] 22: --standardize
I0215 15:33:56.140661 4608964032 main.py:313] 23: --checkpoint_dir=./experiments
I0215 15:33:56.140720 4608964032 main.py:313] 24: --experiment_name=exp_2_c
I0215 15:33:58.896855 4608964032 dataset.py:116] Number of admissions: 13344
I0215 15:33:58.897029 4608964032 dataset.py:117] Preprocess dataset with block size of 6
I0215 15:34:55.370976 4608964032 dataset.py:123] Preprocess completed.
I0215 15:34:55.371162 4608964032 dataset.py:128] Resample dataset...
I0215 15:34:55.371232 4608964032 dataset.py:175] Number of instances in labels: 13344
I0215 15:34:55.510469 4608964032 dataset.py:208] Dataset use default size: 2374
I0215 15:34:55.510611 4608964032 dataset.py:209]   Use all 1187 positive samples
I0215 15:34:55.510681 4608964032 dataset.py:211]   Randomly choose 1187 negative samples from 129561 candidates
I0215 15:34:55.516090 4608964032 dataset.py:130] Resample dataset completed!
I0215 15:35:10.399515 4608964032 dataset.py:139] Feature shape for PCA: (13344, 4010)
I0215 15:35:16.253135 4608964032 dataset.py:116] Number of admissions: 4329
I0215 15:35:16.253283 4608964032 dataset.py:117] Preprocess dataset with block size of 6
I0215 15:35:35.592032 4608964032 dataset.py:123] Preprocess completed.
I0215 15:35:35.592184 4608964032 dataset.py:128] Resample dataset...
I0215 15:35:35.592298 4608964032 dataset.py:175] Number of instances in labels: 4329
I0215 15:35:35.630471 4608964032 dataset.py:208] Dataset use default size: 832
I0215 15:35:35.630620 4608964032 dataset.py:209]   Use all 416 positive samples
I0215 15:35:35.630742 4608964032 dataset.py:211]   Randomly choose 416 negative samples from 42169 candidates
I0215 15:35:35.633458 4608964032 dataset.py:130] Resample dataset completed!
I0215 15:35:37.928570 4608964032 dataset.py:139] Feature shape for PCA: (4329, 4010)
I0215 15:35:38.006605 4608964032 dataset.py:128] Resample dataset...
I0215 15:35:38.006794 4608964032 dataset.py:175] Number of instances in labels: 4329
I0215 15:35:38.040873 4608964032 dataset.py:130] Resample dataset completed!
I0215 15:35:38.073381 4608964032 main.py:374] Training dataset size: 2374
I0215 15:35:38.073670 4608964032 main.py:375] Batches in each epoch: 19
I0215 15:35:38.073868 4608964032 main.py:376] Evaluation on `val`
I0215 15:35:38.074054 4608964032 main.py:377] Evaluation dataset size: 832
I0215 15:35:38.074172 4608964032 main.py:378] Batches in each epoch: 7
I0215 15:35:38.074558 4608964032 main.py:384] Model parameters:
I0215 15:35:38.074642 4608964032 main.py:386] rnn_module.weight_ih_l0: torch.Size([1024, 256])
I0215 15:35:38.074763 4608964032 main.py:386] rnn_module.weight_hh_l0: torch.Size([1024, 256])
I0215 15:35:38.074821 4608964032 main.py:386] rnn_module.bias_ih_l0: torch.Size([1024])
I0215 15:35:38.074875 4608964032 main.py:386] rnn_module.bias_hh_l0: torch.Size([1024])
I0215 15:35:38.074934 4608964032 main.py:386] rnn_linear.weight: torch.Size([1, 256])
I0215 15:35:38.074992 4608964032 main.py:386] rnn_linear.bias: torch.Size([1])
I0215 15:35:38.075106 4608964032 main.py:386] attention_layer.weight: torch.Size([1, 256])
I0215 15:35:38.075190 4608964032 main.py:386] attention_layer.bias: torch.Size([1])
I0215 15:35:38.843351 4608964032 _import_c_extension.py:20] Failed to import cuda module: No module named 'caffe2.python.caffe2_pybind11_state_gpu'
I0215 15:35:40.208575 4608964032 _import_c_extension.py:29] Failed to import AMD hip module: No module named 'caffe2.python.caffe2_pybind11_state_hip'
W0215 15:35:40.208734 4608964032 _import_c_extension.py:32] This caffe2 python run does not have GPU support. Will run in CPU only mode.
I0215 15:35:40.253538 4608964032 main.py:398] Start training.
I0215 15:35:40.253699 4608964032 dataset.py:128] Resample dataset...
I0215 15:35:40.253793 4608964032 dataset.py:175] Number of instances in labels: 13344
I0215 15:35:40.383587 4608964032 dataset.py:130] Resample dataset completed!
I0215 15:35:48.684650 4608964032 main.py:429] Epoch [1/20], Step [10/19], Loss: 0.691485, Speed: 6.4850 ms
I0215 15:35:55.067198 4608964032 utilities.py:21] ==================================================
/Users/ke/anaconda3/lib/python3.7/site-packages/sklearn/metrics/classification.py:1143: UndefinedMetricWarning: F-score is ill-defined and being set to 0.0 due to no predicted samples.
  'precision', 'predicted', average, warn_for)
I0215 15:35:55.083122 4608964032 utilities.py:50] Total: 2374
I0215 15:35:55.083238 4608964032 utilities.py:51] Correct: 1187
I0215 15:35:55.083380 4608964032 utilities.py:52] Accuracy: 0.5000
I0215 15:35:55.083487 4608964032 utilities.py:53] F1 Score: 0.0000
I0215 15:35:55.083573 4608964032 utilities.py:54] ROC AUC Score: 0.5031
I0215 15:35:55.083637 4608964032 utilities.py:55] Average Precision: 0.5008
/Users/ke/anaconda3/lib/python3.7/site-packages/sklearn/metrics/classification.py:1143: UndefinedMetricWarning: Precision and F-score are ill-defined and being set to 0.0 in labels with no predicted samples.
  'precision', 'predicted', average, warn_for)
I0215 15:35:55.089646 4608964032 utilities.py:63] Classification Report:
              precision    recall  f1-score   support

    negative     0.5000    1.0000    0.6667      1187
    positive     0.0000    0.0000    0.0000      1187

   micro avg     0.5000    0.5000    0.5000      2374
   macro avg     0.2500    0.5000    0.3333      2374
weighted avg     0.2500    0.5000    0.3333      2374

I0215 15:35:55.089732 4608964032 utilities.py:64] ==================================================
I0215 15:35:55.089858 4608964032 main.py:444] Start inference.
I0215 15:35:57.429156 4608964032 utilities.py:21] ==================================================
I0215 15:35:57.432133 4608964032 utilities.py:50] Total: 832
I0215 15:35:57.432238 4608964032 utilities.py:51] Correct: 419
I0215 15:35:57.432303 4608964032 utilities.py:52] Accuracy: 0.5036
I0215 15:35:57.432360 4608964032 utilities.py:53] F1 Score: 0.0143
I0215 15:35:57.432414 4608964032 utilities.py:54] ROC AUC Score: 0.6734
I0215 15:35:57.432509 4608964032 utilities.py:55] Average Precision: 0.7074
I0215 15:35:57.434636 4608964032 utilities.py:63] Classification Report:
              precision    recall  f1-score   support

    negative     0.5018    1.0000    0.6683       416
    positive     1.0000    0.0072    0.0143       416

   micro avg     0.5036    0.5036    0.5036       832
   macro avg     0.7509    0.5036    0.3413       832
weighted avg     0.7509    0.5036    0.3413       832

I0215 15:35:57.434715 4608964032 utilities.py:64] ==================================================
I0215 15:35:57.434804 4608964032 main.py:398] Start training.
I0215 15:35:57.434928 4608964032 dataset.py:128] Resample dataset...
I0215 15:35:57.435002 4608964032 dataset.py:175] Number of instances in labels: 13344
I0215 15:35:57.541831 4608964032 dataset.py:130] Resample dataset completed!
I0215 15:36:05.958532 4608964032 main.py:429] Epoch [2/20], Step [10/19], Loss: 0.691544, Speed: 6.5754 ms
I0215 15:36:12.019839 4608964032 utilities.py:21] ==================================================
I0215 15:36:12.023841 4608964032 utilities.py:50] Total: 2374
I0215 15:36:12.023941 4608964032 utilities.py:51] Correct: 1192
I0215 15:36:12.024006 4608964032 utilities.py:52] Accuracy: 0.5021
I0215 15:36:12.024068 4608964032 utilities.py:53] F1 Score: 0.0084
I0215 15:36:12.024124 4608964032 utilities.py:54] ROC AUC Score: 0.5369
I0215 15:36:12.024178 4608964032 utilities.py:55] Average Precision: 0.5557
I0215 15:36:12.027053 4608964032 utilities.py:63] Classification Report:
              precision    recall  f1-score   support

    negative     0.5011    1.0000    0.6676      1187
    positive     1.0000    0.0042    0.0084      1187

   micro avg     0.5021    0.5021    0.5021      2374
   macro avg     0.7505    0.5021    0.3380      2374
weighted avg     0.7505    0.5021    0.3380      2374

I0215 15:36:12.027129 4608964032 utilities.py:64] ==================================================
I0215 15:36:12.027228 4608964032 main.py:444] Start inference.
I0215 15:36:13.837457 4608964032 utilities.py:21] ==================================================
I0215 15:36:13.845953 4608964032 utilities.py:50] Total: 832
I0215 15:36:13.846050 4608964032 utilities.py:51] Correct: 422
I0215 15:36:13.846115 4608964032 utilities.py:52] Accuracy: 0.5072
I0215 15:36:13.846171 4608964032 utilities.py:53] F1 Score: 0.0284
I0215 15:36:13.846225 4608964032 utilities.py:54] ROC AUC Score: 0.6443
I0215 15:36:13.846277 4608964032 utilities.py:55] Average Precision: 0.6998
I0215 15:36:13.848330 4608964032 utilities.py:63] Classification Report:
              precision    recall  f1-score   support

    negative     0.5036    1.0000    0.6699       416
    positive     1.0000    0.0144    0.0284       416

   micro avg     0.5072    0.5072    0.5072       832
   macro avg     0.7518    0.5072    0.3492       832
weighted avg     0.7518    0.5072    0.3492       832

I0215 15:36:13.848406 4608964032 utilities.py:64] ==================================================
I0215 15:36:13.848475 4608964032 main.py:398] Start training.
I0215 15:36:13.848565 4608964032 dataset.py:128] Resample dataset...
I0215 15:36:13.848622 4608964032 dataset.py:175] Number of instances in labels: 13344
I0215 15:36:13.972424 4608964032 dataset.py:130] Resample dataset completed!
I0215 15:36:20.989043 4608964032 main.py:429] Epoch [3/20], Step [10/19], Loss: 0.694716, Speed: 5.4816 ms
I0215 15:36:26.985568 4608964032 utilities.py:21] ==================================================
I0215 15:36:26.989598 4608964032 utilities.py:50] Total: 2374
I0215 15:36:26.989696 4608964032 utilities.py:51] Correct: 1195
I0215 15:36:26.989763 4608964032 utilities.py:52] Accuracy: 0.5034
I0215 15:36:26.989820 4608964032 utilities.py:53] F1 Score: 0.0134
I0215 15:36:26.989873 4608964032 utilities.py:54] ROC AUC Score: 0.5415
I0215 15:36:26.989925 4608964032 utilities.py:55] Average Precision: 0.5502
I0215 15:36:26.992799 4608964032 utilities.py:63] Classification Report:
              precision    recall  f1-score   support

    negative     0.5017    1.0000    0.6682      1187
    positive     1.0000    0.0067    0.0134      1187

   micro avg     0.5034    0.5034    0.5034      2374
   macro avg     0.7508    0.5034    0.3408      2374
weighted avg     0.7508    0.5034    0.3408      2374

I0215 15:36:26.992873 4608964032 utilities.py:64] ==================================================
I0215 15:36:26.992969 4608964032 main.py:444] Start inference.
I0215 15:36:28.913964 4608964032 utilities.py:21] ==================================================
I0215 15:36:28.917068 4608964032 utilities.py:50] Total: 832
I0215 15:36:28.917165 4608964032 utilities.py:51] Correct: 422
I0215 15:36:28.917230 4608964032 utilities.py:52] Accuracy: 0.5072
I0215 15:36:28.917286 4608964032 utilities.py:53] F1 Score: 0.0284
I0215 15:36:28.917338 4608964032 utilities.py:54] ROC AUC Score: 0.7187
I0215 15:36:28.917391 4608964032 utilities.py:55] Average Precision: 0.7337
I0215 15:36:28.919414 4608964032 utilities.py:63] Classification Report:
              precision    recall  f1-score   support

    negative     0.5036    1.0000    0.6699       416
    positive     1.0000    0.0144    0.0284       416

   micro avg     0.5072    0.5072    0.5072       832
   macro avg     0.7518    0.5072    0.3492       832
weighted avg     0.7518    0.5072    0.3492       832

I0215 15:36:28.919487 4608964032 utilities.py:64] ==================================================
I0215 15:36:28.919557 4608964032 main.py:398] Start training.
I0215 15:36:28.919643 4608964032 dataset.py:128] Resample dataset...
I0215 15:36:28.919702 4608964032 dataset.py:175] Number of instances in labels: 13344
I0215 15:36:29.019732 4608964032 dataset.py:130] Resample dataset completed!
I0215 15:36:36.701383 4608964032 main.py:429] Epoch [4/20], Step [10/19], Loss: 0.696650, Speed: 6.0011 ms
I0215 15:36:42.644676 4608964032 utilities.py:21] ==================================================
I0215 15:36:42.648704 4608964032 utilities.py:50] Total: 2374
I0215 15:36:42.648797 4608964032 utilities.py:51] Correct: 1192
I0215 15:36:42.648861 4608964032 utilities.py:52] Accuracy: 0.5021
I0215 15:36:42.648920 4608964032 utilities.py:53] F1 Score: 0.0101
I0215 15:36:42.648975 4608964032 utilities.py:54] ROC AUC Score: 0.5529
I0215 15:36:42.649028 4608964032 utilities.py:55] Average Precision: 0.5694
I0215 15:36:42.651912 4608964032 utilities.py:63] Classification Report:
              precision    recall  f1-score   support

    negative     0.5011    0.9992    0.6674      1187
    positive     0.8571    0.0051    0.0101      1187

   micro avg     0.5021    0.5021    0.5021      2374
   macro avg     0.6791    0.5021    0.3387      2374
weighted avg     0.6791    0.5021    0.3387      2374

I0215 15:36:42.651991 4608964032 utilities.py:64] ==================================================
I0215 15:36:42.652092 4608964032 main.py:444] Start inference.
I0215 15:36:44.468616 4608964032 utilities.py:21] ==================================================
I0215 15:36:44.477006 4608964032 utilities.py:50] Total: 832
I0215 15:36:44.477104 4608964032 utilities.py:51] Correct: 422
I0215 15:36:44.477169 4608964032 utilities.py:52] Accuracy: 0.5072
I0215 15:36:44.477229 4608964032 utilities.py:53] F1 Score: 0.0284
I0215 15:36:44.477282 4608964032 utilities.py:54] ROC AUC Score: 0.6951
I0215 15:36:44.477334 4608964032 utilities.py:55] Average Precision: 0.7214
I0215 15:36:44.479386 4608964032 utilities.py:63] Classification Report:
              precision    recall  f1-score   support

    negative     0.5036    1.0000    0.6699       416
    positive     1.0000    0.0144    0.0284       416

   micro avg     0.5072    0.5072    0.5072       832
   macro avg     0.7518    0.5072    0.3492       832
weighted avg     0.7518    0.5072    0.3492       832

I0215 15:36:44.479476 4608964032 utilities.py:64] ==================================================
I0215 15:36:44.479546 4608964032 main.py:398] Start training.
I0215 15:36:44.479638 4608964032 dataset.py:128] Resample dataset...
I0215 15:36:44.479695 4608964032 dataset.py:175] Number of instances in labels: 13344
I0215 15:36:44.605782 4608964032 dataset.py:130] Resample dataset completed!
I0215 15:36:51.534437 4608964032 main.py:429] Epoch [5/20], Step [10/19], Loss: 0.684281, Speed: 5.4128 ms
I0215 15:36:57.706849 4608964032 utilities.py:21] ==================================================
I0215 15:36:57.710772 4608964032 utilities.py:50] Total: 2374
I0215 15:36:57.710869 4608964032 utilities.py:51] Correct: 1193
I0215 15:36:57.710933 4608964032 utilities.py:52] Accuracy: 0.5025
I0215 15:36:57.710994 4608964032 utilities.py:53] F1 Score: 0.0117
I0215 15:36:57.711055 4608964032 utilities.py:54] ROC AUC Score: 0.6384
I0215 15:36:57.711112 4608964032 utilities.py:55] Average Precision: 0.6519
I0215 15:36:57.714000 4608964032 utilities.py:63] Classification Report:
              precision    recall  f1-score   support

    negative     0.5013    0.9992    0.6676      1187
    positive     0.8750    0.0059    0.0117      1187

   micro avg     0.5025    0.5025    0.5025      2374
   macro avg     0.6881    0.5025    0.3397      2374
weighted avg     0.6881    0.5025    0.3397      2374

I0215 15:36:57.714078 4608964032 utilities.py:64] ==================================================
I0215 15:36:57.714179 4608964032 main.py:444] Start inference.
I0215 15:36:59.526501 4608964032 utilities.py:21] ==================================================
I0215 15:36:59.529658 4608964032 utilities.py:50] Total: 832
I0215 15:36:59.529755 4608964032 utilities.py:51] Correct: 422
I0215 15:36:59.529821 4608964032 utilities.py:52] Accuracy: 0.5072
I0215 15:36:59.529883 4608964032 utilities.py:53] F1 Score: 0.0284
I0215 15:36:59.529942 4608964032 utilities.py:54] ROC AUC Score: 0.7002
I0215 15:36:59.529998 4608964032 utilities.py:55] Average Precision: 0.7245
I0215 15:36:59.532042 4608964032 utilities.py:63] Classification Report:
              precision    recall  f1-score   support

    negative     0.5036    1.0000    0.6699       416
    positive     1.0000    0.0144    0.0284       416

   micro avg     0.5072    0.5072    0.5072       832
   macro avg     0.7518    0.5072    0.3492       832
weighted avg     0.7518    0.5072    0.3492       832

I0215 15:36:59.532121 4608964032 utilities.py:64] ==================================================
I0215 15:36:59.532196 4608964032 main.py:398] Start training.
I0215 15:36:59.532286 4608964032 dataset.py:128] Resample dataset...
I0215 15:36:59.532350 4608964032 dataset.py:175] Number of instances in labels: 13344
I0215 15:36:59.632715 4608964032 dataset.py:130] Resample dataset completed!
I0215 15:37:06.560199 4608964032 main.py:429] Epoch [6/20], Step [10/19], Loss: 0.709601, Speed: 5.4119 ms
I0215 15:37:12.428635 4608964032 utilities.py:21] ==================================================
I0215 15:37:12.432622 4608964032 utilities.py:50] Total: 2374
I0215 15:37:12.432723 4608964032 utilities.py:51] Correct: 1203
I0215 15:37:12.432790 4608964032 utilities.py:52] Accuracy: 0.5067
I0215 15:37:12.432853 4608964032 utilities.py:53] F1 Score: 0.0314
I0215 15:37:12.432911 4608964032 utilities.py:54] ROC AUC Score: 0.6011
I0215 15:37:12.432968 4608964032 utilities.py:55] Average Precision: 0.5884
I0215 15:37:12.435820 4608964032 utilities.py:63] Classification Report:
              precision    recall  f1-score   support

    negative     0.5034    0.9975    0.6691      1187
    positive     0.8636    0.0160    0.0314      1187

   micro avg     0.5067    0.5067    0.5067      2374
   macro avg     0.6835    0.5067    0.3503      2374
weighted avg     0.6835    0.5067    0.3503      2374

I0215 15:37:12.435909 4608964032 utilities.py:64] ==================================================
I0215 15:37:12.436005 4608964032 main.py:444] Start inference.
I0215 15:37:14.241909 4608964032 utilities.py:21] ==================================================
I0215 15:37:14.245041 4608964032 utilities.py:50] Total: 832
I0215 15:37:14.245131 4608964032 utilities.py:51] Correct: 422
I0215 15:37:14.245193 4608964032 utilities.py:52] Accuracy: 0.5072
I0215 15:37:14.245249 4608964032 utilities.py:53] F1 Score: 0.0284
I0215 15:37:14.245304 4608964032 utilities.py:54] ROC AUC Score: 0.7043
I0215 15:37:14.245356 4608964032 utilities.py:55] Average Precision: 0.7228
I0215 15:37:14.247395 4608964032 utilities.py:63] Classification Report:
              precision    recall  f1-score   support

    negative     0.5036    1.0000    0.6699       416
    positive     1.0000    0.0144    0.0284       416

   micro avg     0.5072    0.5072    0.5072       832
   macro avg     0.7518    0.5072    0.3492       832
weighted avg     0.7518    0.5072    0.3492       832

I0215 15:37:14.247471 4608964032 utilities.py:64] ==================================================
I0215 15:37:14.247540 4608964032 main.py:398] Start training.
I0215 15:37:14.247630 4608964032 dataset.py:128] Resample dataset...
I0215 15:37:14.247686 4608964032 dataset.py:175] Number of instances in labels: 13344
I0215 15:37:14.348455 4608964032 dataset.py:130] Resample dataset completed!
I0215 15:37:21.489589 4608964032 main.py:429] Epoch [7/20], Step [10/19], Loss: 0.658926, Speed: 5.5788 ms
I0215 15:37:27.163579 4608964032 utilities.py:21] ==================================================
I0215 15:37:27.167554 4608964032 utilities.py:50] Total: 2374
I0215 15:37:27.167654 4608964032 utilities.py:51] Correct: 1224
I0215 15:37:27.167725 4608964032 utilities.py:52] Accuracy: 0.5156
I0215 15:37:27.167788 4608964032 utilities.py:53] F1 Score: 0.0696
I0215 15:37:27.167846 4608964032 utilities.py:54] ROC AUC Score: 0.5973
I0215 15:37:27.167906 4608964032 utilities.py:55] Average Precision: 0.6166
I0215 15:37:27.170822 4608964032 utilities.py:63] Classification Report:
              precision    recall  f1-score   support

    negative     0.5080    0.9949    0.6726      1187
    positive     0.8776    0.0362    0.0696      1187

   micro avg     0.5156    0.5156    0.5156      2374
   macro avg     0.6928    0.5156    0.3711      2374
weighted avg     0.6928    0.5156    0.3711      2374

I0215 15:37:27.170902 4608964032 utilities.py:64] ==================================================
I0215 15:37:27.171002 4608964032 main.py:444] Start inference.
I0215 15:37:29.134051 4608964032 utilities.py:21] ==================================================
I0215 15:37:29.137300 4608964032 utilities.py:50] Total: 832
I0215 15:37:29.137402 4608964032 utilities.py:51] Correct: 422
I0215 15:37:29.137470 4608964032 utilities.py:52] Accuracy: 0.5072
I0215 15:37:29.137532 4608964032 utilities.py:53] F1 Score: 0.0284
I0215 15:37:29.137589 4608964032 utilities.py:54] ROC AUC Score: 0.7066
I0215 15:37:29.137645 4608964032 utilities.py:55] Average Precision: 0.7199
I0215 15:37:29.139696 4608964032 utilities.py:63] Classification Report:
              precision    recall  f1-score   support

    negative     0.5036    1.0000    0.6699       416
    positive     1.0000    0.0144    0.0284       416

   micro avg     0.5072    0.5072    0.5072       832
   macro avg     0.7518    0.5072    0.3492       832
weighted avg     0.7518    0.5072    0.3492       832

I0215 15:37:29.139775 4608964032 utilities.py:64] ==================================================
I0215 15:37:29.139847 4608964032 main.py:398] Start training.
I0215 15:37:29.139939 4608964032 dataset.py:128] Resample dataset...
I0215 15:37:29.140004 4608964032 dataset.py:175] Number of instances in labels: 13344
I0215 15:37:29.263662 4608964032 dataset.py:130] Resample dataset completed!
I0215 15:37:36.137443 4608964032 main.py:429] Epoch [8/20], Step [10/19], Loss: 0.656652, Speed: 5.3700 ms
I0215 15:37:41.809577 4608964032 utilities.py:21] ==================================================
I0215 15:37:41.813600 4608964032 utilities.py:50] Total: 2374
I0215 15:37:41.813699 4608964032 utilities.py:51] Correct: 1328
I0215 15:37:41.813763 4608964032 utilities.py:52] Accuracy: 0.5594
I0215 15:37:41.813826 4608964032 utilities.py:53] F1 Score: 0.3380
I0215 15:37:41.813882 4608964032 utilities.py:54] ROC AUC Score: 0.6573
I0215 15:37:41.813936 4608964032 utilities.py:55] Average Precision: 0.6413
I0215 15:37:41.816903 4608964032 utilities.py:63] Classification Report:
              precision    recall  f1-score   support

    negative     0.5356    0.8939    0.6698      1187
    positive     0.6794    0.2249    0.3380      1187

   micro avg     0.5594    0.5594    0.5594      2374
   macro avg     0.6075    0.5594    0.5039      2374
weighted avg     0.6075    0.5594    0.5039      2374

I0215 15:37:41.816978 4608964032 utilities.py:64] ==================================================
I0215 15:37:41.817073 4608964032 main.py:444] Start inference.
I0215 15:37:43.806949 4608964032 utilities.py:21] ==================================================
I0215 15:37:43.810003 4608964032 utilities.py:50] Total: 832
I0215 15:37:43.810091 4608964032 utilities.py:51] Correct: 438
I0215 15:37:43.810156 4608964032 utilities.py:52] Accuracy: 0.5264
I0215 15:37:43.810214 4608964032 utilities.py:53] F1 Score: 0.1086
I0215 15:37:43.810267 4608964032 utilities.py:54] ROC AUC Score: 0.6765
I0215 15:37:43.810321 4608964032 utilities.py:55] Average Precision: 0.6994
I0215 15:37:43.812371 4608964032 utilities.py:63] Classification Report:
              precision    recall  f1-score   support

    negative     0.5136    0.9952    0.6776       416
    positive     0.9231    0.0577    0.1086       416

   micro avg     0.5264    0.5264    0.5264       832
   macro avg     0.7184    0.5264    0.3931       832
weighted avg     0.7184    0.5264    0.3931       832

I0215 15:37:43.812445 4608964032 utilities.py:64] ==================================================
I0215 15:37:43.812516 4608964032 main.py:398] Start training.
I0215 15:37:43.812605 4608964032 dataset.py:128] Resample dataset...
I0215 15:37:43.812663 4608964032 dataset.py:175] Number of instances in labels: 13344
I0215 15:37:43.918296 4608964032 dataset.py:130] Resample dataset completed!
I0215 15:37:50.671689 4608964032 main.py:429] Epoch [9/20], Step [10/19], Loss: 0.640535, Speed: 5.2759 ms
I0215 15:37:56.337425 4608964032 utilities.py:21] ==================================================
I0215 15:37:56.341401 4608964032 utilities.py:50] Total: 2374
I0215 15:37:56.341505 4608964032 utilities.py:51] Correct: 1434
I0215 15:37:56.341574 4608964032 utilities.py:52] Accuracy: 0.6040
I0215 15:37:56.341637 4608964032 utilities.py:53] F1 Score: 0.3824
I0215 15:37:56.341693 4608964032 utilities.py:54] ROC AUC Score: 0.7338
I0215 15:37:56.341748 4608964032 utilities.py:55] Average Precision: 0.7534
I0215 15:37:56.344784 4608964032 utilities.py:63] Classification Report:
              precision    recall  f1-score   support

    negative     0.5606    0.9629    0.7086      1187
    positive     0.8687    0.2452    0.3824      1187

   micro avg     0.6040    0.6040    0.6040      2374
   macro avg     0.7146    0.6040    0.5455      2374
weighted avg     0.7146    0.6040    0.5455      2374

I0215 15:37:56.344863 4608964032 utilities.py:64] ==================================================
I0215 15:37:56.344964 4608964032 main.py:444] Start inference.
I0215 15:37:58.206778 4608964032 utilities.py:21] ==================================================
I0215 15:37:58.209869 4608964032 utilities.py:50] Total: 832
I0215 15:37:58.209974 4608964032 utilities.py:51] Correct: 450
I0215 15:37:58.210057 4608964032 utilities.py:52] Accuracy: 0.5409
I0215 15:37:58.210149 4608964032 utilities.py:53] F1 Score: 0.2042
I0215 15:37:58.210216 4608964032 utilities.py:54] ROC AUC Score: 0.6714
I0215 15:37:58.210277 4608964032 utilities.py:55] Average Precision: 0.6806
I0215 15:37:58.212396 4608964032 utilities.py:63] Classification Report:
              precision    recall  f1-score   support

    negative     0.5221    0.9639    0.6774       416
    positive     0.7656    0.1178    0.2042       416

   micro avg     0.5409    0.5409    0.5409       832
   macro avg     0.6439    0.5409    0.4408       832
weighted avg     0.6439    0.5409    0.4408       832

I0215 15:37:58.212474 4608964032 utilities.py:64] ==================================================
I0215 15:37:58.212544 4608964032 main.py:398] Start training.
I0215 15:37:58.212632 4608964032 dataset.py:128] Resample dataset...
I0215 15:37:58.212690 4608964032 dataset.py:175] Number of instances in labels: 13344
I0215 15:37:58.336034 4608964032 dataset.py:130] Resample dataset completed!
I0215 15:38:05.021054 4608964032 main.py:429] Epoch [10/20], Step [10/19], Loss: 0.666371, Speed: 5.2225 ms
I0215 15:38:10.808893 4608964032 utilities.py:21] ==================================================
I0215 15:38:10.812994 4608964032 utilities.py:50] Total: 2374
I0215 15:38:10.813089 4608964032 utilities.py:51] Correct: 1555
I0215 15:38:10.813152 4608964032 utilities.py:52] Accuracy: 0.6550
I0215 15:38:10.813209 4608964032 utilities.py:53] F1 Score: 0.5432
I0215 15:38:10.813261 4608964032 utilities.py:54] ROC AUC Score: 0.7149
I0215 15:38:10.813313 4608964032 utilities.py:55] Average Precision: 0.7402
I0215 15:38:10.816384 4608964032 utilities.py:63] Classification Report:
              precision    recall  f1-score   support

    negative     0.6041    0.8997    0.7228      1187
    positive     0.8036    0.4103    0.5432      1187

   micro avg     0.6550    0.6550    0.6550      2374
   macro avg     0.7039    0.6550    0.6330      2374
weighted avg     0.7039    0.6550    0.6330      2374

I0215 15:38:10.816458 4608964032 utilities.py:64] ==================================================
I0215 15:38:10.816528 4608964032 main.py:439] Saving model checkpoint...
I0215 15:38:10.818749 4608964032 main.py:444] Start inference.
I0215 15:38:12.745362 4608964032 utilities.py:21] ==================================================
I0215 15:38:12.748400 4608964032 utilities.py:50] Total: 832
I0215 15:38:12.748495 4608964032 utilities.py:51] Correct: 503
I0215 15:38:12.748586 4608964032 utilities.py:52] Accuracy: 0.6046
I0215 15:38:12.748677 4608964032 utilities.py:53] F1 Score: 0.5211
I0215 15:38:12.748739 4608964032 utilities.py:54] ROC AUC Score: 0.6235
I0215 15:38:12.748794 4608964032 utilities.py:55] Average Precision: 0.6612
I0215 15:38:12.751024 4608964032 utilities.py:63] Classification Report:
              precision    recall  f1-score   support

    negative     0.5775    0.7788    0.6633       416
    positive     0.6605    0.4303    0.5211       416

   micro avg     0.6046    0.6046    0.6046       832
   macro avg     0.6190    0.6046    0.5922       832
weighted avg     0.6190    0.6046    0.5922       832

I0215 15:38:12.751181 4608964032 utilities.py:64] ==================================================
I0215 15:38:12.751285 4608964032 main.py:398] Start training.
I0215 15:38:12.751397 4608964032 dataset.py:128] Resample dataset...
I0215 15:38:12.751463 4608964032 dataset.py:175] Number of instances in labels: 13344
I0215 15:38:12.859263 4608964032 dataset.py:130] Resample dataset completed!
I0215 15:38:19.764359 4608964032 main.py:429] Epoch [11/20], Step [10/19], Loss: 0.647058, Speed: 5.3944 ms
I0215 15:38:26.713682 4608964032 utilities.py:21] ==================================================
I0215 15:38:26.717703 4608964032 utilities.py:50] Total: 2374
I0215 15:38:26.717816 4608964032 utilities.py:51] Correct: 1480
I0215 15:38:26.717886 4608964032 utilities.py:52] Accuracy: 0.6234
I0215 15:38:26.717949 4608964032 utilities.py:53] F1 Score: 0.4672
I0215 15:38:26.718031 4608964032 utilities.py:54] ROC AUC Score: 0.7164
I0215 15:38:26.718115 4608964032 utilities.py:55] Average Precision: 0.7281
I0215 15:38:26.721246 4608964032 utilities.py:63] Classification Report:
              precision    recall  f1-score   support

    negative     0.5778    0.9166    0.7088      1187
    positive     0.7984    0.3302    0.4672      1187

   micro avg     0.6234    0.6234    0.6234      2374
   macro avg     0.6881    0.6234    0.5880      2374
weighted avg     0.6881    0.6234    0.5880      2374

I0215 15:38:26.721367 4608964032 utilities.py:64] ==================================================
I0215 15:38:26.721472 4608964032 main.py:444] Start inference.
I0215 15:38:28.905652 4608964032 utilities.py:21] ==================================================
I0215 15:38:28.908739 4608964032 utilities.py:50] Total: 832
I0215 15:38:28.908833 4608964032 utilities.py:51] Correct: 501
I0215 15:38:28.908894 4608964032 utilities.py:52] Accuracy: 0.6022
I0215 15:38:28.908951 4608964032 utilities.py:53] F1 Score: 0.4583
I0215 15:38:28.909005 4608964032 utilities.py:54] ROC AUC Score: 0.6530
I0215 15:38:28.909057 4608964032 utilities.py:55] Average Precision: 0.6763
I0215 15:38:28.911195 4608964032 utilities.py:63] Classification Report:
              precision    recall  f1-score   support

    negative     0.5667    0.8678    0.6857       416
    positive     0.7179    0.3365    0.4583       416

   micro avg     0.6022    0.6022    0.6022       832
   macro avg     0.6423    0.6022    0.5720       832
weighted avg     0.6423    0.6022    0.5720       832

I0215 15:38:28.911270 4608964032 utilities.py:64] ==================================================
I0215 15:38:28.911344 4608964032 main.py:398] Start training.
I0215 15:38:28.911433 4608964032 dataset.py:128] Resample dataset...
I0215 15:38:28.911493 4608964032 dataset.py:175] Number of instances in labels: 13344
I0215 15:38:29.035197 4608964032 dataset.py:130] Resample dataset completed!
I0215 15:38:36.358497 4608964032 main.py:429] Epoch [12/20], Step [10/19], Loss: 0.574848, Speed: 5.7212 ms
I0215 15:38:42.485676 4608964032 utilities.py:21] ==================================================
I0215 15:38:42.489701 4608964032 utilities.py:50] Total: 2374
I0215 15:38:42.489796 4608964032 utilities.py:51] Correct: 1640
I0215 15:38:42.489861 4608964032 utilities.py:52] Accuracy: 0.6908
I0215 15:38:42.489919 4608964032 utilities.py:53] F1 Score: 0.6278
I0215 15:38:42.489974 4608964032 utilities.py:54] ROC AUC Score: 0.7480
I0215 15:38:42.490032 4608964032 utilities.py:55] Average Precision: 0.7749
I0215 15:38:42.493155 4608964032 utilities.py:63] Classification Report:
              precision    recall  f1-score   support

    negative     0.6425    0.8602    0.7356      1187
    positive     0.7885    0.5215    0.6278      1187

   micro avg     0.6908    0.6908    0.6908      2374
   macro avg     0.7155    0.6908    0.6817      2374
weighted avg     0.7155    0.6908    0.6817      2374

I0215 15:38:42.493230 4608964032 utilities.py:64] ==================================================
I0215 15:38:42.493326 4608964032 main.py:444] Start inference.
I0215 15:38:44.686439 4608964032 utilities.py:21] ==================================================
I0215 15:38:44.689543 4608964032 utilities.py:50] Total: 832
I0215 15:38:44.689637 4608964032 utilities.py:51] Correct: 489
I0215 15:38:44.689701 4608964032 utilities.py:52] Accuracy: 0.5877
I0215 15:38:44.689758 4608964032 utilities.py:53] F1 Score: 0.3972
I0215 15:38:44.689810 4608964032 utilities.py:54] ROC AUC Score: 0.6620
I0215 15:38:44.689861 4608964032 utilities.py:55] Average Precision: 0.6784
I0215 15:38:44.691973 4608964032 utilities.py:63] Classification Report:
              precision    recall  f1-score   support

    negative     0.5538    0.9038    0.6868       416
    positive     0.7386    0.2716    0.3972       416

   micro avg     0.5877    0.5877    0.5877       832
   macro avg     0.6462    0.5877    0.5420       832
weighted avg     0.6462    0.5877    0.5420       832

I0215 15:38:44.692047 4608964032 utilities.py:64] ==================================================
I0215 15:38:44.692117 4608964032 main.py:398] Start training.
I0215 15:38:44.692204 4608964032 dataset.py:128] Resample dataset...
I0215 15:38:44.692261 4608964032 dataset.py:175] Number of instances in labels: 13344
I0215 15:38:44.792827 4608964032 dataset.py:130] Resample dataset completed!
I0215 15:38:52.176602 4608964032 main.py:429] Epoch [13/20], Step [10/19], Loss: 0.614306, Speed: 5.7684 ms
I0215 15:38:58.997073 4608964032 utilities.py:21] ==================================================
I0215 15:38:59.003252 4608964032 utilities.py:50] Total: 2374
I0215 15:38:59.003585 4608964032 utilities.py:51] Correct: 1619
I0215 15:38:59.003795 4608964032 utilities.py:52] Accuracy: 0.6820
I0215 15:38:59.003974 4608964032 utilities.py:53] F1 Score: 0.6114
I0215 15:38:59.004147 4608964032 utilities.py:54] ROC AUC Score: 0.7588
I0215 15:38:59.004315 4608964032 utilities.py:55] Average Precision: 0.7749
I0215 15:38:59.007596 4608964032 utilities.py:63] Classification Report:
              precision    recall  f1-score   support

    negative     0.6335    0.8635    0.7308      1187
    positive     0.7857    0.5004    0.6114      1187

   micro avg     0.6820    0.6820    0.6820      2374
   macro avg     0.7096    0.6820    0.6711      2374
weighted avg     0.7096    0.6820    0.6711      2374

I0215 15:38:59.007745 4608964032 utilities.py:64] ==================================================
I0215 15:38:59.007930 4608964032 main.py:444] Start inference.
I0215 15:39:01.059166 4608964032 utilities.py:21] ==================================================
I0215 15:39:01.062475 4608964032 utilities.py:50] Total: 832
I0215 15:39:01.062582 4608964032 utilities.py:51] Correct: 500
I0215 15:39:01.062725 4608964032 utilities.py:52] Accuracy: 0.6010
I0215 15:39:01.062811 4608964032 utilities.py:53] F1 Score: 0.4392
I0215 15:39:01.062928 4608964032 utilities.py:54] ROC AUC Score: 0.6559
I0215 15:39:01.063015 4608964032 utilities.py:55] Average Precision: 0.6773
I0215 15:39:01.065178 4608964032 utilities.py:63] Classification Report:
              precision    recall  f1-score   support

    negative     0.5640    0.8894    0.6903       416
    positive     0.7386    0.3125    0.4392       416

   micro avg     0.6010    0.6010    0.6010       832
   macro avg     0.6513    0.6010    0.5647       832
weighted avg     0.6513    0.6010    0.5647       832

I0215 15:39:01.065258 4608964032 utilities.py:64] ==================================================
I0215 15:39:01.065335 4608964032 main.py:398] Start training.
I0215 15:39:01.065426 4608964032 dataset.py:128] Resample dataset...
I0215 15:39:01.065487 4608964032 dataset.py:175] Number of instances in labels: 13344
I0215 15:39:01.171855 4608964032 dataset.py:130] Resample dataset completed!
I0215 15:39:08.121479 4608964032 main.py:429] Epoch [14/20], Step [10/19], Loss: 0.615638, Speed: 5.4292 ms
I0215 15:39:14.011203 4608964032 utilities.py:21] ==================================================
I0215 15:39:14.015180 4608964032 utilities.py:50] Total: 2374
I0215 15:39:14.015280 4608964032 utilities.py:51] Correct: 1634
I0215 15:39:14.015351 4608964032 utilities.py:52] Accuracy: 0.6883
I0215 15:39:14.015413 4608964032 utilities.py:53] F1 Score: 0.6247
I0215 15:39:14.015470 4608964032 utilities.py:54] ROC AUC Score: 0.7607
I0215 15:39:14.015527 4608964032 utilities.py:55] Average Precision: 0.7849
I0215 15:39:14.018656 4608964032 utilities.py:63] Classification Report:
              precision    recall  f1-score   support

    negative     0.6407    0.8576    0.7334      1187
    positive     0.7847    0.5190    0.6247      1187

   micro avg     0.6883    0.6883    0.6883      2374
   macro avg     0.7127    0.6883    0.6791      2374
weighted avg     0.7127    0.6883    0.6791      2374

I0215 15:39:14.018736 4608964032 utilities.py:64] ==================================================
I0215 15:39:14.018836 4608964032 main.py:444] Start inference.
I0215 15:39:16.143666 4608964032 utilities.py:21] ==================================================
I0215 15:39:16.146719 4608964032 utilities.py:50] Total: 832
I0215 15:39:16.146819 4608964032 utilities.py:51] Correct: 503
I0215 15:39:16.146888 4608964032 utilities.py:52] Accuracy: 0.6046
I0215 15:39:16.146965 4608964032 utilities.py:53] F1 Score: 0.4452
I0215 15:39:16.147020 4608964032 utilities.py:54] ROC AUC Score: 0.6594
I0215 15:39:16.147077 4608964032 utilities.py:55] Average Precision: 0.6802
I0215 15:39:16.149219 4608964032 utilities.py:63] Classification Report:
              precision    recall  f1-score   support

    negative     0.5664    0.8918    0.6928       416
    positive     0.7458    0.3173    0.4452       416

   micro avg     0.6046    0.6046    0.6046       832
   macro avg     0.6561    0.6046    0.5690       832
weighted avg     0.6561    0.6046    0.5690       832

I0215 15:39:16.149296 4608964032 utilities.py:64] ==================================================
I0215 15:39:16.149369 4608964032 main.py:398] Start training.
I0215 15:39:16.149456 4608964032 dataset.py:128] Resample dataset...
I0215 15:39:16.149517 4608964032 dataset.py:175] Number of instances in labels: 13344
I0215 15:39:16.274955 4608964032 dataset.py:130] Resample dataset completed!
I0215 15:39:23.253638 4608964032 main.py:429] Epoch [15/20], Step [10/19], Loss: 0.641662, Speed: 5.4519 ms
I0215 15:39:28.976563 4608964032 utilities.py:21] ==================================================
I0215 15:39:28.980631 4608964032 utilities.py:50] Total: 2374
I0215 15:39:28.980738 4608964032 utilities.py:51] Correct: 1632
I0215 15:39:28.980808 4608964032 utilities.py:52] Accuracy: 0.6874
I0215 15:39:28.980872 4608964032 utilities.py:53] F1 Score: 0.6230
I0215 15:39:28.980931 4608964032 utilities.py:54] ROC AUC Score: 0.7559
I0215 15:39:28.981009 4608964032 utilities.py:55] Average Precision: 0.7688
I0215 15:39:28.984183 4608964032 utilities.py:63] Classification Report:
              precision    recall  f1-score   support

    negative     0.6397    0.8585    0.7331      1187
    positive     0.7849    0.5164    0.6230      1187

   micro avg     0.6874    0.6874    0.6874      2374
   macro avg     0.7123    0.6874    0.6780      2374
weighted avg     0.7123    0.6874    0.6780      2374

I0215 15:39:28.984263 4608964032 utilities.py:64] ==================================================
I0215 15:39:28.984366 4608964032 main.py:444] Start inference.
I0215 15:39:30.882762 4608964032 utilities.py:21] ==================================================
I0215 15:39:30.885785 4608964032 utilities.py:50] Total: 832
I0215 15:39:30.885883 4608964032 utilities.py:51] Correct: 503
I0215 15:39:30.885948 4608964032 utilities.py:52] Accuracy: 0.6046
I0215 15:39:30.886010 4608964032 utilities.py:53] F1 Score: 0.4702
I0215 15:39:30.886069 4608964032 utilities.py:54] ROC AUC Score: 0.6553
I0215 15:39:30.886125 4608964032 utilities.py:55] Average Precision: 0.6780
I0215 15:39:30.888252 4608964032 utilities.py:63] Classification Report:
              precision    recall  f1-score   support

    negative     0.5694    0.8582    0.6846       416
    positive     0.7122    0.3510    0.4702       416

   micro avg     0.6046    0.6046    0.6046       832
   macro avg     0.6408    0.6046    0.5774       832
weighted avg     0.6408    0.6046    0.5774       832

I0215 15:39:30.888330 4608964032 utilities.py:64] ==================================================
I0215 15:39:30.888403 4608964032 main.py:398] Start training.
I0215 15:39:30.888494 4608964032 dataset.py:128] Resample dataset...
I0215 15:39:30.888555 4608964032 dataset.py:175] Number of instances in labels: 13344
I0215 15:39:30.989926 4608964032 dataset.py:130] Resample dataset completed!
I0215 15:39:37.879147 4608964032 main.py:429] Epoch [16/20], Step [10/19], Loss: 0.642262, Speed: 5.3820 ms
I0215 15:39:43.826745 4608964032 utilities.py:21] ==================================================
I0215 15:39:43.831073 4608964032 utilities.py:50] Total: 2374
I0215 15:39:43.831187 4608964032 utilities.py:51] Correct: 1640
I0215 15:39:43.831260 4608964032 utilities.py:52] Accuracy: 0.6908
I0215 15:39:43.831324 4608964032 utilities.py:53] F1 Score: 0.6366
I0215 15:39:43.831384 4608964032 utilities.py:54] ROC AUC Score: 0.7542
I0215 15:39:43.831439 4608964032 utilities.py:55] Average Precision: 0.7702
I0215 15:39:43.834544 4608964032 utilities.py:63] Classification Report:
              precision    recall  f1-score   support

    negative     0.6470    0.8399    0.7309      1187
    positive     0.7719    0.5417    0.6366      1187

   micro avg     0.6908    0.6908    0.6908      2374
   macro avg     0.7094    0.6908    0.6838      2374
weighted avg     0.7094    0.6908    0.6838      2374

I0215 15:39:43.834622 4608964032 utilities.py:64] ==================================================
I0215 15:39:43.834724 4608964032 main.py:444] Start inference.
I0215 15:39:45.997530 4608964032 utilities.py:21] ==================================================
I0215 15:39:46.000705 4608964032 utilities.py:50] Total: 832
I0215 15:39:46.000809 4608964032 utilities.py:51] Correct: 493
I0215 15:39:46.000875 4608964032 utilities.py:52] Accuracy: 0.5925
I0215 15:39:46.000934 4608964032 utilities.py:53] F1 Score: 0.4165
I0215 15:39:46.000993 4608964032 utilities.py:54] ROC AUC Score: 0.6625
I0215 15:39:46.001047 4608964032 utilities.py:55] Average Precision: 0.6818
I0215 15:39:46.003200 4608964032 utilities.py:63] Classification Report:
              precision    recall  f1-score   support

    negative     0.5577    0.8942    0.6870       416
    positive     0.7333    0.2909    0.4165       416

   micro avg     0.5925    0.5925    0.5925       832
   macro avg     0.6455    0.5925    0.5518       832
weighted avg     0.6455    0.5925    0.5518       832

I0215 15:39:46.003276 4608964032 utilities.py:64] ==================================================
I0215 15:39:46.003350 4608964032 main.py:398] Start training.
I0215 15:39:46.003439 4608964032 dataset.py:128] Resample dataset...
I0215 15:39:46.003499 4608964032 dataset.py:175] Number of instances in labels: 13344
I0215 15:39:46.130718 4608964032 dataset.py:130] Resample dataset completed!
I0215 15:39:53.463281 4608964032 main.py:429] Epoch [17/20], Step [10/19], Loss: 0.565658, Speed: 5.7284 ms
I0215 15:39:59.057329 4608964032 utilities.py:21] ==================================================
I0215 15:39:59.061332 4608964032 utilities.py:50] Total: 2374
I0215 15:39:59.061434 4608964032 utilities.py:51] Correct: 1597
I0215 15:39:59.061501 4608964032 utilities.py:52] Accuracy: 0.6727
I0215 15:39:59.061565 4608964032 utilities.py:53] F1 Score: 0.5955
I0215 15:39:59.061623 4608964032 utilities.py:54] ROC AUC Score: 0.7470
I0215 15:39:59.061681 4608964032 utilities.py:55] Average Precision: 0.7726
I0215 15:39:59.064811 4608964032 utilities.py:63] Classification Report:
              precision    recall  f1-score   support

    negative     0.6250    0.8635    0.7252      1187
    positive     0.7793    0.4819    0.5955      1187

   micro avg     0.6727    0.6727    0.6727      2374
   macro avg     0.7021    0.6727    0.6603      2374
weighted avg     0.7021    0.6727    0.6603      2374

I0215 15:39:59.064891 4608964032 utilities.py:64] ==================================================
I0215 15:39:59.064996 4608964032 main.py:444] Start inference.
I0215 15:40:00.985347 4608964032 utilities.py:21] ==================================================
I0215 15:40:00.988738 4608964032 utilities.py:50] Total: 832
I0215 15:40:00.988850 4608964032 utilities.py:51] Correct: 492
I0215 15:40:00.988919 4608964032 utilities.py:52] Accuracy: 0.5913
I0215 15:40:00.988983 4608964032 utilities.py:53] F1 Score: 0.4118
I0215 15:40:00.989040 4608964032 utilities.py:54] ROC AUC Score: 0.6636
I0215 15:40:00.989095 4608964032 utilities.py:55] Average Precision: 0.6823
I0215 15:40:00.991369 4608964032 utilities.py:63] Classification Report:
              precision    recall  f1-score   support

    negative     0.5567    0.8966    0.6869       416
    positive     0.7346    0.2861    0.4118       416

   micro avg     0.5913    0.5913    0.5913       832
   macro avg     0.6456    0.5913    0.5493       832
weighted avg     0.6456    0.5913    0.5493       832

I0215 15:40:00.991498 4608964032 utilities.py:64] ==================================================
I0215 15:40:00.991585 4608964032 main.py:398] Start training.
I0215 15:40:00.991740 4608964032 dataset.py:128] Resample dataset...
I0215 15:40:00.991806 4608964032 dataset.py:175] Number of instances in labels: 13344
I0215 15:40:01.095264 4608964032 dataset.py:130] Resample dataset completed!
I0215 15:40:08.600252 4608964032 main.py:429] Epoch [18/20], Step [10/19], Loss: 0.583514, Speed: 5.8630 ms
I0215 15:40:15.465720 4608964032 utilities.py:21] ==================================================
I0215 15:40:15.469815 4608964032 utilities.py:50] Total: 2374
I0215 15:40:15.469918 4608964032 utilities.py:51] Correct: 1623
I0215 15:40:15.469982 4608964032 utilities.py:52] Accuracy: 0.6837
I0215 15:40:15.470042 4608964032 utilities.py:53] F1 Score: 0.6095
I0215 15:40:15.470095 4608964032 utilities.py:54] ROC AUC Score: 0.7435
I0215 15:40:15.470150 4608964032 utilities.py:55] Average Precision: 0.7746
I0215 15:40:15.473292 4608964032 utilities.py:63] Classification Report:
              precision    recall  f1-score   support

    negative     0.6331    0.8736    0.7342      1187
    positive     0.7962    0.4937    0.6095      1187

   micro avg     0.6837    0.6837    0.6837      2374
   macro avg     0.7146    0.6837    0.6718      2374
weighted avg     0.7146    0.6837    0.6718      2374

I0215 15:40:15.473379 4608964032 utilities.py:64] ==================================================
I0215 15:40:15.473478 4608964032 main.py:444] Start inference.
I0215 15:40:17.572858 4608964032 utilities.py:21] ==================================================
I0215 15:40:17.575920 4608964032 utilities.py:50] Total: 832
I0215 15:40:17.576015 4608964032 utilities.py:51] Correct: 492
I0215 15:40:17.576079 4608964032 utilities.py:52] Accuracy: 0.5913
I0215 15:40:17.576138 4608964032 utilities.py:53] F1 Score: 0.4158
I0215 15:40:17.576193 4608964032 utilities.py:54] ROC AUC Score: 0.6633
I0215 15:40:17.576243 4608964032 utilities.py:55] Average Precision: 0.6824
I0215 15:40:17.578356 4608964032 utilities.py:63] Classification Report:
              precision    recall  f1-score   support

    negative     0.5571    0.8918    0.6858       416
    positive     0.7289    0.2909    0.4158       416

   micro avg     0.5913    0.5913    0.5913       832
   macro avg     0.6430    0.5913    0.5508       832
weighted avg     0.6430    0.5913    0.5508       832

I0215 15:40:17.578443 4608964032 utilities.py:64] ==================================================
I0215 15:40:17.578516 4608964032 main.py:398] Start training.
I0215 15:40:17.578605 4608964032 dataset.py:128] Resample dataset...
I0215 15:40:17.578663 4608964032 dataset.py:175] Number of instances in labels: 13344
I0215 15:40:17.680747 4608964032 dataset.py:130] Resample dataset completed!
I0215 15:40:25.702601 4608964032 main.py:429] Epoch [19/20], Step [10/19], Loss: 0.641875, Speed: 6.2669 ms
I0215 15:40:31.267230 4608964032 utilities.py:21] ==================================================
I0215 15:40:31.271154 4608964032 utilities.py:50] Total: 2374
I0215 15:40:31.271258 4608964032 utilities.py:51] Correct: 1658
I0215 15:40:31.271326 4608964032 utilities.py:52] Accuracy: 0.6984
I0215 15:40:31.271386 4608964032 utilities.py:53] F1 Score: 0.6409
I0215 15:40:31.271440 4608964032 utilities.py:54] ROC AUC Score: 0.7626
I0215 15:40:31.271497 4608964032 utilities.py:55] Average Precision: 0.7764
I0215 15:40:31.274544 4608964032 utilities.py:63] Classification Report:
              precision    recall  f1-score   support

    negative     0.6503    0.8585    0.7400      1187
    positive     0.7918    0.5383    0.6409      1187

   micro avg     0.6984    0.6984    0.6984      2374
   macro avg     0.7211    0.6984    0.6905      2374
weighted avg     0.7211    0.6984    0.6905      2374

I0215 15:40:31.274622 4608964032 utilities.py:64] ==================================================
I0215 15:40:31.274724 4608964032 main.py:444] Start inference.
I0215 15:40:33.095798 4608964032 utilities.py:21] ==================================================
I0215 15:40:33.098842 4608964032 utilities.py:50] Total: 832
I0215 15:40:33.098953 4608964032 utilities.py:51] Correct: 494
I0215 15:40:33.099020 4608964032 utilities.py:52] Accuracy: 0.5938
I0215 15:40:33.099081 4608964032 utilities.py:53] F1 Score: 0.4212
I0215 15:40:33.099134 4608964032 utilities.py:54] ROC AUC Score: 0.6625
I0215 15:40:33.099186 4608964032 utilities.py:55] Average Precision: 0.6825
I0215 15:40:33.101296 4608964032 utilities.py:63] Classification Report:
              precision    recall  f1-score   support

    negative     0.5587    0.8918    0.6870       416
    positive     0.7321    0.2957    0.4212       416

   micro avg     0.5938    0.5938    0.5938       832
   macro avg     0.6454    0.5938    0.5541       832
weighted avg     0.6454    0.5938    0.5541       832

I0215 15:40:33.101372 4608964032 utilities.py:64] ==================================================
I0215 15:40:33.101443 4608964032 main.py:398] Start training.
I0215 15:40:33.101531 4608964032 dataset.py:128] Resample dataset...
I0215 15:40:33.101589 4608964032 dataset.py:175] Number of instances in labels: 13344
I0215 15:40:33.226613 4608964032 dataset.py:130] Resample dataset completed!
I0215 15:40:40.790378 4608964032 main.py:429] Epoch [20/20], Step [10/19], Loss: 0.606460, Speed: 5.9090 ms
I0215 15:40:47.063699 4608964032 utilities.py:21] ==================================================
I0215 15:40:47.067812 4608964032 utilities.py:50] Total: 2374
I0215 15:40:47.067904 4608964032 utilities.py:51] Correct: 1690
I0215 15:40:47.067967 4608964032 utilities.py:52] Accuracy: 0.7119
I0215 15:40:47.068026 4608964032 utilities.py:53] F1 Score: 0.6538
I0215 15:40:47.068083 4608964032 utilities.py:54] ROC AUC Score: 0.7761
I0215 15:40:47.068139 4608964032 utilities.py:55] Average Precision: 0.7949
I0215 15:40:47.071341 4608964032 utilities.py:63] Classification Report:
              precision    recall  f1-score   support

    negative     0.6587    0.8795    0.7532      1187
    positive     0.8188    0.5442    0.6538      1187

   micro avg     0.7119    0.7119    0.7119      2374
   macro avg     0.7387    0.7119    0.7035      2374
weighted avg     0.7387    0.7119    0.7035      2374

I0215 15:40:47.071418 4608964032 utilities.py:64] ==================================================
I0215 15:40:47.071491 4608964032 main.py:439] Saving model checkpoint...
I0215 15:40:47.076677 4608964032 main.py:444] Start inference.
I0215 15:40:49.027297 4608964032 utilities.py:21] ==================================================
I0215 15:40:49.030677 4608964032 utilities.py:50] Total: 832
I0215 15:40:49.030790 4608964032 utilities.py:51] Correct: 491
I0215 15:40:49.030858 4608964032 utilities.py:52] Accuracy: 0.5901
I0215 15:40:49.030917 4608964032 utilities.py:53] F1 Score: 0.4111
I0215 15:40:49.030970 4608964032 utilities.py:54] ROC AUC Score: 0.6637
I0215 15:40:49.031024 4608964032 utilities.py:55] Average Precision: 0.6826
I0215 15:40:49.033226 4608964032 utilities.py:63] Classification Report:
              precision    recall  f1-score   support

    negative     0.5561    0.8942    0.6857       416
    positive     0.7301    0.2861    0.4111       416

   micro avg     0.5901    0.5901    0.5901       832
   macro avg     0.6431    0.5901    0.5484       832
weighted avg     0.6431    0.5901    0.5484       832

I0215 15:40:49.033334 4608964032 utilities.py:64] ==================================================
I0215 15:40:49.033411 4608964032 main.py:470] Train/Eval completed.
