I0215 15:13:44.651867 4587980224 main.py:527] Saved model parameters:
I0215 15:13:44.652060 4587980224 main.py:529] 0: model_type=rnn
I0215 15:13:44.652122 4587980224 main.py:529] 1: input_size=256
I0215 15:13:44.652175 4587980224 main.py:529] 2: rnn_hidden_size=256
I0215 15:13:44.652222 4587980224 main.py:529] 3: use_attention=False
I0215 15:13:44.652270 4587980224 main.py:529] 4: rnn_type=lstm
I0215 15:13:44.652315 4587980224 main.py:529] 5: rnn_layers=1
I0215 15:13:44.652360 4587980224 main.py:529] 6: rnn_dropout=0.0
I0215 15:13:44.652406 4587980224 main.py:529] 7: rnn_bidirectional=True
I0215 15:13:44.652451 4587980224 main.py:529] 8: standardize=True
I0215 15:13:44.652496 4587980224 main.py:529] 9: block_size=6
I0215 15:13:44.652540 4587980224 main.py:529] 10: history_window=56
I0215 15:13:44.652585 4587980224 main.py:529] 11: prediction_window=4
I0215 15:13:44.652631 4587980224 main.py:529] 12: target_label=death
I0215 15:13:44.652675 4587980224 main.py:529] 13: data_dir=./data
I0215 15:13:44.652720 4587980224 main.py:529] 14: lr_pooling=mean
I0215 15:13:44.652763 4587980224 main.py:529] 15: save_per_epochs=10
I0215 15:13:44.652815 4587980224 main.py:545] Mode: Train/Eval pipeline
I0215 15:13:44.652985 4587980224 main.py:313] 0: code/main.py
I0215 15:13:44.653040 4587980224 main.py:313] 1: --phase=pipeline
I0215 15:13:44.653086 4587980224 main.py:313] 2: --model_type=rnn
I0215 15:13:44.653133 4587980224 main.py:313] 3: --rnn_type=lstm
I0215 15:13:44.653178 4587980224 main.py:313] 4: --rnn_bidirectional
I0215 15:13:44.653223 4587980224 main.py:313] 5: --nouse_attention
I0215 15:13:44.653269 4587980224 main.py:313] 6: --batch_size=128
I0215 15:13:44.653314 4587980224 main.py:313] 7: --input_size=256
I0215 15:13:44.653359 4587980224 main.py:313] 8: --rnn_hidden_size=256
I0215 15:13:44.653409 4587980224 main.py:313] 9: --num_epochs=20
I0215 15:13:44.653455 4587980224 main.py:313] 10: --learning_rate=1e-3
I0215 15:13:44.653501 4587980224 main.py:313] 11: --train_data_split=train
I0215 15:13:44.653551 4587980224 main.py:313] 12: --eval_data_split=val
I0215 15:13:44.653595 4587980224 main.py:313] 13: --data_dir=./data
I0215 15:13:44.653640 4587980224 main.py:313] 14: --target_label=death
I0215 15:13:44.653686 4587980224 main.py:313] 15: --block_size=6
I0215 15:13:44.653732 4587980224 main.py:313] 16: --history_window=56
I0215 15:13:44.653776 4587980224 main.py:313] 17: --prediction_window=4
I0215 15:13:44.653850 4587980224 main.py:313] 18: --train_dataset_size=0
I0215 15:13:44.653894 4587980224 main.py:313] 19: --eval_dataset_size=0
I0215 15:13:44.653939 4587980224 main.py:313] 20: --rnn_layers=1
I0215 15:13:44.653985 4587980224 main.py:313] 21: --rnn_dropout=0
I0215 15:13:44.654030 4587980224 main.py:313] 22: --standardize
I0215 15:13:44.654092 4587980224 main.py:313] 23: --checkpoint_dir=./experiments
I0215 15:13:44.654138 4587980224 main.py:313] 24: --experiment_name=exp_2_b
